2025-09-22 22:36:45,565 [INFO] Pobrano 37 spółek. Czas: 0:00:04.206604
2025-09-22 22:36:45,684 [INFO] Pobieram RSS: https://news.google.com/rss/search?q=ACHC+stock&hl=en-US&gl=US&ceid=US:en
2025-09-22 22:36:46,609 [INFO] RSS: znaleziono 100 pozycji dla ACHC
2025-09-22 22:36:46,610 [INFO] Pobieram RSS: https://news.google.com/rss/search?q=ACIW+stock&hl=en-US&gl=US&ceid=US:en
2025-09-22 22:36:47,331 [INFO] RSS: znaleziono 86 pozycji dla ACIW
2025-09-22 22:36:47,332 [INFO] Pobieram RSS: https://news.google.com/rss/search?q=ACMR+stock&hl=en-US&gl=US&ceid=US:en
2025-09-22 22:36:48,186 [INFO] RSS: znaleziono 100 pozycji dla ACMR
2025-09-22 22:36:48,189 [INFO] Pobieram RSS: https://news.google.com/rss/search?q=APLD+stock&hl=en-US&gl=US&ceid=US:en
2025-09-22 22:36:49,080 [INFO] RSS: znaleziono 100 pozycji dla APLD
2025-09-22 22:36:49,081 [INFO] Pobieram RSS: https://news.google.com/rss/search?q=ASO+stock&hl=en-US&gl=US&ceid=US:en
2025-09-22 22:36:49,956 [INFO] RSS: znaleziono 100 pozycji dla ASO
2025-09-22 22:36:49,957 [INFO] Pobieram RSS: https://news.google.com/rss/search?q=BHF+stock&hl=en-US&gl=US&ceid=US:en
2025-09-22 22:36:50,820 [INFO] RSS: znaleziono 100 pozycji dla BHF
2025-09-22 22:36:50,821 [INFO] Pobieram RSS: https://news.google.com/rss/search?q=BTDR+stock&hl=en-US&gl=US&ceid=US:en
2025-09-22 22:36:51,573 [INFO] RSS: znaleziono 100 pozycji dla BTDR
2025-09-22 22:36:51,574 [INFO] Pobieram RSS: https://news.google.com/rss/search?q=CARG+stock&hl=en-US&gl=US&ceid=US:en
2025-09-22 22:36:52,448 [INFO] RSS: znaleziono 100 pozycji dla CARG
2025-09-22 22:36:52,448 [INFO] Pobieram RSS: https://news.google.com/rss/search?q=CHYM+stock&hl=en-US&gl=US&ceid=US:en
2025-09-22 22:36:53,341 [INFO] RSS: znaleziono 100 pozycji dla CHYM
2025-09-22 22:36:53,342 [INFO] Pobieram RSS: https://news.google.com/rss/search?q=COCO+stock&hl=en-US&gl=US&ceid=US:en
2025-09-22 22:36:54,187 [INFO] RSS: znaleziono 100 pozycji dla COCO
2025-09-22 22:36:54,188 [INFO] Pobieram RSS: https://news.google.com/rss/search?q=CRUS+stock&hl=en-US&gl=US&ceid=US:en
2025-09-22 22:36:54,802 [INFO] RSS: znaleziono 74 pozycji dla CRUS
2025-09-22 22:36:54,802 [INFO] Pobieram RSS: https://news.google.com/rss/search?q=CWST+stock&hl=en-US&gl=US&ceid=US:en
2025-09-22 22:36:55,473 [INFO] RSS: znaleziono 99 pozycji dla CWST
2025-09-22 22:36:55,474 [INFO] Pobieram RSS: https://news.google.com/rss/search?q=EEFT+stock&hl=en-US&gl=US&ceid=US:en
2025-09-22 22:36:56,113 [INFO] RSS: znaleziono 85 pozycji dla EEFT
2025-09-22 22:36:56,114 [INFO] Pobieram RSS: https://news.google.com/rss/search?q=EOSE+stock&hl=en-US&gl=US&ceid=US:en
2025-09-22 22:36:56,936 [INFO] RSS: znaleziono 100 pozycji dla EOSE
2025-09-22 22:36:56,936 [INFO] Pobieram RSS: https://news.google.com/rss/search?q=ETNB+stock&hl=en-US&gl=US&ceid=US:en
2025-09-22 22:36:57,632 [INFO] RSS: znaleziono 100 pozycji dla ETNB
2025-09-22 22:36:57,633 [INFO] Pobieram RSS: https://news.google.com/rss/search?q=FORM+stock&hl=en-US&gl=US&ceid=US:en
2025-09-22 22:36:58,368 [INFO] RSS: znaleziono 100 pozycji dla FORM
2025-09-22 22:36:58,368 [INFO] Pobieram RSS: https://news.google.com/rss/search?q=GGAL+stock&hl=en-US&gl=US&ceid=US:en
2025-09-22 22:36:59,112 [INFO] RSS: znaleziono 100 pozycji dla GGAL
2025-09-22 22:36:59,113 [INFO] Pobieram RSS: https://news.google.com/rss/search?q=IAC+stock&hl=en-US&gl=US&ceid=US:en
2025-09-22 22:36:59,985 [INFO] RSS: znaleziono 100 pozycji dla IAC
2025-09-22 22:36:59,986 [INFO] Pobieram RSS: https://news.google.com/rss/search?q=ITRI+stock&hl=en-US&gl=US&ceid=US:en
2025-09-22 22:37:00,731 [INFO] RSS: znaleziono 100 pozycji dla ITRI
2025-09-22 22:37:00,732 [INFO] Pobieram RSS: https://news.google.com/rss/search?q=MARA+stock&hl=en-US&gl=US&ceid=US:en
2025-09-22 22:37:01,572 [INFO] RSS: znaleziono 100 pozycji dla MARA
2025-09-22 22:37:01,573 [INFO] Pobieram RSS: https://news.google.com/rss/search?q=MEOH+stock&hl=en-US&gl=US&ceid=US:en
2025-09-22 22:37:02,339 [INFO] RSS: znaleziono 100 pozycji dla MEOH
2025-09-22 22:37:02,340 [INFO] Pobieram RSS: https://news.google.com/rss/search?q=MIRM+stock&hl=en-US&gl=US&ceid=US:en
2025-09-22 22:37:03,021 [INFO] RSS: znaleziono 97 pozycji dla MIRM
2025-09-22 22:37:03,021 [INFO] Pobieram RSS: https://news.google.com/rss/search?q=MTCH+stock&hl=en-US&gl=US&ceid=US:en
2025-09-22 22:37:03,726 [INFO] RSS: znaleziono 100 pozycji dla MTCH
2025-09-22 22:37:03,726 [INFO] Pobieram RSS: https://news.google.com/rss/search?q=MTSI+stock&hl=en-US&gl=US&ceid=US:en
2025-09-22 22:37:04,433 [INFO] RSS: znaleziono 83 pozycji dla MTSI
2025-09-22 22:37:04,433 [INFO] Pobieram RSS: https://news.google.com/rss/search?q=MTSR+stock&hl=en-US&gl=US&ceid=US:en
2025-09-22 22:37:05,274 [INFO] RSS: znaleziono 97 pozycji dla MTSR
2025-09-22 22:37:05,275 [INFO] Pobieram RSS: https://news.google.com/rss/search?q=PINC+stock&hl=en-US&gl=US&ceid=US:en
2025-09-22 22:37:06,015 [INFO] RSS: znaleziono 100 pozycji dla PINC
2025-09-22 22:37:06,015 [INFO] Pobieram RSS: https://news.google.com/rss/search?q=PONY+stock&hl=en-US&gl=US&ceid=US:en
2025-09-22 22:37:06,812 [INFO] RSS: znaleziono 100 pozycji dla PONY
2025-09-22 22:37:06,812 [INFO] Pobieram RSS: https://news.google.com/rss/search?q=QRVO+stock&hl=en-US&gl=US&ceid=US:en
2025-09-22 22:37:07,545 [INFO] RSS: znaleziono 100 pozycji dla QRVO
2025-09-22 22:37:07,546 [INFO] Pobieram RSS: https://news.google.com/rss/search?q=QUBT+stock&hl=en-US&gl=US&ceid=US:en
2025-09-22 22:37:08,405 [INFO] RSS: znaleziono 92 pozycji dla QUBT
2025-09-22 22:37:08,406 [INFO] Pobieram RSS: https://news.google.com/rss/search?q=REYN+stock&hl=en-US&gl=US&ceid=US:en
2025-09-22 22:37:09,124 [INFO] RSS: znaleziono 100 pozycji dla REYN
2025-09-22 22:37:09,125 [INFO] Pobieram RSS: https://news.google.com/rss/search?q=RGTI+stock&hl=en-US&gl=US&ceid=US:en
2025-09-22 22:37:09,879 [INFO] RSS: znaleziono 100 pozycji dla RGTI
2025-09-22 22:37:09,880 [INFO] Pobieram RSS: https://news.google.com/rss/search?q=SHOO+stock&hl=en-US&gl=US&ceid=US:en
2025-09-22 22:37:10,646 [INFO] RSS: znaleziono 100 pozycji dla SHOO
2025-09-22 22:37:10,647 [INFO] Pobieram RSS: https://news.google.com/rss/search?q=SOUN+stock&hl=en-US&gl=US&ceid=US:en
2025-09-22 22:37:11,441 [INFO] RSS: znaleziono 100 pozycji dla SOUN
2025-09-22 22:37:11,442 [INFO] Pobieram RSS: https://news.google.com/rss/search?q=SRRK+stock&hl=en-US&gl=US&ceid=US:en
2025-09-22 22:37:12,199 [INFO] RSS: znaleziono 100 pozycji dla SRRK
2025-09-22 22:37:12,199 [INFO] Pobieram RSS: https://news.google.com/rss/search?q=STEP+stock&hl=en-US&gl=US&ceid=US:en
2025-09-22 22:37:12,965 [INFO] RSS: znaleziono 100 pozycji dla STEP
2025-09-22 22:37:12,965 [INFO] Pobieram RSS: https://news.google.com/rss/search?q=TGTX+stock&hl=en-US&gl=US&ceid=US:en
2025-09-22 22:37:13,641 [INFO] RSS: znaleziono 100 pozycji dla TGTX
2025-09-22 22:37:13,642 [INFO] Pobieram RSS: https://news.google.com/rss/search?q=WRD+stock&hl=en-US&gl=US&ceid=US:en
2025-09-22 22:37:14,389 [INFO] RSS: znaleziono 100 pozycji dla WRD
