2025-09-24 22:47:00,086 [INFO] Check news dla AAPL
2025-09-24 22:47:00,114 [INFO] Pobieram RSS: https://news.google.com/rss/search?q=AAPL+stock&hl=en-US&gl=US&ceid=US:en
2025-09-24 22:47:00,898 [INFO] RSS: znaleziono 100 pozycji dla AAPL
2025-09-24 22:49:10,234 [INFO] (1/3) Aktualizacja newsów dla AAPL
2025-09-24 22:49:10,252 [INFO] Pobieram RSS: https://news.google.com/rss/search?q=AAPL+stock&hl=en-US&gl=US&ceid=US:en
2025-09-24 22:49:11,104 [INFO] RSS: znaleziono 100 pozycji dla AAPL
2025-09-24 22:49:11,160 [INFO] Dodano 1 nowych newsów dla AAPL
2025-09-24 22:49:11,160 [INFO] (2/3) Aktualizacja newsów dla TSLA
2025-09-24 22:49:11,164 [INFO] Pobieram RSS: https://news.google.com/rss/search?q=TSLA+stock&hl=en-US&gl=US&ceid=US:en
2025-09-24 22:49:11,939 [INFO] RSS: znaleziono 92 pozycji dla TSLA
2025-09-24 22:49:11,987 [INFO] Dodano 92 nowych newsów dla TSLA
2025-09-24 22:49:11,987 [INFO] (3/3) Aktualizacja newsów dla MSFT
2025-09-24 22:49:11,990 [INFO] Pobieram RSS: https://news.google.com/rss/search?q=MSFT+stock&hl=en-US&gl=US&ceid=US:en
2025-09-24 22:49:12,949 [INFO] RSS: znaleziono 100 pozycji dla MSFT
2025-09-24 22:49:12,997 [INFO] Dodano 100 nowych newsów dla MSFT
2025-09-24 22:51:43,869 [INFO] (1/3) Aktualizacja newsów dla AAPL
2025-09-24 22:51:43,883 [INFO] Pobieram RSS: https://news.google.com/rss/search?q=AAPL+stock&hl=en-US&gl=US&ceid=US:en
2025-09-24 22:51:44,613 [INFO] RSS: znaleziono 100 pozycji dla AAPL
2025-09-24 22:51:44,648 [INFO] Brak nowych newsów dla AAPL od 2025-09-24 20:23:26
2025-09-24 22:51:44,648 [INFO] (2/3) Aktualizacja newsów dla TSLA
2025-09-24 22:51:44,652 [INFO] Pobieram RSS: https://news.google.com/rss/search?q=TSLA+stock&hl=en-US&gl=US&ceid=US:en
2025-09-24 22:51:45,333 [INFO] RSS: znaleziono 92 pozycji dla TSLA
2025-09-24 22:51:45,361 [INFO] Brak nowych newsów dla TSLA od 2025-09-24 19:46:45
2025-09-24 22:51:45,361 [INFO] (3/3) Aktualizacja newsów dla MSFT
2025-09-24 22:51:45,365 [INFO] Pobieram RSS: https://news.google.com/rss/search?q=MSFT+stock&hl=en-US&gl=US&ceid=US:en
2025-09-24 22:51:46,070 [INFO] RSS: znaleziono 100 pozycji dla MSFT
2025-09-24 22:51:46,101 [INFO] Brak nowych newsów dla MSFT od 2025-09-24 19:44:41
2025-09-24 22:54:01,388 [INFO] (1/3) Aktualizacja newsów dla AAPL
2025-09-24 22:54:01,400 [INFO] Pobieram RSS: https://news.google.com/rss/search?q=AAPL+stock&hl=en-US&gl=US&ceid=US:en
2025-09-24 22:54:02,094 [INFO] RSS: znaleziono 100 pozycji dla AAPL
2025-09-24 22:54:02,130 [INFO] Brak nowych newsów dla AAPL od 2025-09-24 20:23:26
2025-09-24 22:54:02,130 [INFO] (2/3) Aktualizacja newsów dla TSLA
2025-09-24 22:54:02,134 [INFO] Pobieram RSS: https://news.google.com/rss/search?q=TSLA+stock&hl=en-US&gl=US&ceid=US:en
2025-09-24 22:54:02,917 [INFO] RSS: znaleziono 92 pozycji dla TSLA
2025-09-24 22:54:02,959 [INFO] Dodano 2 nowych newsów dla TSLA
2025-09-24 22:54:02,959 [INFO] (3/3) Aktualizacja newsów dla MSFT
2025-09-24 22:54:02,962 [INFO] Pobieram RSS: https://news.google.com/rss/search?q=MSFT+stock&hl=en-US&gl=US&ceid=US:en
2025-09-24 22:54:03,646 [INFO] RSS: znaleziono 100 pozycji dla MSFT
2025-09-24 22:54:03,676 [INFO] Brak nowych newsów dla MSFT od 2025-09-24 19:44:41
