2025-10-06 21:25:43,058 [INFO] HTTP Request: POST https://pyzvscajljdejorlyzef.supabase.co/auth/v1/token?grant_type=password "HTTP/2 200 OK"
2025-10-06 21:25:43,345 [INFO] HTTP Request: GET https://pyzvscajljdejorlyzef.supabase.co/auth/v1/user "HTTP/2 200 OK"
2025-10-06 21:25:44,992 [INFO] HTTP Request: GET https://pyzvscajljdejorlyzef.supabase.co/rest/v1/watchlist?select=id%2Cticker&user_id=eq.04160b49-048f-47d5-b5ef-c462ebc7fd67&order=ticker.asc "HTTP/2 200 OK"
2025-10-06 21:25:45,214 [INFO] HTTP Request: GET https://pyzvscajljdejorlyzef.supabase.co/rest/v1/watchlist?select=id%2Cticker&user_id=eq.04160b49-048f-47d5-b5ef-c462ebc7fd67&order=ticker.asc "HTTP/2 200 OK"
2025-10-06 21:25:45,493 [INFO] HTTP Request: GET https://pyzvscajljdejorlyzef.supabase.co/rest/v1/alerts?select=%2A&user_id=eq.04160b49-048f-47d5-b5ef-c462ebc7fd67&order=ticker.asc "HTTP/2 200 OK"
2025-10-06 22:25:32,766 [INFO] HTTP Request: POST https://pyzvscajljdejorlyzef.supabase.co/auth/v1/token?grant_type=refresh_token "HTTP/2 200 OK"
2025-10-06 22:25:32,957 [INFO] HTTP Request: POST https://pyzvscajljdejorlyzef.supabase.co/auth/v1/token?grant_type=refresh_token "HTTP/2 200 OK"
2025-10-06 22:54:15,885 [INFO] HTTP Request: POST https://pyzvscajljdejorlyzef.supabase.co/auth/v1/token?grant_type=password "HTTP/2 200 OK"
2025-10-06 22:54:16,147 [INFO] HTTP Request: GET https://pyzvscajljdejorlyzef.supabase.co/auth/v1/user "HTTP/2 200 OK"
2025-10-06 22:54:17,726 [INFO] HTTP Request: GET https://pyzvscajljdejorlyzef.supabase.co/rest/v1/watchlist?select=id%2Cticker&user_id=eq.04160b49-048f-47d5-b5ef-c462ebc7fd67&order=ticker.asc "HTTP/2 200 OK"
2025-10-06 22:54:17,960 [INFO] HTTP Request: GET https://pyzvscajljdejorlyzef.supabase.co/rest/v1/watchlist?select=id%2Cticker&user_id=eq.04160b49-048f-47d5-b5ef-c462ebc7fd67&order=ticker.asc "HTTP/2 200 OK"
2025-10-06 22:54:18,189 [INFO] HTTP Request: GET https://pyzvscajljdejorlyzef.supabase.co/rest/v1/alerts?select=%2A&user_id=eq.04160b49-048f-47d5-b5ef-c462ebc7fd67&order=ticker.asc "HTTP/2 200 OK"
2025-10-06 22:55:23,656 [INFO] HTTP Request: GET https://pyzvscajljdejorlyzef.supabase.co/auth/v1/user "HTTP/2 200 OK"
2025-10-06 22:55:25,359 [INFO] HTTP Request: GET https://hhgljugljgxswlgedrzu.supabase.co/rest/v1/pg_tables?select=%2A "HTTP/2 404 Not Found"
2025-10-06 22:55:25,641 [INFO] HTTP Request: GET https://pyzvscajljdejorlyzef.supabase.co/auth/v1/user "HTTP/2 200 OK"
2025-10-06 22:55:26,213 [INFO] HTTP Request: GET https://pyzvscajljdejorlyzef.supabase.co/rest/v1/watchlist?select=id%2Cticker&user_id=eq.04160b49-048f-47d5-b5ef-c462ebc7fd67&order=ticker.asc "HTTP/2 200 OK"
2025-10-06 22:55:26,435 [INFO] HTTP Request: GET https://pyzvscajljdejorlyzef.supabase.co/rest/v1/watchlist?select=id%2Cticker&user_id=eq.04160b49-048f-47d5-b5ef-c462ebc7fd67&order=ticker.asc "HTTP/2 200 OK"
2025-10-06 22:55:26,612 [INFO] HTTP Request: GET https://pyzvscajljdejorlyzef.supabase.co/rest/v1/alerts?select=%2A&user_id=eq.04160b49-048f-47d5-b5ef-c462ebc7fd67&order=ticker.asc "HTTP/2 200 OK"
2025-10-06 22:55:41,842 [INFO] HTTP Request: GET https://pyzvscajljdejorlyzef.supabase.co/auth/v1/user "HTTP/2 200 OK"
2025-10-06 22:55:42,716 [INFO] Pobrano 20 spó³ek. Czas: 0:00:00.858504
2025-10-06 22:57:19,548 [INFO] HTTP Request: POST https://pyzvscajljdejorlyzef.supabase.co/auth/v1/token?grant_type=password "HTTP/2 200 OK"
2025-10-06 22:57:19,797 [INFO] HTTP Request: GET https://pyzvscajljdejorlyzef.supabase.co/auth/v1/user "HTTP/2 200 OK"
2025-10-06 22:57:20,587 [INFO] HTTP Request: GET https://pyzvscajljdejorlyzef.supabase.co/rest/v1/watchlist?select=id%2Cticker&user_id=eq.04160b49-048f-47d5-b5ef-c462ebc7fd67&order=ticker.asc "HTTP/2 200 OK"
2025-10-06 22:57:20,742 [INFO] HTTP Request: GET https://pyzvscajljdejorlyzef.supabase.co/rest/v1/watchlist?select=id%2Cticker&user_id=eq.04160b49-048f-47d5-b5ef-c462ebc7fd67&order=ticker.asc "HTTP/2 200 OK"
2025-10-06 22:57:20,905 [INFO] HTTP Request: GET https://pyzvscajljdejorlyzef.supabase.co/rest/v1/alerts?select=%2A&user_id=eq.04160b49-048f-47d5-b5ef-c462ebc7fd67&order=ticker.asc "HTTP/2 200 OK"
2025-10-06 22:57:49,243 [INFO] HTTP Request: GET https://pyzvscajljdejorlyzef.supabase.co/auth/v1/user "HTTP/2 200 OK"
2025-10-06 22:57:50,768 [INFO] HTTP Request: GET https://hhgljugljgxswlgedrzu.supabase.co/rest/v1/pg_tables?select=%2A "HTTP/2 404 Not Found"
2025-10-06 22:57:51,041 [INFO] HTTP Request: GET https://pyzvscajljdejorlyzef.supabase.co/auth/v1/user "HTTP/2 200 OK"
2025-10-06 22:57:51,282 [INFO] HTTP Request: GET https://pyzvscajljdejorlyzef.supabase.co/rest/v1/watchlist?select=id%2Cticker&user_id=eq.04160b49-048f-47d5-b5ef-c462ebc7fd67&order=ticker.asc "HTTP/2 200 OK"
2025-10-06 22:57:51,447 [INFO] HTTP Request: GET https://pyzvscajljdejorlyzef.supabase.co/rest/v1/watchlist?select=id%2Cticker&user_id=eq.04160b49-048f-47d5-b5ef-c462ebc7fd67&order=ticker.asc "HTTP/2 200 OK"
2025-10-06 22:57:51,624 [INFO] HTTP Request: GET https://pyzvscajljdejorlyzef.supabase.co/rest/v1/alerts?select=%2A&user_id=eq.04160b49-048f-47d5-b5ef-c462ebc7fd67&order=ticker.asc "HTTP/2 200 OK"
2025-10-06 22:59:15,690 [INFO] HTTP Request: POST https://pyzvscajljdejorlyzef.supabase.co/auth/v1/token?grant_type=password "HTTP/2 200 OK"
2025-10-06 22:59:15,986 [INFO] HTTP Request: GET https://pyzvscajljdejorlyzef.supabase.co/auth/v1/user "HTTP/2 200 OK"
2025-10-06 22:59:16,935 [INFO] HTTP Request: GET https://pyzvscajljdejorlyzef.supabase.co/rest/v1/watchlist?select=id%2Cticker&user_id=eq.04160b49-048f-47d5-b5ef-c462ebc7fd67&order=ticker.asc "HTTP/2 200 OK"
2025-10-06 22:59:17,106 [INFO] HTTP Request: GET https://pyzvscajljdejorlyzef.supabase.co/rest/v1/watchlist?select=id%2Cticker&user_id=eq.04160b49-048f-47d5-b5ef-c462ebc7fd67&order=ticker.asc "HTTP/2 200 OK"
2025-10-06 22:59:17,293 [INFO] HTTP Request: GET https://pyzvscajljdejorlyzef.supabase.co/rest/v1/alerts?select=%2A&user_id=eq.04160b49-048f-47d5-b5ef-c462ebc7fd67&order=ticker.asc "HTTP/2 200 OK"
2025-10-06 22:59:41,379 [INFO] HTTP Request: GET https://pyzvscajljdejorlyzef.supabase.co/auth/v1/user "HTTP/2 200 OK"
2025-10-06 22:59:43,084 [INFO] HTTP Request: GET https://hhgljugljgxswlgedrzu.supabase.co/rest/v1/pg_tables?select=%2A "HTTP/2 404 Not Found"
2025-10-06 22:59:44,080 [INFO] HTTP Request: GET https://pyzvscajljdejorlyzef.supabase.co/auth/v1/user "HTTP/2 200 OK"
2025-10-06 22:59:44,316 [INFO] HTTP Request: GET https://pyzvscajljdejorlyzef.supabase.co/rest/v1/watchlist?select=id%2Cticker&user_id=eq.04160b49-048f-47d5-b5ef-c462ebc7fd67&order=ticker.asc "HTTP/2 200 OK"
2025-10-06 22:59:44,493 [INFO] HTTP Request: GET https://pyzvscajljdejorlyzef.supabase.co/rest/v1/watchlist?select=id%2Cticker&user_id=eq.04160b49-048f-47d5-b5ef-c462ebc7fd67&order=ticker.asc "HTTP/2 200 OK"
2025-10-06 22:59:44,653 [INFO] HTTP Request: GET https://pyzvscajljdejorlyzef.supabase.co/rest/v1/alerts?select=%2A&user_id=eq.04160b49-048f-47d5-b5ef-c462ebc7fd67&order=ticker.asc "HTTP/2 200 OK"
2025-10-06 23:00:05,464 [INFO] HTTP Request: POST https://pyzvscajljdejorlyzef.supabase.co/auth/v1/token?grant_type=password "HTTP/2 200 OK"
2025-10-06 23:00:05,740 [INFO] HTTP Request: GET https://pyzvscajljdejorlyzef.supabase.co/auth/v1/user "HTTP/2 200 OK"
2025-10-06 23:00:06,565 [INFO] HTTP Request: GET https://pyzvscajljdejorlyzef.supabase.co/rest/v1/watchlist?select=id%2Cticker&user_id=eq.04160b49-048f-47d5-b5ef-c462ebc7fd67&order=ticker.asc "HTTP/2 200 OK"
2025-10-06 23:00:06,718 [INFO] HTTP Request: GET https://pyzvscajljdejorlyzef.supabase.co/rest/v1/watchlist?select=id%2Cticker&user_id=eq.04160b49-048f-47d5-b5ef-c462ebc7fd67&order=ticker.asc "HTTP/2 200 OK"
2025-10-06 23:00:06,874 [INFO] HTTP Request: GET https://pyzvscajljdejorlyzef.supabase.co/rest/v1/alerts?select=%2A&user_id=eq.04160b49-048f-47d5-b5ef-c462ebc7fd67&order=ticker.asc "HTTP/2 200 OK"
2025-10-06 23:00:21,568 [INFO] HTTP Request: GET https://pyzvscajljdejorlyzef.supabase.co/auth/v1/user "HTTP/2 200 OK"
2025-10-06 23:00:23,146 [INFO] HTTP Request: GET https://hhgljugljgxswlgedrzu.supabase.co/rest/v1/pg_tables?select=%2A "HTTP/2 404 Not Found"
2025-10-06 23:00:24,144 [INFO] HTTP Request: GET https://pyzvscajljdejorlyzef.supabase.co/auth/v1/user "HTTP/2 200 OK"
2025-10-06 23:00:24,356 [INFO] HTTP Request: GET https://pyzvscajljdejorlyzef.supabase.co/rest/v1/watchlist?select=id%2Cticker&user_id=eq.04160b49-048f-47d5-b5ef-c462ebc7fd67&order=ticker.asc "HTTP/2 200 OK"
2025-10-06 23:00:24,516 [INFO] HTTP Request: GET https://pyzvscajljdejorlyzef.supabase.co/rest/v1/watchlist?select=id%2Cticker&user_id=eq.04160b49-048f-47d5-b5ef-c462ebc7fd67&order=ticker.asc "HTTP/2 200 OK"
2025-10-06 23:00:24,678 [INFO] HTTP Request: GET https://pyzvscajljdejorlyzef.supabase.co/rest/v1/alerts?select=%2A&user_id=eq.04160b49-048f-47d5-b5ef-c462ebc7fd67&order=ticker.asc "HTTP/2 200 OK"
2025-10-06 23:01:11,726 [INFO] HTTP Request: POST https://pyzvscajljdejorlyzef.supabase.co/auth/v1/token?grant_type=password "HTTP/2 200 OK"
2025-10-06 23:01:12,005 [INFO] HTTP Request: GET https://pyzvscajljdejorlyzef.supabase.co/auth/v1/user "HTTP/2 200 OK"
2025-10-06 23:01:13,077 [INFO] HTTP Request: GET https://pyzvscajljdejorlyzef.supabase.co/rest/v1/watchlist?select=id%2Cticker&user_id=eq.04160b49-048f-47d5-b5ef-c462ebc7fd67&order=ticker.asc "HTTP/2 200 OK"
2025-10-06 23:01:13,232 [INFO] HTTP Request: GET https://pyzvscajljdejorlyzef.supabase.co/rest/v1/watchlist?select=id%2Cticker&user_id=eq.04160b49-048f-47d5-b5ef-c462ebc7fd67&order=ticker.asc "HTTP/2 200 OK"
2025-10-06 23:01:13,407 [INFO] HTTP Request: GET https://pyzvscajljdejorlyzef.supabase.co/rest/v1/alerts?select=%2A&user_id=eq.04160b49-048f-47d5-b5ef-c462ebc7fd67&order=ticker.asc "HTTP/2 200 OK"
2025-10-06 23:01:59,764 [INFO] HTTP Request: GET https://pyzvscajljdejorlyzef.supabase.co/auth/v1/user "HTTP/2 200 OK"
2025-10-06 23:02:01,400 [INFO] HTTP Request: GET https://hhgljugljgxswlgedrzu.supabase.co/rest/v1/pg_tables?select=%2A "HTTP/2 404 Not Found"
2025-10-06 23:02:03,654 [INFO] HTTP Request: GET https://pyzvscajljdejorlyzef.supabase.co/rest/v1/watchlist?select=id%2Cticker&user_id=eq.04160b49-048f-47d5-b5ef-c462ebc7fd67&order=ticker.asc "HTTP/2 200 OK"
2025-10-06 23:02:03,827 [INFO] HTTP Request: GET https://pyzvscajljdejorlyzef.supabase.co/rest/v1/watchlist?select=id%2Cticker&user_id=eq.04160b49-048f-47d5-b5ef-c462ebc7fd67&order=ticker.asc "HTTP/2 200 OK"
2025-10-06 23:02:04,002 [INFO] HTTP Request: GET https://pyzvscajljdejorlyzef.supabase.co/rest/v1/alerts?select=%2A&user_id=eq.04160b49-048f-47d5-b5ef-c462ebc7fd67&order=ticker.asc "HTTP/2 200 OK"
2025-10-06 23:07:52,735 [INFO] HTTP Request: POST https://pyzvscajljdejorlyzef.supabase.co/auth/v1/token?grant_type=password "HTTP/2 200 OK"
2025-10-06 23:07:53,007 [INFO] HTTP Request: GET https://pyzvscajljdejorlyzef.supabase.co/auth/v1/user "HTTP/2 200 OK"
2025-10-06 23:07:53,880 [INFO] HTTP Request: GET https://pyzvscajljdejorlyzef.supabase.co/rest/v1/watchlist?select=id%2Cticker&user_id=eq.04160b49-048f-47d5-b5ef-c462ebc7fd67&order=ticker.asc "HTTP/2 200 OK"
2025-10-06 23:07:54,044 [INFO] HTTP Request: GET https://pyzvscajljdejorlyzef.supabase.co/rest/v1/watchlist?select=id%2Cticker&user_id=eq.04160b49-048f-47d5-b5ef-c462ebc7fd67&order=ticker.asc "HTTP/2 200 OK"
2025-10-06 23:07:54,209 [INFO] HTTP Request: GET https://pyzvscajljdejorlyzef.supabase.co/rest/v1/alerts?select=%2A&user_id=eq.04160b49-048f-47d5-b5ef-c462ebc7fd67&order=ticker.asc "HTTP/2 200 OK"
2025-10-06 23:10:56,918 [INFO] HTTP Request: POST https://pyzvscajljdejorlyzef.supabase.co/auth/v1/token?grant_type=password "HTTP/2 200 OK"
2025-10-06 23:10:57,248 [INFO] HTTP Request: GET https://pyzvscajljdejorlyzef.supabase.co/auth/v1/user "HTTP/2 200 OK"
2025-10-06 23:10:58,257 [INFO] HTTP Request: GET https://pyzvscajljdejorlyzef.supabase.co/rest/v1/watchlist?select=id%2Cticker&user_id=eq.04160b49-048f-47d5-b5ef-c462ebc7fd67&order=ticker.asc "HTTP/2 200 OK"
2025-10-06 23:10:58,419 [INFO] HTTP Request: GET https://pyzvscajljdejorlyzef.supabase.co/rest/v1/watchlist?select=id%2Cticker&user_id=eq.04160b49-048f-47d5-b5ef-c462ebc7fd67&order=ticker.asc "HTTP/2 200 OK"
2025-10-06 23:10:58,588 [INFO] HTTP Request: GET https://pyzvscajljdejorlyzef.supabase.co/rest/v1/alerts?select=%2A&user_id=eq.04160b49-048f-47d5-b5ef-c462ebc7fd67&order=ticker.asc "HTTP/2 200 OK"
2025-10-06 23:11:58,122 [INFO] HTTP Request: POST https://pyzvscajljdejorlyzef.supabase.co/auth/v1/token?grant_type=password "HTTP/2 200 OK"
2025-10-06 23:11:58,408 [INFO] HTTP Request: GET https://pyzvscajljdejorlyzef.supabase.co/auth/v1/user "HTTP/2 200 OK"
2025-10-06 23:11:59,323 [INFO] HTTP Request: GET https://pyzvscajljdejorlyzef.supabase.co/rest/v1/watchlist?select=id%2Cticker&user_id=eq.04160b49-048f-47d5-b5ef-c462ebc7fd67&order=ticker.asc "HTTP/2 200 OK"
2025-10-06 23:11:59,491 [INFO] HTTP Request: GET https://pyzvscajljdejorlyzef.supabase.co/rest/v1/watchlist?select=id%2Cticker&user_id=eq.04160b49-048f-47d5-b5ef-c462ebc7fd67&order=ticker.asc "HTTP/2 200 OK"
2025-10-06 23:11:59,651 [INFO] HTTP Request: GET https://pyzvscajljdejorlyzef.supabase.co/rest/v1/alerts?select=%2A&user_id=eq.04160b49-048f-47d5-b5ef-c462ebc7fd67&order=ticker.asc "HTTP/2 200 OK"
2025-10-06 23:12:01,740 [INFO] HTTP Request: GET https://pyzvscajljdejorlyzef.supabase.co/auth/v1/user "HTTP/2 200 OK"
2025-10-06 23:12:01,923 [INFO] HTTP Request: GET https://pyzvscajljdejorlyzef.supabase.co/rest/v1/watchlist?select=id%2Cticker&user_id=eq.04160b49-048f-47d5-b5ef-c462ebc7fd67&order=ticker.asc "HTTP/2 200 OK"
2025-10-06 23:12:02,089 [INFO] HTTP Request: GET https://pyzvscajljdejorlyzef.supabase.co/rest/v1/watchlist?select=id%2Cticker&user_id=eq.04160b49-048f-47d5-b5ef-c462ebc7fd67&order=ticker.asc "HTTP/2 200 OK"
2025-10-06 23:12:02,255 [INFO] HTTP Request: GET https://pyzvscajljdejorlyzef.supabase.co/rest/v1/alerts?select=%2A&user_id=eq.04160b49-048f-47d5-b5ef-c462ebc7fd67&order=ticker.asc "HTTP/2 200 OK"
2025-10-06 23:12:27,869 [INFO] HTTP Request: POST https://pyzvscajljdejorlyzef.supabase.co/auth/v1/token?grant_type=password "HTTP/2 200 OK"
2025-10-06 23:12:28,125 [INFO] HTTP Request: GET https://pyzvscajljdejorlyzef.supabase.co/auth/v1/user "HTTP/2 200 OK"
2025-10-06 23:12:28,899 [INFO] HTTP Request: GET https://pyzvscajljdejorlyzef.supabase.co/rest/v1/watchlist?select=id%2Cticker&user_id=eq.04160b49-048f-47d5-b5ef-c462ebc7fd67&order=ticker.asc "HTTP/2 200 OK"
2025-10-06 23:12:29,084 [INFO] HTTP Request: GET https://pyzvscajljdejorlyzef.supabase.co/rest/v1/watchlist?select=id%2Cticker&user_id=eq.04160b49-048f-47d5-b5ef-c462ebc7fd67&order=ticker.asc "HTTP/2 200 OK"
2025-10-06 23:12:29,257 [INFO] HTTP Request: GET https://pyzvscajljdejorlyzef.supabase.co/rest/v1/alerts?select=%2A&user_id=eq.04160b49-048f-47d5-b5ef-c462ebc7fd67&order=ticker.asc "HTTP/2 200 OK"
2025-10-06 23:13:12,686 [INFO] HTTP Request: POST https://pyzvscajljdejorlyzef.supabase.co/auth/v1/token?grant_type=password "HTTP/2 200 OK"
2025-10-06 23:13:12,940 [INFO] HTTP Request: GET https://pyzvscajljdejorlyzef.supabase.co/auth/v1/user "HTTP/2 200 OK"
2025-10-06 23:13:13,743 [INFO] HTTP Request: GET https://pyzvscajljdejorlyzef.supabase.co/rest/v1/watchlist?select=id%2Cticker&user_id=eq.04160b49-048f-47d5-b5ef-c462ebc7fd67&order=ticker.asc "HTTP/2 200 OK"
2025-10-06 23:13:13,915 [INFO] HTTP Request: GET https://pyzvscajljdejorlyzef.supabase.co/rest/v1/watchlist?select=id%2Cticker&user_id=eq.04160b49-048f-47d5-b5ef-c462ebc7fd67&order=ticker.asc "HTTP/2 200 OK"
2025-10-06 23:13:14,088 [INFO] HTTP Request: GET https://pyzvscajljdejorlyzef.supabase.co/rest/v1/alerts?select=%2A&user_id=eq.04160b49-048f-47d5-b5ef-c462ebc7fd67&order=ticker.asc "HTTP/2 200 OK"
2025-10-06 23:14:05,567 [INFO] HTTP Request: POST https://pyzvscajljdejorlyzef.supabase.co/auth/v1/token?grant_type=password "HTTP/2 200 OK"
2025-10-06 23:14:05,812 [INFO] HTTP Request: GET https://pyzvscajljdejorlyzef.supabase.co/auth/v1/user "HTTP/2 200 OK"
2025-10-06 23:14:06,542 [INFO] HTTP Request: GET https://pyzvscajljdejorlyzef.supabase.co/rest/v1/watchlist?select=id%2Cticker&user_id=eq.04160b49-048f-47d5-b5ef-c462ebc7fd67&order=ticker.asc "HTTP/2 200 OK"
2025-10-06 23:14:06,702 [INFO] HTTP Request: GET https://pyzvscajljdejorlyzef.supabase.co/rest/v1/watchlist?select=id%2Cticker&user_id=eq.04160b49-048f-47d5-b5ef-c462ebc7fd67&order=ticker.asc "HTTP/2 200 OK"
2025-10-06 23:14:06,860 [INFO] HTTP Request: GET https://pyzvscajljdejorlyzef.supabase.co/rest/v1/alerts?select=%2A&user_id=eq.04160b49-048f-47d5-b5ef-c462ebc7fd67&order=ticker.asc "HTTP/2 200 OK"
2025-10-06 23:25:22,456 [INFO] HTTP Request: POST https://pyzvscajljdejorlyzef.supabase.co/auth/v1/token?grant_type=refresh_token "HTTP/2 200 OK"
2025-10-06 23:25:22,641 [INFO] HTTP Request: POST https://pyzvscajljdejorlyzef.supabase.co/auth/v1/token?grant_type=refresh_token "HTTP/2 200 OK"
2025-10-06 23:25:35,268 [INFO] HTTP Request: POST https://pyzvscajljdejorlyzef.supabase.co/auth/v1/token?grant_type=password "HTTP/2 200 OK"
2025-10-06 23:25:35,531 [INFO] HTTP Request: GET https://pyzvscajljdejorlyzef.supabase.co/auth/v1/user "HTTP/2 200 OK"
2025-10-06 23:25:37,024 [INFO] HTTP Request: GET https://pyzvscajljdejorlyzef.supabase.co/rest/v1/watchlist?select=id%2Cticker&user_id=eq.04160b49-048f-47d5-b5ef-c462ebc7fd67&order=ticker.asc "HTTP/2 200 OK"
2025-10-06 23:25:37,285 [INFO] HTTP Request: GET https://pyzvscajljdejorlyzef.supabase.co/rest/v1/watchlist?select=id%2Cticker&user_id=eq.04160b49-048f-47d5-b5ef-c462ebc7fd67&order=ticker.asc "HTTP/2 200 OK"
2025-10-06 23:25:37,523 [INFO] HTTP Request: GET https://pyzvscajljdejorlyzef.supabase.co/rest/v1/alerts?select=%2A&user_id=eq.04160b49-048f-47d5-b5ef-c462ebc7fd67&order=ticker.asc "HTTP/2 200 OK"
2025-10-06 23:25:45,682 [INFO] HTTP Request: GET https://pyzvscajljdejorlyzef.supabase.co/auth/v1/user "HTTP/2 200 OK"
2025-10-06 23:25:45,988 [INFO] HTTP Request: GET https://pyzvscajljdejorlyzef.supabase.co/rest/v1/watchlist?select=id%2Cticker&user_id=eq.04160b49-048f-47d5-b5ef-c462ebc7fd67&order=ticker.asc "HTTP/2 200 OK"
2025-10-06 23:25:46,218 [INFO] HTTP Request: GET https://pyzvscajljdejorlyzef.supabase.co/rest/v1/watchlist?select=id%2Cticker&user_id=eq.04160b49-048f-47d5-b5ef-c462ebc7fd67&order=ticker.asc "HTTP/2 200 OK"
2025-10-06 23:25:46,444 [INFO] HTTP Request: GET https://pyzvscajljdejorlyzef.supabase.co/rest/v1/alerts?select=%2A&user_id=eq.04160b49-048f-47d5-b5ef-c462ebc7fd67&order=ticker.asc "HTTP/2 200 OK"
2025-10-06 23:29:03,164 [INFO] HTTP Request: POST https://pyzvscajljdejorlyzef.supabase.co/auth/v1/token?grant_type=password "HTTP/2 200 OK"
2025-10-06 23:29:03,447 [INFO] HTTP Request: GET https://pyzvscajljdejorlyzef.supabase.co/auth/v1/user "HTTP/2 200 OK"
2025-10-06 23:29:04,293 [INFO] HTTP Request: GET https://pyzvscajljdejorlyzef.supabase.co/rest/v1/watchlist?select=id%2Cticker&user_id=eq.04160b49-048f-47d5-b5ef-c462ebc7fd67&order=ticker.asc "HTTP/2 200 OK"
2025-10-06 23:29:04,508 [INFO] HTTP Request: GET https://pyzvscajljdejorlyzef.supabase.co/rest/v1/watchlist?select=id%2Cticker&user_id=eq.04160b49-048f-47d5-b5ef-c462ebc7fd67&order=ticker.asc "HTTP/2 200 OK"
2025-10-06 23:29:04,728 [INFO] HTTP Request: GET https://pyzvscajljdejorlyzef.supabase.co/rest/v1/alerts?select=%2A&user_id=eq.04160b49-048f-47d5-b5ef-c462ebc7fd67&order=ticker.asc "HTTP/2 200 OK"
2025-10-06 23:29:11,181 [INFO] HTTP Request: GET https://pyzvscajljdejorlyzef.supabase.co/auth/v1/user "HTTP/2 200 OK"
2025-10-06 23:29:11,749 [INFO] HTTP Request: GET https://pyzvscajljdejorlyzef.supabase.co/rest/v1/watchlist?select=id%2Cticker&user_id=eq.04160b49-048f-47d5-b5ef-c462ebc7fd67&order=ticker.asc "HTTP/2 200 OK"
2025-10-06 23:29:11,962 [INFO] HTTP Request: GET https://pyzvscajljdejorlyzef.supabase.co/rest/v1/watchlist?select=id%2Cticker&user_id=eq.04160b49-048f-47d5-b5ef-c462ebc7fd67&order=ticker.asc "HTTP/2 200 OK"
2025-10-06 23:29:12,195 [INFO] HTTP Request: GET https://pyzvscajljdejorlyzef.supabase.co/rest/v1/alerts?select=%2A&user_id=eq.04160b49-048f-47d5-b5ef-c462ebc7fd67&order=ticker.asc "HTTP/2 200 OK"
2025-10-06 23:30:11,267 [INFO] HTTP Request: POST https://pyzvscajljdejorlyzef.supabase.co/auth/v1/token?grant_type=password "HTTP/2 200 OK"
2025-10-06 23:30:11,532 [INFO] HTTP Request: GET https://pyzvscajljdejorlyzef.supabase.co/auth/v1/user "HTTP/2 200 OK"
2025-10-06 23:30:12,334 [INFO] HTTP Request: GET https://pyzvscajljdejorlyzef.supabase.co/rest/v1/watchlist?select=id%2Cticker&user_id=eq.04160b49-048f-47d5-b5ef-c462ebc7fd67&order=ticker.asc "HTTP/2 200 OK"
2025-10-06 23:30:12,498 [INFO] HTTP Request: GET https://pyzvscajljdejorlyzef.supabase.co/rest/v1/watchlist?select=id%2Cticker&user_id=eq.04160b49-048f-47d5-b5ef-c462ebc7fd67&order=ticker.asc "HTTP/2 200 OK"
2025-10-06 23:30:12,665 [INFO] HTTP Request: GET https://pyzvscajljdejorlyzef.supabase.co/rest/v1/alerts?select=%2A&user_id=eq.04160b49-048f-47d5-b5ef-c462ebc7fd67&order=ticker.asc "HTTP/2 200 OK"
2025-10-06 23:30:36,407 [INFO] HTTP Request: GET https://pyzvscajljdejorlyzef.supabase.co/auth/v1/user "HTTP/2 200 OK"
2025-10-06 23:30:36,886 [INFO] HTTP Request: GET https://pyzvscajljdejorlyzef.supabase.co/rest/v1/watchlist?select=id%2Cticker&user_id=eq.04160b49-048f-47d5-b5ef-c462ebc7fd67&order=ticker.asc "HTTP/2 200 OK"
2025-10-06 23:30:37,055 [INFO] HTTP Request: GET https://pyzvscajljdejorlyzef.supabase.co/rest/v1/watchlist?select=id%2Cticker&user_id=eq.04160b49-048f-47d5-b5ef-c462ebc7fd67&order=ticker.asc "HTTP/2 200 OK"
2025-10-06 23:30:37,226 [INFO] HTTP Request: GET https://pyzvscajljdejorlyzef.supabase.co/rest/v1/alerts?select=%2A&user_id=eq.04160b49-048f-47d5-b5ef-c462ebc7fd67&order=ticker.asc "HTTP/2 200 OK"
2025-10-06 23:31:04,247 [INFO] HTTP Request: GET https://pyzvscajljdejorlyzef.supabase.co/auth/v1/user "HTTP/2 200 OK"
2025-10-06 23:31:05,165 [INFO] Pobrano 20 spó³ek. Czas: 0:00:00.906079
2025-10-06 23:31:50,790 [INFO] HTTP Request: POST https://pyzvscajljdejorlyzef.supabase.co/auth/v1/token?grant_type=password "HTTP/2 200 OK"
2025-10-06 23:31:51,060 [INFO] HTTP Request: GET https://pyzvscajljdejorlyzef.supabase.co/auth/v1/user "HTTP/2 200 OK"
2025-10-06 23:31:51,894 [INFO] HTTP Request: GET https://pyzvscajljdejorlyzef.supabase.co/rest/v1/watchlist?select=id%2Cticker&user_id=eq.04160b49-048f-47d5-b5ef-c462ebc7fd67&order=ticker.asc "HTTP/2 200 OK"
2025-10-06 23:31:52,066 [INFO] HTTP Request: GET https://pyzvscajljdejorlyzef.supabase.co/rest/v1/watchlist?select=id%2Cticker&user_id=eq.04160b49-048f-47d5-b5ef-c462ebc7fd67&order=ticker.asc "HTTP/2 200 OK"
2025-10-06 23:31:52,225 [INFO] HTTP Request: GET https://pyzvscajljdejorlyzef.supabase.co/rest/v1/alerts?select=%2A&user_id=eq.04160b49-048f-47d5-b5ef-c462ebc7fd67&order=ticker.asc "HTTP/2 200 OK"
2025-10-06 23:32:09,233 [INFO] HTTP Request: GET https://pyzvscajljdejorlyzef.supabase.co/auth/v1/user "HTTP/2 200 OK"
2025-10-06 23:32:10,193 [INFO] Pobrano 20 spó³ek. Czas: 0:00:00.937287
2025-10-06 23:32:10,429 [INFO] HTTP Request: GET https://pyzvscajljdejorlyzef.supabase.co/rest/v1/watchlist?select=id%2Cticker&user_id=eq.04160b49-048f-47d5-b5ef-c462ebc7fd67&order=ticker.asc "HTTP/2 200 OK"
2025-10-06 23:32:10,665 [INFO] HTTP Request: GET https://pyzvscajljdejorlyzef.supabase.co/rest/v1/watchlist?select=id%2Cticker&user_id=eq.04160b49-048f-47d5-b5ef-c462ebc7fd67&order=ticker.asc "HTTP/2 200 OK"
2025-10-06 23:32:10,829 [INFO] HTTP Request: GET https://pyzvscajljdejorlyzef.supabase.co/rest/v1/alerts?select=%2A&user_id=eq.04160b49-048f-47d5-b5ef-c462ebc7fd67&order=ticker.asc "HTTP/2 200 OK"
2025-10-06 23:32:14,234 [INFO] HTTP Request: GET https://pyzvscajljdejorlyzef.supabase.co/auth/v1/user "HTTP/2 200 OK"
2025-10-06 23:32:14,519 [INFO] HTTP Request: GET https://pyzvscajljdejorlyzef.supabase.co/rest/v1/watchlist?select=id%2Cticker&user_id=eq.04160b49-048f-47d5-b5ef-c462ebc7fd67&order=ticker.asc "HTTP/2 200 OK"
2025-10-06 23:32:14,686 [INFO] HTTP Request: GET https://pyzvscajljdejorlyzef.supabase.co/rest/v1/watchlist?select=id%2Cticker&user_id=eq.04160b49-048f-47d5-b5ef-c462ebc7fd67&order=ticker.asc "HTTP/2 200 OK"
2025-10-06 23:32:14,850 [INFO] HTTP Request: GET https://pyzvscajljdejorlyzef.supabase.co/rest/v1/alerts?select=%2A&user_id=eq.04160b49-048f-47d5-b5ef-c462ebc7fd67&order=ticker.asc "HTTP/2 200 OK"
2025-10-07 18:56:25,056 [INFO] HTTP Request: POST https://pyzvscajljdejorlyzef.supabase.co/auth/v1/token?grant_type=password "HTTP/2 200 OK"
2025-10-07 18:56:25,325 [INFO] HTTP Request: GET https://pyzvscajljdejorlyzef.supabase.co/auth/v1/user "HTTP/2 200 OK"
2025-10-07 18:56:26,914 [INFO] HTTP Request: GET https://pyzvscajljdejorlyzef.supabase.co/rest/v1/watchlist?select=id%2Cticker&user_id=eq.04160b49-048f-47d5-b5ef-c462ebc7fd67&order=ticker.asc "HTTP/2 200 OK"
2025-10-07 18:56:27,120 [INFO] HTTP Request: GET https://pyzvscajljdejorlyzef.supabase.co/rest/v1/watchlist?select=id%2Cticker&user_id=eq.04160b49-048f-47d5-b5ef-c462ebc7fd67&order=ticker.asc "HTTP/2 200 OK"
2025-10-07 18:56:27,350 [INFO] HTTP Request: GET https://pyzvscajljdejorlyzef.supabase.co/rest/v1/alerts?select=%2A&user_id=eq.04160b49-048f-47d5-b5ef-c462ebc7fd67&order=ticker.asc "HTTP/2 200 OK"
2025-10-07 18:59:08,964 [INFO] HTTP Request: POST https://pyzvscajljdejorlyzef.supabase.co/auth/v1/token?grant_type=password "HTTP/2 200 OK"
2025-10-07 18:59:09,236 [INFO] HTTP Request: GET https://pyzvscajljdejorlyzef.supabase.co/auth/v1/user "HTTP/2 200 OK"
2025-10-07 18:59:10,007 [INFO] HTTP Request: GET https://pyzvscajljdejorlyzef.supabase.co/rest/v1/watchlist?select=id%2Cticker&user_id=eq.04160b49-048f-47d5-b5ef-c462ebc7fd67&order=ticker.asc "HTTP/2 200 OK"
2025-10-07 18:59:10,181 [INFO] HTTP Request: GET https://pyzvscajljdejorlyzef.supabase.co/rest/v1/watchlist?select=id%2Cticker&user_id=eq.04160b49-048f-47d5-b5ef-c462ebc7fd67&order=ticker.asc "HTTP/2 200 OK"
2025-10-07 18:59:10,351 [INFO] HTTP Request: GET https://pyzvscajljdejorlyzef.supabase.co/rest/v1/alerts?select=%2A&user_id=eq.04160b49-048f-47d5-b5ef-c462ebc7fd67&order=ticker.asc "HTTP/2 200 OK"
2025-10-07 19:01:41,423 [INFO] HTTP Request: GET https://pyzvscajljdejorlyzef.supabase.co/auth/v1/user "HTTP/2 200 OK"
2025-10-07 19:01:43,160 [INFO] HTTP Request: GET https://hhgljugljgxswlgedrzu.supabase.co/rest/v1/pg_tables?select=%2A "HTTP/2 404 Not Found"
2025-10-07 19:01:45,772 [INFO] HTTP Request: GET https://pyzvscajljdejorlyzef.supabase.co/rest/v1/watchlist?select=id%2Cticker&user_id=eq.04160b49-048f-47d5-b5ef-c462ebc7fd67&order=ticker.asc "HTTP/2 200 OK"
2025-10-07 19:01:46,020 [INFO] HTTP Request: GET https://pyzvscajljdejorlyzef.supabase.co/rest/v1/watchlist?select=id%2Cticker&user_id=eq.04160b49-048f-47d5-b5ef-c462ebc7fd67&order=ticker.asc "HTTP/2 200 OK"
2025-10-07 19:01:46,182 [INFO] HTTP Request: GET https://pyzvscajljdejorlyzef.supabase.co/rest/v1/alerts?select=%2A&user_id=eq.04160b49-048f-47d5-b5ef-c462ebc7fd67&order=ticker.asc "HTTP/2 200 OK"
2025-10-07 19:05:29,526 [INFO] HTTP Request: POST https://pyzvscajljdejorlyzef.supabase.co/auth/v1/token?grant_type=password "HTTP/2 200 OK"
2025-10-07 19:05:29,790 [INFO] HTTP Request: GET https://pyzvscajljdejorlyzef.supabase.co/auth/v1/user "HTTP/2 200 OK"
2025-10-07 19:05:30,626 [INFO] HTTP Request: GET https://pyzvscajljdejorlyzef.supabase.co/rest/v1/watchlist?select=id%2Cticker&user_id=eq.04160b49-048f-47d5-b5ef-c462ebc7fd67&order=ticker.asc "HTTP/2 200 OK"
2025-10-07 19:05:30,788 [INFO] HTTP Request: GET https://pyzvscajljdejorlyzef.supabase.co/rest/v1/watchlist?select=id%2Cticker&user_id=eq.04160b49-048f-47d5-b5ef-c462ebc7fd67&order=ticker.asc "HTTP/2 200 OK"
2025-10-07 19:05:31,012 [INFO] HTTP Request: GET https://pyzvscajljdejorlyzef.supabase.co/rest/v1/alerts?select=%2A&user_id=eq.04160b49-048f-47d5-b5ef-c462ebc7fd67&order=ticker.asc "HTTP/2 200 OK"
2025-10-07 19:05:49,018 [INFO] HTTP Request: GET https://pyzvscajljdejorlyzef.supabase.co/auth/v1/user "HTTP/2 200 OK"
2025-10-07 19:05:50,572 [INFO] HTTP Request: GET https://hhgljugljgxswlgedrzu.supabase.co/rest/v1/pg_tables?select=%2A "HTTP/2 404 Not Found"
2025-10-07 19:05:52,778 [INFO] HTTP Request: GET https://pyzvscajljdejorlyzef.supabase.co/rest/v1/watchlist?select=id%2Cticker&user_id=eq.04160b49-048f-47d5-b5ef-c462ebc7fd67&order=ticker.asc "HTTP/2 200 OK"
2025-10-07 19:05:53,000 [INFO] HTTP Request: GET https://pyzvscajljdejorlyzef.supabase.co/rest/v1/watchlist?select=id%2Cticker&user_id=eq.04160b49-048f-47d5-b5ef-c462ebc7fd67&order=ticker.asc "HTTP/2 200 OK"
2025-10-07 19:05:53,174 [INFO] HTTP Request: GET https://pyzvscajljdejorlyzef.supabase.co/rest/v1/alerts?select=%2A&user_id=eq.04160b49-048f-47d5-b5ef-c462ebc7fd67&order=ticker.asc "HTTP/2 200 OK"
2025-10-07 19:06:11,563 [INFO] HTTP Request: POST https://pyzvscajljdejorlyzef.supabase.co/auth/v1/token?grant_type=password "HTTP/2 200 OK"
2025-10-07 19:06:11,811 [INFO] HTTP Request: GET https://pyzvscajljdejorlyzef.supabase.co/auth/v1/user "HTTP/2 200 OK"
2025-10-07 19:06:12,542 [INFO] HTTP Request: GET https://pyzvscajljdejorlyzef.supabase.co/rest/v1/watchlist?select=id%2Cticker&user_id=eq.04160b49-048f-47d5-b5ef-c462ebc7fd67&order=ticker.asc "HTTP/2 200 OK"
2025-10-07 19:06:12,702 [INFO] HTTP Request: GET https://pyzvscajljdejorlyzef.supabase.co/rest/v1/watchlist?select=id%2Cticker&user_id=eq.04160b49-048f-47d5-b5ef-c462ebc7fd67&order=ticker.asc "HTTP/2 200 OK"
2025-10-07 19:06:12,872 [INFO] HTTP Request: GET https://pyzvscajljdejorlyzef.supabase.co/rest/v1/alerts?select=%2A&user_id=eq.04160b49-048f-47d5-b5ef-c462ebc7fd67&order=ticker.asc "HTTP/2 200 OK"
2025-10-07 19:06:26,016 [INFO] HTTP Request: GET https://pyzvscajljdejorlyzef.supabase.co/auth/v1/user "HTTP/2 200 OK"
2025-10-07 19:06:27,523 [INFO] HTTP Request: GET https://hhgljugljgxswlgedrzu.supabase.co/rest/v1/pg_tables?select=%2A "HTTP/2 404 Not Found"
2025-10-07 19:06:29,722 [INFO] HTTP Request: GET https://pyzvscajljdejorlyzef.supabase.co/rest/v1/watchlist?select=id%2Cticker&user_id=eq.04160b49-048f-47d5-b5ef-c462ebc7fd67&order=ticker.asc "HTTP/2 200 OK"
2025-10-07 19:06:29,888 [INFO] HTTP Request: GET https://pyzvscajljdejorlyzef.supabase.co/rest/v1/watchlist?select=id%2Cticker&user_id=eq.04160b49-048f-47d5-b5ef-c462ebc7fd67&order=ticker.asc "HTTP/2 200 OK"
2025-10-07 19:06:30,055 [INFO] HTTP Request: GET https://pyzvscajljdejorlyzef.supabase.co/rest/v1/alerts?select=%2A&user_id=eq.04160b49-048f-47d5-b5ef-c462ebc7fd67&order=ticker.asc "HTTP/2 200 OK"
