2025-09-12 18:45:56,669 [INFO] Tabela stocks gotowa.
2025-09-14 22:26:27,879 [INFO] data/finviz_stocks_*20250914.csv
2025-09-14 22:27:59,088 [INFO] data/finviz_stocks_*20250914.csv
2025-09-14 22:28:05,775 [INFO] data/finviz_stocks_20250914.csv
2025-09-14 22:29:04,795 [INFO] data/finviz_stocks_20250914.csv
2025-09-14 22:29:19,149 [INFO] data/finviz_stocks_20250914.csv
2025-09-14 22:29:47,759 [INFO] data/finviz_stocks_*20250914.csv
2025-09-14 22:30:21,967 [INFO] data/finviz_stocks_*20250914.csv
2025-09-15 17:32:54,831 [INFO] Tabela stocks gotowa
2025-09-15 17:35:54,806 [INFO] Tabela stocks gotowa
2025-09-15 17:38:26,462 [INFO] Tabela stocks gotowa
2025-09-15 17:43:28,689 [INFO] Tabela stocks gotowa
2025-09-15 17:43:28,690 [INFO] data/finviz_stocks_20250914.csv
2025-09-15 17:44:39,748 [INFO] Tabela stocks gotowa
2025-09-15 17:44:39,748 [INFO] data/finviz_stocks_20250914.csv
2025-09-15 17:48:43,796 [INFO] Tabela stocks gotowa
2025-09-15 17:48:43,796 [INFO] data/finviz_stocks_20250914.csv
2025-09-15 17:48:55,895 [INFO] Tabela stocks gotowa
2025-09-15 17:48:55,895 [INFO] data/finviz_stocks_20250914.csv
2025-09-15 17:50:00,336 [INFO] Tabela stocks gotowa
2025-09-15 17:50:00,336 [INFO] data/finviz_stocks_20250914.csv
2025-09-15 17:55:20,743 [INFO] Tabela stocks gotowa
2025-09-15 17:55:20,743 [INFO] data/finviz_stocks_20250914.csv
2025-09-15 17:56:41,798 [INFO] Tabela stocks gotowa
2025-09-15 17:56:41,799 [INFO] data/finviz_stocks_20250914.csv
2025-09-15 18:06:31,295 [INFO] Tabela stocks gotowa
2025-09-15 18:06:31,296 [INFO] data/finviz_stocks_20250915.csv
2025-09-15 18:07:13,427 [INFO] Tabela stocks gotowa
2025-09-15 18:07:13,427 [INFO] data/finviz_stocks_20250915.csv
2025-09-15 18:10:25,693 [INFO] Tabela stocks gotowa
2025-09-15 18:10:25,693 [INFO] data/finviz_stocks_20250915.csv
2025-09-15 18:10:25,802 [INFO] Zapisano 23 rekordów do stocks_data
2025-09-15 18:23:56,530 [INFO] Tabela stocks gotowa
2025-09-15 18:23:56,533 [INFO] data/finviz_stocks_20250915.csv
2025-09-15 18:25:11,703 [INFO] Tabela stocks gotowa
2025-09-15 18:25:11,707 [INFO] data/finviz_stocks_20250915.csv
2025-09-15 18:27:40,631 [INFO] Tabela stocks gotowa
2025-09-15 18:27:40,635 [INFO] data/finviz_stocks_20250915.csv
2025-09-15 18:27:40,643 [ERROR] B³a\u0328d podczas zapisywania do bazy danych: save_data.py Can only use .str accessor with string values!
2025-09-15 18:27:56,833 [INFO] Tabela stocks gotowa
2025-09-15 18:27:56,837 [INFO] data/finviz_stocks_20250915.csv
2025-09-15 18:27:56,847 [ERROR] B³a\u0328d podczas zapisywania do bazy danych: save_data.py Can only use .str accessor with string values!
2025-09-15 18:31:59,659 [INFO] Tabela stocks gotowa
2025-09-15 18:31:59,663 [INFO] data/finviz_stocks_20250915.csv
2025-09-15 18:31:59,694 [INFO] DataFrame przed zapisem:
  ticker                     company  ... fifty_two_week_high fifty_two_week_low
0   BILI            Bilibili Inc ADR  ...               27.35                NaN
1   BRKR                 Bruker Corp  ...               31.54                NaN
2   BTDR  Bitdeer Technologies Group  ...               16.14                NaN
3   CVBF          CVB Financial Corp  ...               20.02                NaN
4    DLO              DLocal Limited  ...               14.31                NaN

[5 rows x 16 columns]
2025-09-15 18:31:59,694 [INFO] Liczba wierszy: 21
2025-09-15 18:31:59,782 [INFO] Zapisano 21 rekordów do stocks_data
2025-09-15 18:38:40,464 [INFO] Tabela stocks gotowa
2025-09-15 18:38:40,471 [INFO] data/finviz_stocks_20250915.csv
2025-09-15 18:38:40,479 [ERROR] B³a\u0328d podczas zapisywania do bazy danych: save_data.py 'market_cap'
2025-09-15 18:41:49,285 [INFO] Tabela stocks gotowa
2025-09-15 18:41:49,290 [INFO] data/finviz_stocks_20250915.csv
2025-09-15 18:41:49,296 [ERROR] B³a\u0328d podczas zapisywania do bazy danych: save_data.py 'market_cap'
2025-09-15 18:43:00,520 [INFO] Tabela stocks gotowa
2025-09-15 18:43:00,524 [INFO] data/finviz_stocks_20250915.csv
2025-09-15 18:43:00,533 [ERROR] B³a\u0328d podczas zapisywania do bazy danych: save_data.py 'fifty_two_week_high'
2025-09-15 18:44:29,453 [INFO] Tabela stocks gotowa
2025-09-15 18:44:29,457 [INFO] data/finviz_stocks_20250915.csv
2025-09-15 18:44:29,473 [ERROR] B³a\u0328d podczas zapisywania do bazy danych: save_data.py 'fifty_two_week_high'
2025-09-15 18:46:09,047 [INFO] Tabela stocks gotowa
2025-09-15 18:46:09,051 [INFO] data/finviz_stocks_20250915.csv
2025-09-15 18:46:09,079 [INFO] DataFrame przed zapisem:
  ticker                     company  ... fifty_two_week_high fifty_two_week_low
0   BILI            Bilibili Inc ADR  ...               27.33                NaN
1   BRKR                 Bruker Corp  ...               31.60                NaN
2   BTDR  Bitdeer Technologies Group  ...               16.11                NaN
3   CVBF          CVB Financial Corp  ...               20.02                NaN
4    DLO              DLocal Limited  ...               14.16                NaN

[5 rows x 16 columns]
2025-09-15 18:46:09,079 [INFO] Liczba wierszy: 18
2025-09-15 18:46:09,174 [INFO] Zapisano 18 rekordów do stocks_data
2025-09-15 18:54:50,811 [INFO] Tabela stocks gotowa
2025-09-15 18:54:50,816 [INFO] data/finviz_stocks_20250915.csv
2025-09-15 18:54:50,844 [INFO] DataFrame przed zapisem:
  ticker                     company  ...  price  change
0   BILI            Bilibili Inc ADR  ...  27.22   6.94%
1   BRKR                 Bruker Corp  ...  31.67   2.45%
2   BTDR  Bitdeer Technologies Group  ...  16.02  -0.81%
3   CVBF          CVB Financial Corp  ...  20.06  -0.20%
4    DLO              DLocal Limited  ...  14.23   3.64%

[5 rows x 16 columns]
2025-09-15 18:54:50,844 [INFO] Liczba wierszy: 16
2025-09-15 18:54:50,933 [ERROR] B³a\u0328d podczas zapisywania do bazy danych: save_data.py (psycopg2.errors.UndefinedColumn) column "p/e" of relation "stocks_data" does not exist
LINE 1: ..., company, sector, industry, country, market_cap, "p/e", eps...
                                                             ^

[SQL: INSERT INTO stocks_data (ticker, company, sector, industry, country, market_cap, "p/e", eps_next_5y, perf_week, perf_month, fifty_two_week_high, fifty_two_week_low, rel_vol, volume, price, change) VALUES (%(ticker__0)s, %(company__0)s, %(sector__0)s, ... 4492 characters truncated ... h__15)s, %(fifty_two_week_low__15)s, %(rel_vol__15)s, %(volume__15)s, %(price__15)s, %(change__15)s)]
[parameters: {'industry__0': 'Internet Content & Information', 'country__0': 'China', 'perf_month__0': '14.26%', 'rel_vol__0': 3.67, 'p/e__0': 393.29, 'fifty_two_week_low__0': None, 'fifty_two_week_high__0': None, 'volume__0': 5868433, 'market_cap__0': 8810000000.0, 'eps_next_5y__0': None, 'price__0': 27.22, 'company__0': 'Bilibili Inc ADR', 'perf_week__0': '20.64%', 'change__0': '6.94%', 'sector__0': 'Communication Services', 'ticker__0': 'BILI', 'industry__1': 'Medical Devices', 'country__1': 'USA', 'perf_month__1': '-5.86%', 'rel_vol__1': 2.25, 'p/e__1': 60.45, 'fifty_two_week_low__1': None, 'fifty_two_week_high__1': None, 'volume__1': 4166394, 'market_cap__1': 4800000000.0, 'eps_next_5y__1': None, 'price__1': 31.67, 'company__1': 'Bruker Corp', 'perf_week__1': '2.82%', 'change__1': '2.45%', 'sector__1': 'Healthcare', 'ticker__1': 'BRKR', 'industry__2': 'Software - Application', 'country__2': 'Singapore', 'perf_month__2': '16.25%', 'rel_vol__2': 1.74, 'p/e__2': None, 'fifty_two_week_low__2': None, 'fifty_two_week_high__2': None, 'volume__2': 3964954, 'market_cap__2': 3150000000.0, 'eps_next_5y__2': None, 'price__2': 16.02, 'company__2': 'Bitdeer Technologies Group', 'perf_week__2': '26.14%', 'change__2': '-0.81%', 'sector__2': 'Technology', 'ticker__2': 'BTDR', 'industry__3': 'Banks - Regional', 'country__3': 'USA' ... 156 parameters truncated ... 'sector__12': 'Communication Services', 'ticker__12': 'RUM', 'industry__13': 'Software - Application', 'country__13': 'USA', 'perf_month__13': '-12.00%', 'rel_vol__13': 1.52, 'p/e__13': None, 'fifty_two_week_low__13': None, 'fifty_two_week_high__13': None, 'volume__13': 40445151, 'market_cap__13': 5930000000.0, 'eps_next_5y__13': None, 'price__13': 14.56, 'company__13': 'SoundHound AI Inc', 'perf_week__13': '-4.81%', 'change__13': '3.08%', 'sector__13': 'Technology', 'ticker__13': 'SOUN', 'industry__14': 'Health Information Services', 'country__14': 'USA', 'perf_month__14': '6.86%', 'rel_vol__14': 1.85, 'p/e__14': 79.67, 'fifty_two_week_low__14': None, 'fifty_two_week_high__14': None, 'volume__14': 1751884, 'market_cap__14': 6610000000.0, 'eps_next_5y__14': None, 'price__14': 37.96, 'company__14': 'Waystar Holding Corp', 'perf_week__14': '-7.11%', 'change__14': '1.59%', 'sector__14': 'Healthcare', 'ticker__14': 'WAY', 'industry__15': 'Software - Application', 'country__15': 'China', 'perf_month__15': '4.85%', 'rel_vol__15': 2.64, 'p/e__15': None, 'fifty_two_week_low__15': None, 'fifty_two_week_high__15': None, 'volume__15': 8972739, 'market_cap__15': 2690000000.0, 'eps_next_5y__15': None, 'price__15': 10.12, 'company__15': 'WeRide Inc. ADR', 'perf_week__15': '10.22%', 'change__15': '2.83%', 'sector__15': 'Technology', 'ticker__15': 'WRD'}]
(Background on this error at: https://sqlalche.me/e/20/f405)
2025-09-15 19:02:36,816 [INFO] Tabela stocks gotowa
2025-09-15 19:02:36,824 [INFO] data/finviz_stocks_20250915.csv
2025-09-15 19:02:36,852 [INFO] DataFrame przed zapisem:
  ticker                     company  ...  price  change
0   BILI            Bilibili Inc ADR  ...  27.22   6.94%
1   BRKR                 Bruker Corp  ...  31.67   2.45%
2   BTDR  Bitdeer Technologies Group  ...  16.02  -0.81%
3   CVBF          CVB Financial Corp  ...  20.06  -0.20%
4    DLO              DLocal Limited  ...  14.23   3.64%

[5 rows x 16 columns]
2025-09-15 19:02:36,852 [INFO] Liczba wierszy: 16
2025-09-15 19:02:37,019 [INFO] Zapisano 16 rekordów do stocks_data
2025-09-15 19:06:48,311 [INFO] Tabela stocks gotowa
2025-09-15 19:06:48,315 [INFO] data/finviz_stocks_20250915.csv
2025-09-15 19:06:48,325 [ERROR] B³a\u0328d podczas zapisywania do bazy danych: save_data.py 'fifty_two_week_high'
2025-09-15 19:07:10,816 [INFO] Tabela stocks gotowa
2025-09-15 19:07:10,820 [INFO] data/finviz_stocks_20250915.csv
2025-09-15 19:07:10,830 [ERROR] B³a\u0328d podczas zapisywania do bazy danych: save_data.py 'fifty_two_week_high'
2025-09-15 19:39:16,285 [INFO] Tabela stocks gotowa
2025-09-15 19:39:16,291 [INFO] data/finviz_stocks_20250915.csv
2025-09-15 19:39:16,327 [INFO] DataFrame przed zapisem:
  ticker                     company  ...  price  change
0   BILI            Bilibili Inc ADR  ...  27.14   6.64%
1   BRKR                 Bruker Corp  ...  31.75   2.72%
2   BTDR  Bitdeer Technologies Group  ...  16.07  -0.50%
3   CVBF          CVB Financial Corp  ...  20.03  -0.35%
4    DLO              DLocal Limited  ...  14.34   4.44%

[5 rows x 16 columns]
2025-09-15 19:39:16,327 [INFO] Liczba wierszy: 14
2025-09-15 19:39:16,440 [INFO] Zapisano 14 rekordów do stocks_data
2025-09-15 19:42:26,819 [INFO] Tabela stocks gotowa
2025-09-15 19:42:26,826 [INFO] data/finviz_stocks_20250915.csv
2025-09-15 19:42:26,862 [INFO] DataFrame przed zapisem:
  ticker                     company  ...  price  change
0   BILI            Bilibili Inc ADR  ...  27.14   6.64%
1   BRKR                 Bruker Corp  ...  31.75   2.72%
2   BTDR  Bitdeer Technologies Group  ...  16.07  -0.50%
3   CVBF          CVB Financial Corp  ...  20.03  -0.35%
4    DLO              DLocal Limited  ...  14.34   4.44%

[5 rows x 16 columns]
2025-09-15 19:42:26,862 [INFO] Liczba wierszy: 14
2025-09-15 19:42:26,964 [INFO] Zapisano 14 rekordów do stocks_data
2025-09-15 19:45:03,664 [INFO] Tabela stocks gotowa
2025-09-15 19:45:03,669 [INFO] data/finviz_stocks_20250915.csv
2025-09-15 19:45:03,701 [INFO] DataFrame przed zapisem:
  ticker                     company  ...  price  change
0   BILI            Bilibili Inc ADR  ...  27.14   6.64%
1   BRKR                 Bruker Corp  ...  31.75   2.72%
2   BTDR  Bitdeer Technologies Group  ...  16.07  -0.50%
3   CVBF          CVB Financial Corp  ...  20.03  -0.35%
4    DLO              DLocal Limited  ...  14.34   4.44%

[5 rows x 16 columns]
2025-09-15 19:45:03,701 [INFO] Liczba wierszy: 14
2025-09-15 19:45:03,873 [INFO] Zapisano 14 rekordów do stocks_data
2025-09-16 19:06:47,983 [INFO] Tabela stocks gotowa
2025-09-16 19:06:47,991 [INFO] data/finviz_stocks_20250916.csv
2025-09-16 19:06:48,024 [INFO] DataFrame przed zapisem:
  ticker                      company  ...  price  change
0   AMKR         AMKOR Technology Inc  ...  26.65   3.79%
1    DLO               DLocal Limited  ...  14.69   3.60%
2   HSAI              Hesai Group ADR  ...  28.81  -3.32%
3   MARA            MARA Holdings Inc  ...  17.19   5.88%
4   MLTX  MoonLake Immunotherapeutics  ...  53.21  -0.11%

[5 rows x 16 columns]
2025-09-16 19:06:48,024 [INFO] Liczba wierszy: 12
2025-09-16 19:06:48,150 [INFO] Zapisano 12 rekordów do stocks_data
2025-09-16 19:17:56,443 [INFO] Tabela stocks gotowa
2025-09-16 19:17:56,450 [INFO] data/finviz_stocks_20250916.csv
2025-09-16 19:17:56,477 [INFO] DataFrame przed zapisem:
  ticker                      company  ...  change import_date
0   AMKR         AMKOR Technology Inc  ...   3.79%  2025-09-16
1    DLO               DLocal Limited  ...   3.60%  2025-09-16
2   HSAI              Hesai Group ADR  ...  -3.32%  2025-09-16
3   MARA            MARA Holdings Inc  ...   5.88%  2025-09-16
4   MLTX  MoonLake Immunotherapeutics  ...  -0.11%  2025-09-16

[5 rows x 17 columns]
2025-09-16 19:17:56,477 [INFO] Liczba wierszy: 12
2025-09-16 19:17:56,582 [INFO] Zapisano 12 rekordów do stocks_data
2025-09-16 19:18:59,156 [INFO] Tabela stocks gotowa
2025-09-16 19:18:59,163 [INFO] data/finviz_stocks_20250915.csv
2025-09-16 19:18:59,189 [INFO] DataFrame przed zapisem:
  ticker                     company  ...  change import_date
0   BILI            Bilibili Inc ADR  ...   6.64%  2025-09-15
1   BRKR                 Bruker Corp  ...   2.72%  2025-09-15
2   BTDR  Bitdeer Technologies Group  ...  -0.50%  2025-09-15
3   CVBF          CVB Financial Corp  ...  -0.35%  2025-09-15
4    DLO              DLocal Limited  ...   4.44%  2025-09-15

[5 rows x 17 columns]
2025-09-16 19:18:59,191 [INFO] Liczba wierszy: 14
2025-09-16 19:18:59,285 [INFO] Zapisano 14 rekordów do stocks_data
2025-09-16 19:25:44,352 [INFO] Tabela stocks gotowa
2025-09-16 19:25:44,356 [INFO] data/finviz_stocks_20250915.csv
2025-09-16 19:25:44,358 [ERROR] B³¹d podczas zapisywania do bazy danych: Error tokenizing data. C error: Expected 16 fields in line 16, saw 17

2025-09-16 19:27:39,287 [INFO] Tabela stocks gotowa
2025-09-16 19:27:39,291 [INFO] data/finviz_stocks_20250915.csv
2025-09-16 19:27:39,293 [ERROR] B³¹d podczas zapisywania do bazy danych: Error tokenizing data. C error: Expected 16 fields in line 16, saw 17

2025-09-16 19:30:11,038 [INFO] Tabela stocks gotowa
2025-09-16 19:30:11,041 [INFO] data/finviz_stocks_20250915.csv
2025-09-16 19:30:11,045 [ERROR] B³¹d podczas zapisywania do bazy danych: Error tokenizing data. C error: Expected 16 fields in line 16, saw 17

2025-09-16 19:30:24,942 [INFO] Tabela stocks gotowa
2025-09-16 19:30:24,948 [INFO] data/finviz_stocks_20250915.csv
2025-09-16 19:30:24,988 [INFO] DataFrame przed zapisem:
  ticker                     company  ...  change import_date
0   BILI            Bilibili Inc ADR  ...   6.64%  2025-09-15
1   BRKR                 Bruker Corp  ...   2.72%  2025-09-15
2   BTDR  Bitdeer Technologies Group  ...  -0.50%  2025-09-15
3   CVBF          CVB Financial Corp  ...  -0.35%  2025-09-15
4    DLO              DLocal Limited  ...   4.44%  2025-09-15

[5 rows x 17 columns]
2025-09-16 19:30:24,989 [INFO] Liczba wierszy: 14
2025-09-16 19:30:25,154 [ERROR] B³¹d podczas zapisywania do bazy danych: (psycopg2.errors.UniqueViolation) duplicate key value violates unique constraint "stocks_data_ticker_import_date_key"
DETAIL:  Key (ticker, import_date)=(BILI, 2025-09-15) already exists.

[SQL: INSERT INTO stocks_data (ticker, company, sector, industry, country, market_cap, p_e, eps_next_5y, perf_week, perf_month, fifty_two_week_high, fifty_two_week_low, rel_volume, volume, price, change, import_date) VALUES (%(ticker__0)s, %(company__0)s,  ... 4232 characters truncated ... k_low__13)s, %(rel_volume__13)s, %(volume__13)s, %(price__13)s, %(change__13)s, %(import_date__13)s)]
[parameters: {'sector__0': 'Communication Services', 'company__0': 'Bilibili Inc ADR', 'ticker__0': 'BILI', 'industry__0': 'Internet Content & Information', 'perf_week__0': '20.30%', 'rel_volume__0': 3.53, 'p_e__0': 392.2, 'volume__0': 5934635, 'change__0': '6.64%', 'eps_next_5y__0': None, 'fifty_two_week_high__0': '-14.57%', 'price__0': 27.14, 'import_date__0': datetime.date(2025, 9, 15), 'market_cap__0': 8790000000.0, 'perf_month__0': '13.94%', 'country__0': 'China', 'fifty_two_week_low__0': '89.00%', 'sector__1': 'Healthcare', 'company__1': 'Bruker Corp', 'ticker__1': 'BRKR', 'industry__1': 'Medical Devices', 'perf_week__1': '3.08%', 'rel_volume__1': 2.16, 'p_e__1': 60.6, 'volume__1': 4219006, 'change__1': '2.72%', 'eps_next_5y__1': '3.95%', 'fifty_two_week_high__1': '-56.47%', 'price__1': 31.75, 'import_date__1': datetime.date(2025, 9, 15), 'market_cap__1': 4820000000.0, 'perf_month__1': '-5.62%', 'country__1': 'USA', 'fifty_two_week_low__1': '11.29%', 'sector__2': 'Technology', 'company__2': 'Bitdeer Technologies Group', 'ticker__2': 'BTDR', 'industry__2': 'Software - Application', 'perf_week__2': '26.54%', 'rel_volume__2': 1.69, 'p_e__2': None, 'volume__2': 4047871, 'change__2': '-0.50%', 'eps_next_5y__2': None, 'fifty_two_week_high__2': '-40.46%', 'price__2': 16.07, 'import_date__2': datetime.date(2025, 9, 15), 'market_cap__2': 3160000000.0, 'perf_month__2': '16.62%', 'country__2': 'Singapore' ... 138 parameters truncated ... 'company__11': 'Rumble Inc', 'ticker__11': 'RUM', 'industry__11': 'Internet Content & Information', 'perf_week__11': '3.76%', 'rel_volume__11': 2.3, 'p_e__11': None, 'volume__11': 3468528, 'change__11': '3.76%', 'eps_next_5y__11': '68.89%', 'fifty_two_week_high__11': '-56.41%', 'price__11': 7.59, 'import_date__11': datetime.date(2025, 9, 15), 'market_cap__11': 2570000000.0, 'perf_month__11': '-5.89%', 'country__11': 'USA', 'fifty_two_week_low__11': '50.80%', 'sector__12': 'Healthcare', 'company__12': 'Waystar Holding Corp', 'ticker__12': 'WAY', 'industry__12': 'Health Information Services', 'perf_week__12': '-7.53%', 'rel_volume__12': 1.82, 'p_e__12': 79.31, 'volume__12': 1814062, 'change__12': '1.14%', 'eps_next_5y__12': '17.93%', 'fifty_two_week_high__12': '-21.46%', 'price__12': 37.78, 'import_date__12': datetime.date(2025, 9, 15), 'market_cap__12': 6580000000.0, 'perf_month__12': '6.38%', 'country__12': 'USA', 'fifty_two_week_low__12': '43.89%', 'sector__13': 'Technology', 'company__13': 'WeRide Inc. ADR', 'ticker__13': 'WRD', 'industry__13': 'Software - Application', 'perf_week__13': '9.89%', 'rel_volume__13': 2.53, 'p_e__13': None, 'volume__13': 9067915, 'change__13': '2.52%', 'eps_next_5y__13': '48.77%', 'fifty_two_week_high__13': '-77.07%', 'price__13': 10.09, 'import_date__13': datetime.date(2025, 9, 15), 'market_cap__13': 2690000000.0, 'perf_month__13': '4.54%', 'country__13': 'China', 'fifty_two_week_low__13': '67.29%'}]
(Background on this error at: https://sqlalche.me/e/20/gkpj)
2025-09-16 19:31:53,432 [INFO] Tabela stocks gotowa
2025-09-16 19:31:53,439 [INFO] data/finviz_stocks_20250916.csv
2025-09-16 19:31:53,466 [INFO] DataFrame przed zapisem:
  ticker                      company  ...  change import_date
0   AMKR         AMKOR Technology Inc  ...   3.79%  2025-09-16
1    DLO               DLocal Limited  ...   3.60%  2025-09-16
2   HSAI              Hesai Group ADR  ...  -3.32%  2025-09-16
3   MARA            MARA Holdings Inc  ...   5.88%  2025-09-16
4   MLTX  MoonLake Immunotherapeutics  ...  -0.11%  2025-09-16

[5 rows x 17 columns]
2025-09-16 19:31:53,466 [INFO] Liczba wierszy: 14
2025-09-16 19:31:53,552 [ERROR] B³¹d podczas zapisywania do bazy danych: (psycopg2.errors.UniqueViolation) duplicate key value violates unique constraint "stocks_data_ticker_import_date_key"
DETAIL:  Key (ticker, import_date)=(AMKR, 2025-09-16) already exists.

[SQL: INSERT INTO stocks_data (ticker, company, sector, industry, country, market_cap, p_e, eps_next_5y, perf_week, perf_month, fifty_two_week_high, fifty_two_week_low, rel_volume, volume, price, change, import_date) VALUES (%(ticker__0)s, %(company__0)s,  ... 4232 characters truncated ... k_low__13)s, %(rel_volume__13)s, %(volume__13)s, %(price__13)s, %(change__13)s, %(import_date__13)s)]
[parameters: {'perf_week__0': '7.17%', 'market_cap__0': 6590000000.0, 'fifty_two_week_high__0': '-16.65%', 'change__0': '3.79%', 'rel_volume__0': 1.79, 'company__0': 'AMKOR Technology Inc', 'industry__0': 'Semiconductor Equipment & Materials', 'perf_month__0': '12.18%', 'fifty_two_week_low__0': '89.98%', 'volume__0': 1974319.0, 'p_e__0': 21.75, 'import_date__0': datetime.date(2025, 9, 16), 'eps_next_5y__0': '12.08%', 'price__0': 26.65, 'sector__0': 'Technology', 'country__0': 'USA', 'ticker__0': 'AMKR', 'perf_week__1': '7.46%', 'market_cap__1': 4390000000.0, 'fifty_two_week_high__1': '-10.64%', 'change__1': '3.60%', 'rel_volume__1': 1.82, 'company__1': 'DLocal Limited', 'industry__1': 'Software - Infrastructure', 'perf_month__1': '-6.19%', 'fifty_two_week_low__1': '102.21%', 'volume__1': 2359438.0, 'p_e__1': 28.93, 'import_date__1': datetime.date(2025, 9, 16), 'eps_next_5y__1': '37.51%', 'price__1': 14.69, 'sector__1': 'Technology', 'country__1': 'USA', 'ticker__1': 'DLO', 'perf_week__2': '0.07%', 'market_cap__2': 3040000000.0, 'fifty_two_week_high__2': '-5.35%', 'change__2': '-3.32%', 'rel_volume__2': 2.09, 'company__2': 'Hesai Group ADR', 'industry__2': 'Auto Parts', 'perf_month__2': '12.58%', 'fifty_two_week_low__2': '646.37%', 'volume__2': 3618958.0, 'p_e__2': 261.43, 'import_date__2': datetime.date(2025, 9, 16), 'eps_next_5y__2': None, 'price__2': 28.81, 'sector__2': 'Consumer Cyclical', 'country__2': 'China' ... 138 parameters truncated ... 'market_cap__11': 2710000000.0, 'fifty_two_week_high__11': '12.35%', 'change__11': '38.56%', 'rel_volume__11': 16.37, 'company__11': 'Webtoon Entertainment Inc', 'industry__11': 'Internet Content & Information', 'perf_month__11': '38.46%', 'fifty_two_week_low__11': '207.08%', 'volume__11': 6257888.0, 'p_e__11': None, 'import_date__11': datetime.date(2025, 9, 16), 'eps_next_5y__11': None, 'price__11': 20.73, 'sector__11': 'Communication Services', 'country__11': 'USA', 'ticker__11': 'WBTN', 'perf_week__12': '9.89%', 'market_cap__12': 2690000000.0, 'fifty_two_week_high__12': '-77.07%', 'change__12': '2.52%', 'rel_volume__12': 2.53, 'company__12': 'WeRide Inc. ADR', 'industry__12': 'Software - Application', 'perf_month__12': '4.54%', 'fifty_two_week_low__12': '67.29%', 'volume__12': 9067915.0, 'p_e__12': None, 'import_date__12': datetime.date(2025, 9, 16), 'eps_next_5y__12': '48.77%', 'price__12': 10.09, 'sector__12': 'Technology', 'country__12': 'China', 'ticker__12': 'WRD', 'perf_week__13': ' 1000%', 'market_cap__13': 2000000000.0, 'fifty_two_week_high__13': ' 1000%', 'change__13': ' 100%', 'rel_volume__13': 10.2, 'company__13': ' xxxx', 'industry__13': ' xxxxxx', 'perf_month__13': ' 1000%', 'fifty_two_week_low__13': ' 1000%', 'volume__13': None, 'p_e__13': 3232.0, 'import_date__13': datetime.date(2025, 9, 16), 'eps_next_5y__13': ' 4444%', 'price__13': 10000.0, 'sector__13': ' xxx', 'country__13': ' xx', 'ticker__13': 'xxx'}]
(Background on this error at: https://sqlalche.me/e/20/gkpj)
2025-09-16 19:33:14,839 [INFO] Tabela stocks gotowa
2025-09-16 19:33:14,842 [INFO] data/finviz_stocks_20250916.csv
2025-09-16 19:33:14,868 [INFO] DataFrame przed zapisem:
  ticker                      company  ...  change import_date
0   AMKR         AMKOR Technology Inc  ...   3.79%  2025-09-16
1    DLO               DLocal Limited  ...   3.60%  2025-09-16
2   HSAI              Hesai Group ADR  ...  -3.32%  2025-09-16
3   MARA            MARA Holdings Inc  ...   5.88%  2025-09-16
4   MLTX  MoonLake Immunotherapeutics  ...  -0.11%  2025-09-16

[5 rows x 17 columns]
2025-09-16 19:33:14,868 [INFO] Liczba wierszy: 14
2025-09-16 19:33:14,953 [INFO] Zapisano 14 rekordów do stocks_data
2025-09-16 19:34:19,743 [INFO] Tabela stocks gotowa
2025-09-16 19:34:19,749 [INFO] data/finviz_stocks_20250915.csv
2025-09-16 19:34:19,776 [INFO] DataFrame przed zapisem:
  ticker                     company  ...  change import_date
0   BILI            Bilibili Inc ADR  ...   6.64%  2025-09-15
1   BRKR                 Bruker Corp  ...   2.72%  2025-09-15
2   BTDR  Bitdeer Technologies Group  ...  -0.50%  2025-09-15
3   CVBF          CVB Financial Corp  ...  -0.35%  2025-09-15
4    DLO              DLocal Limited  ...   4.44%  2025-09-15

[5 rows x 17 columns]
2025-09-16 19:34:19,776 [INFO] Liczba wierszy: 14
2025-09-16 19:34:19,858 [INFO] Zapisano 14 rekordów do stocks_data
2025-09-22 17:26:45,436 [INFO] Tabela stocks gotowa
2025-09-22 17:26:45,441 [INFO] data/finviz_stocks_20250922.csv
2025-09-22 17:26:45,441 [ERROR] B³¹d podczas zapisywania do bazy danych: Brak pliku z koncowka '20250922'
2025-09-22 17:28:05,955 [INFO] Tabela stocks gotowa
2025-09-22 17:28:05,961 [INFO] data/finviz_stocks_20250916.csv
2025-09-22 17:28:05,961 [ERROR] B³¹d podczas zapisywania do bazy danych: Brak pliku z koncowka '20250916'
