2025-09-12 18:50:15,586 [ERROR] BĹ‚Ä…d gĹ‚Ăłwny scraper.py: Nie znaleziono tabeli na stronie
2025-09-14 16:09:46,174 [INFO] Pobieranie danych z Finviz...
2025-09-14 16:09:47,572 [INFO] Pobrano 0 wierszy z Finviz
2025-09-14 16:09:47,580 [INFO] Dane zapisane do data/finviz_latest.csv
2025-09-14 16:12:15,404 [INFO] Pobieranie danych z Finviz...
2025-09-14 16:12:16,985 [ERROR] Błąd główny scraper.py: list index out of range
2025-09-14 16:14:52,699 [INFO] Pobieranie danych z Finviz...
2025-09-14 16:14:54,378 [INFO] Pobrano 0 wierszy z Finviz
2025-09-14 16:14:54,384 [INFO] Dane zapisane do data/finviz_latest.csv
2025-09-15 17:53:11,683 [INFO] Pobrano 20 wierszy ze strony r=1.
2025-09-15 17:53:12,412 [INFO] Pobrano 4 wierszy ze strony r=21.
2025-09-15 17:53:13,162 [INFO] Nie znaleziono więcej wierszy przy r=41. Kończymy.
2025-09-15 17:53:13,175 [INFO] Dane zapisane do finviz_stocks_20250915.csv
2025-09-15 17:53:35,336 [INFO] Pobrano 20 wierszy ze strony r=1.
2025-09-15 17:53:36,142 [INFO] Pobrano 4 wierszy ze strony r=21.
2025-09-15 17:53:36,907 [INFO] Nie znaleziono więcej wierszy przy r=41. Kończymy.
2025-09-15 17:55:05,914 [INFO] Pobrano 20 wierszy ze strony r=1.
2025-09-15 17:55:06,640 [INFO] Pobrano 5 wierszy ze strony r=21.
2025-09-15 17:55:07,354 [INFO] Nie znaleziono więcej wierszy przy r=41. Kończymy.
2025-09-15 17:55:07,364 [INFO] Dane zapisane do C:\Users\admin\PycharmProjects\stock-momentum-screener\src\data\finviz_stocks_20250915.csv
2025-09-15 18:05:27,632 [INFO] Pobrano 20 wierszy ze strony r=1.
2025-09-15 18:05:28,348 [INFO] Pobrano 2 wierszy ze strony r=21.
2025-09-15 18:05:29,110 [INFO] Nie znaleziono więcej wierszy przy r=41. Kończymy.
2025-09-15 18:05:29,121 [INFO] Dane zapisane do C:\Users\admin\PycharmProjects\stock-momentum-screener\src\data\finviz_stocks_20250915.csv
2025-09-15 18:10:01,644 [INFO] Pobrano 20 wierszy ze strony r=1.
2025-09-15 18:10:02,408 [INFO] Pobrano 3 wierszy ze strony r=21.
2025-09-15 18:10:03,122 [INFO] Nie znaleziono więcej wierszy przy r=41. Kończymy.
2025-09-15 18:10:03,140 [INFO] Dane zapisane do C:\Users\admin\PycharmProjects\stock-momentum-screener\src\data\finviz_stocks_20250915.csv
2025-09-15 18:22:34,237 [INFO] Pobrano 20 wierszy ze strony r=1.
2025-09-15 18:22:34,931 [INFO] Pobrano 1 wierszy ze strony r=21.
2025-09-15 18:22:35,656 [INFO] Nie znaleziono więcej wierszy przy r=41. Kończymy.
2025-09-15 18:23:34,023 [INFO] Pobrano 20 wierszy ze strony r=1.
2025-09-15 18:23:34,728 [INFO] Pobrano 1 wierszy ze strony r=21.
2025-09-15 18:23:35,444 [INFO] Nie znaleziono więcej wierszy przy r=41. Kończymy.
2025-09-15 18:23:35,458 [INFO] Dane zapisane do C:\Users\admin\PycharmProjects\stock-momentum-screener\src\data\finviz_stocks_20250915.csv
2025-09-15 18:36:38,511 [INFO] Pobrano 18 wierszy ze strony r=1.
2025-09-15 18:36:39,296 [INFO] Nie znaleziono więcej wierszy przy r=21. Kończymy.
2025-09-15 18:36:39,311 [INFO] Dane zapisane do C:\Users\admin\PycharmProjects\stock-momentum-screener\src\data\finviz_stocks_20250915.csv
2025-09-15 18:38:04,313 [INFO] Pobrano 18 wierszy ze strony r=1.
2025-09-15 18:38:05,264 [INFO] Nie znaleziono więcej wierszy przy r=21. Kończymy.
2025-09-15 18:38:05,278 [INFO] Dane zapisane do C:\Users\admin\PycharmProjects\stock-momentum-screener\src\data\finviz_stocks_20250915.csv
2025-09-15 18:54:13,584 [INFO] Pobrano 16 wierszy ze strony r=1.
2025-09-15 18:54:14,339 [INFO] Nie znaleziono więcej wierszy przy r=21. Kończymy.
2025-09-15 18:54:14,350 [INFO] Dane zapisane do C:\Users\admin\PycharmProjects\stock-momentum-screener\src\data\finviz_stocks_20250915.csv
2025-09-15 19:04:27,220 [INFO] Pobrano 14 wierszy ze strony r=1.
2025-09-15 19:04:27,918 [INFO] Nie znaleziono więcej wierszy przy r=21. Kończymy.
2025-09-15 19:04:27,929 [INFO] Dane zapisane do C:\Users\admin\PycharmProjects\stock-momentum-screener\src\data\finviz_stocks_20250915.csv
2025-09-16 19:06:05,245 [INFO] Pobrano 12 wierszy ze strony r=1.
2025-09-16 19:06:06,420 [INFO] Nie znaleziono więcej wierszy przy r=21. Kończymy.
2025-09-16 19:06:06,439 [INFO] Dane zapisane do C:\Users\admin\PycharmProjects\stock-momentum-screener\src\data\finviz_stocks_20250916.csv
2025-09-17 20:48:13,739 [INFO] Pobrano 18 wierszy ze strony r=1.
2025-09-17 20:48:14,484 [INFO] Nie znaleziono więcej wierszy przy r=21. Kończymy.
2025-09-17 20:48:14,495 [INFO] Dane zapisane do C:\Users\admin\PycharmProjects\stock-momentum-screener\src\data\finviz_stocks_20250917.csv
2025-09-18 22:24:40,465 [INFO] Pobrano 20 wierszy ze strony r=1.
2025-09-18 22:24:41,178 [INFO] Pobrano 20 wierszy ze strony r=21.
2025-09-18 22:24:41,937 [INFO] Pobrano 5 wierszy ze strony r=41.
2025-09-18 22:24:42,578 [INFO] Nie znaleziono więcej wierszy przy r=61. Kończymy.
2025-09-18 22:24:42,592 [INFO] Dane zapisane do C:\Users\admin\PycharmProjects\stock-momentum-screener\src\data\finviz_stocks_20250918.csv
2025-09-19 22:02:45,642 [INFO] Pobrano 20 wierszy ze strony r=1.
2025-09-19 22:02:46,388 [INFO] Pobrano 20 wierszy ze strony r=21.
2025-09-19 22:02:47,148 [INFO] Pobrano 20 wierszy ze strony r=41.
2025-09-19 22:02:47,933 [INFO] Pobrano 20 wierszy ze strony r=61.
2025-09-19 22:02:48,744 [INFO] Pobrano 20 wierszy ze strony r=81.
2025-09-19 22:02:49,520 [INFO] Pobrano 20 wierszy ze strony r=101.
2025-09-19 22:02:50,326 [INFO] Pobrano 20 wierszy ze strony r=121.
2025-09-19 22:02:51,132 [INFO] Pobrano 20 wierszy ze strony r=141.
2025-09-19 22:02:51,928 [INFO] Pobrano 20 wierszy ze strony r=161.
2025-09-19 22:02:52,702 [INFO] Pobrano 20 wierszy ze strony r=181.
2025-09-19 22:02:53,569 [INFO] Pobrano 20 wierszy ze strony r=201.
2025-09-19 22:02:54,403 [INFO] Pobrano 20 wierszy ze strony r=221.
2025-09-19 22:02:55,323 [INFO] Pobrano 20 wierszy ze strony r=241.
2025-09-19 22:02:56,230 [INFO] Pobrano 20 wierszy ze strony r=261.
2025-09-19 22:02:57,084 [INFO] Pobrano 20 wierszy ze strony r=281.
2025-09-19 22:02:58,002 [INFO] Pobrano 20 wierszy ze strony r=301.
2025-09-19 22:02:58,974 [INFO] Pobrano 20 wierszy ze strony r=321.
2025-09-19 22:02:59,995 [INFO] Pobrano 20 wierszy ze strony r=341.
2025-09-19 22:03:00,908 [INFO] Pobrano 20 wierszy ze strony r=361.
2025-09-19 22:03:01,849 [INFO] Pobrano 20 wierszy ze strony r=381.
2025-09-19 22:03:02,726 [INFO] Pobrano 20 wierszy ze strony r=401.
2025-09-19 22:03:03,631 [INFO] Pobrano 20 wierszy ze strony r=421.
2025-09-19 22:03:04,388 [INFO] Pobrano 20 wierszy ze strony r=441.
2025-09-19 22:03:05,144 [INFO] Pobrano 20 wierszy ze strony r=461.
2025-09-19 22:03:06,003 [INFO] Pobrano 20 wierszy ze strony r=481.
2025-09-19 22:03:07,147 [INFO] Pobrano 20 wierszy ze strony r=501.
2025-09-19 22:03:08,025 [INFO] Pobrano 20 wierszy ze strony r=521.
2025-09-19 22:03:08,834 [INFO] Pobrano 20 wierszy ze strony r=541.
2025-09-19 22:03:09,703 [INFO] Pobrano 20 wierszy ze strony r=561.
2025-09-19 22:03:10,437 [INFO] Pobrano 20 wierszy ze strony r=581.
2025-09-19 22:03:11,227 [INFO] Pobrano 20 wierszy ze strony r=601.
2025-09-19 22:03:12,043 [INFO] Pobrano 20 wierszy ze strony r=621.
2025-09-19 22:03:12,811 [INFO] Pobrano 20 wierszy ze strony r=641.
2025-09-19 22:03:13,543 [INFO] Pobrano 20 wierszy ze strony r=661.
2025-09-19 22:03:14,375 [INFO] Pobrano 20 wierszy ze strony r=681.
2025-09-19 22:03:15,107 [INFO] Pobrano 20 wierszy ze strony r=701.
2025-09-19 22:03:15,863 [INFO] Pobrano 20 wierszy ze strony r=721.
2025-09-19 22:03:16,613 [INFO] Pobrano 20 wierszy ze strony r=741.
2025-09-19 22:03:17,369 [INFO] Pobrano 20 wierszy ze strony r=761.
2025-09-19 22:03:18,145 [INFO] Pobrano 20 wierszy ze strony r=781.
2025-09-19 22:03:18,899 [INFO] Pobrano 20 wierszy ze strony r=801.
2025-09-19 22:03:19,623 [INFO] Pobrano 20 wierszy ze strony r=821.
2025-09-19 22:03:20,442 [INFO] Pobrano 20 wierszy ze strony r=841.
2025-09-19 22:03:21,266 [INFO] Pobrano 20 wierszy ze strony r=861.
2025-09-19 22:03:22,083 [INFO] Pobrano 20 wierszy ze strony r=881.
2025-09-19 22:03:22,869 [INFO] Pobrano 20 wierszy ze strony r=901.
2025-09-19 22:03:23,637 [INFO] Pobrano 20 wierszy ze strony r=921.
2025-09-19 22:03:24,471 [INFO] Pobrano 20 wierszy ze strony r=941.
2025-09-19 22:03:25,277 [INFO] Pobrano 20 wierszy ze strony r=961.
2025-09-19 22:03:26,194 [INFO] Pobrano 20 wierszy ze strony r=981.
2025-09-19 22:03:26,892 [INFO] Pobrano 20 wierszy ze strony r=1001.
2025-09-19 22:03:27,688 [INFO] Pobrano 20 wierszy ze strony r=1021.
2025-09-19 22:03:28,416 [INFO] Pobrano 20 wierszy ze strony r=1041.
2025-09-19 22:03:29,154 [INFO] Pobrano 20 wierszy ze strony r=1061.
2025-09-19 22:03:29,940 [INFO] Pobrano 20 wierszy ze strony r=1081.
2025-09-19 22:03:30,719 [INFO] Pobrano 20 wierszy ze strony r=1101.
2025-09-19 22:03:31,502 [INFO] Pobrano 20 wierszy ze strony r=1121.
2025-09-19 22:03:32,293 [INFO] Pobrano 20 wierszy ze strony r=1141.
2025-09-19 22:03:33,060 [INFO] Pobrano 20 wierszy ze strony r=1161.
2025-09-19 22:03:33,836 [INFO] Pobrano 20 wierszy ze strony r=1181.
2025-09-19 22:03:34,593 [INFO] Pobrano 20 wierszy ze strony r=1201.
2025-09-19 22:03:35,379 [INFO] Pobrano 20 wierszy ze strony r=1221.
2025-09-19 22:03:36,162 [INFO] Pobrano 20 wierszy ze strony r=1241.
2025-09-19 22:03:36,965 [INFO] Pobrano 20 wierszy ze strony r=1261.
2025-09-19 22:03:37,810 [INFO] Pobrano 20 wierszy ze strony r=1281.
2025-09-19 22:03:38,578 [INFO] Pobrano 20 wierszy ze strony r=1301.
2025-09-19 22:03:39,324 [INFO] Pobrano 20 wierszy ze strony r=1321.
2025-09-19 22:03:40,075 [INFO] Pobrano 20 wierszy ze strony r=1341.
2025-09-19 22:03:40,894 [INFO] Pobrano 20 wierszy ze strony r=1361.
2025-09-19 22:03:41,701 [INFO] Pobrano 20 wierszy ze strony r=1381.
2025-09-19 22:03:42,472 [INFO] Pobrano 20 wierszy ze strony r=1401.
2025-09-19 22:03:43,218 [INFO] Pobrano 20 wierszy ze strony r=1421.
2025-09-19 22:03:44,058 [INFO] Pobrano 20 wierszy ze strony r=1441.
2025-09-19 22:03:44,785 [INFO] Pobrano 20 wierszy ze strony r=1461.
2025-09-19 22:03:45,616 [INFO] Pobrano 20 wierszy ze strony r=1481.
2025-09-19 22:03:46,428 [INFO] Pobrano 20 wierszy ze strony r=1501.
2025-09-19 22:03:47,171 [INFO] Pobrano 20 wierszy ze strony r=1521.
2025-09-19 22:03:47,932 [INFO] Pobrano 20 wierszy ze strony r=1541.
2025-09-19 22:03:48,630 [INFO] Pobrano 20 wierszy ze strony r=1561.
2025-09-19 22:03:49,484 [INFO] Pobrano 20 wierszy ze strony r=1581.
2025-09-19 22:03:50,233 [INFO] Pobrano 20 wierszy ze strony r=1601.
2025-09-19 22:03:50,937 [INFO] Pobrano 20 wierszy ze strony r=1621.
2025-09-19 22:03:51,716 [INFO] Pobrano 20 wierszy ze strony r=1641.
2025-09-19 22:03:52,554 [INFO] Pobrano 20 wierszy ze strony r=1661.
2025-09-19 22:03:53,408 [INFO] Pobrano 20 wierszy ze strony r=1681.
2025-09-19 22:03:54,190 [INFO] Pobrano 20 wierszy ze strony r=1701.
2025-09-19 22:03:54,964 [INFO] Pobrano 20 wierszy ze strony r=1721.
2025-09-19 22:03:55,757 [INFO] Pobrano 20 wierszy ze strony r=1741.
2025-09-19 22:03:56,588 [INFO] Pobrano 20 wierszy ze strony r=1761.
2025-09-19 22:03:57,418 [INFO] Pobrano 20 wierszy ze strony r=1781.
2025-09-19 22:03:58,242 [INFO] Pobrano 20 wierszy ze strony r=1801.
2025-09-19 22:03:59,043 [INFO] Pobrano 20 wierszy ze strony r=1821.
2025-09-19 22:03:59,856 [INFO] Pobrano 20 wierszy ze strony r=1841.
2025-09-19 22:04:00,630 [INFO] Pobrano 20 wierszy ze strony r=1861.
2025-09-19 22:04:01,517 [INFO] Pobrano 20 wierszy ze strony r=1881.
2025-09-19 22:04:02,334 [INFO] Pobrano 20 wierszy ze strony r=1901.
2025-09-19 22:04:03,090 [INFO] Pobrano 20 wierszy ze strony r=1921.
2025-09-19 22:04:03,893 [INFO] Pobrano 20 wierszy ze strony r=1941.
2025-09-19 22:04:04,675 [INFO] Pobrano 20 wierszy ze strony r=1961.
2025-09-19 22:04:05,402 [INFO] Pobrano 20 wierszy ze strony r=1981.
2025-09-19 22:04:06,179 [INFO] Pobrano 20 wierszy ze strony r=2001.
2025-09-19 22:04:06,909 [INFO] Pobrano 20 wierszy ze strony r=2021.
2025-09-19 22:04:07,813 [INFO] Pobrano 20 wierszy ze strony r=2041.
2025-09-19 22:04:08,584 [INFO] Pobrano 20 wierszy ze strony r=2061.
2025-09-19 22:04:09,341 [INFO] Pobrano 20 wierszy ze strony r=2081.
2025-09-19 22:04:10,061 [INFO] Pobrano 20 wierszy ze strony r=2101.
2025-09-19 22:04:10,737 [INFO] Pobrano 20 wierszy ze strony r=2121.
2025-09-19 22:04:11,670 [INFO] Pobrano 20 wierszy ze strony r=2141.
2025-09-19 22:04:12,459 [INFO] Pobrano 20 wierszy ze strony r=2161.
2025-09-19 22:04:13,276 [INFO] Pobrano 20 wierszy ze strony r=2181.
2025-09-19 22:04:13,994 [INFO] Pobrano 20 wierszy ze strony r=2201.
2025-09-19 22:04:14,715 [INFO] Pobrano 20 wierszy ze strony r=2221.
2025-09-19 22:04:15,435 [INFO] Pobrano 20 wierszy ze strony r=2241.
2025-09-19 22:04:16,291 [INFO] Pobrano 20 wierszy ze strony r=2261.
2025-09-19 22:04:17,063 [INFO] Pobrano 20 wierszy ze strony r=2281.
2025-09-19 22:04:17,806 [INFO] Pobrano 20 wierszy ze strony r=2301.
2025-09-19 22:04:18,528 [INFO] Pobrano 20 wierszy ze strony r=2321.
2025-09-19 22:04:19,313 [INFO] Pobrano 20 wierszy ze strony r=2341.
2025-09-19 22:04:20,079 [INFO] Pobrano 20 wierszy ze strony r=2361.
2025-09-19 22:04:20,804 [INFO] Pobrano 20 wierszy ze strony r=2381.
2025-09-19 22:04:21,541 [INFO] Pobrano 20 wierszy ze strony r=2401.
2025-09-19 22:04:22,343 [INFO] Pobrano 20 wierszy ze strony r=2421.
2025-09-19 22:04:23,110 [INFO] Pobrano 20 wierszy ze strony r=2441.
2025-09-19 22:04:23,908 [INFO] Pobrano 20 wierszy ze strony r=2461.
2025-09-19 22:04:24,735 [INFO] Pobrano 20 wierszy ze strony r=2481.
2025-09-19 22:04:25,517 [INFO] Pobrano 20 wierszy ze strony r=2501.
2025-09-19 22:04:26,299 [INFO] Pobrano 20 wierszy ze strony r=2521.
2025-09-19 22:04:27,023 [INFO] Pobrano 20 wierszy ze strony r=2541.
2025-09-19 22:04:27,834 [INFO] Pobrano 20 wierszy ze strony r=2561.
2025-09-19 22:04:28,558 [INFO] Pobrano 20 wierszy ze strony r=2581.
2025-09-19 22:04:29,404 [INFO] Pobrano 20 wierszy ze strony r=2601.
2025-09-19 22:04:30,161 [INFO] Pobrano 20 wierszy ze strony r=2621.
2025-09-19 22:04:30,964 [INFO] Pobrano 20 wierszy ze strony r=2641.
2025-09-19 22:04:31,684 [INFO] Pobrano 20 wierszy ze strony r=2661.
2025-09-19 22:04:32,359 [INFO] Pobrano 20 wierszy ze strony r=2681.
2025-09-19 22:04:33,060 [INFO] Pobrano 20 wierszy ze strony r=2701.
2025-09-19 22:04:33,770 [INFO] Pobrano 20 wierszy ze strony r=2721.
2025-09-19 22:04:34,544 [INFO] Pobrano 20 wierszy ze strony r=2741.
2025-09-19 22:04:35,248 [INFO] Pobrano 20 wierszy ze strony r=2761.
2025-09-19 22:04:36,083 [INFO] Pobrano 20 wierszy ze strony r=2781.
2025-09-19 22:04:36,844 [INFO] Pobrano 20 wierszy ze strony r=2801.
2025-09-19 22:04:37,618 [INFO] Pobrano 20 wierszy ze strony r=2821.
2025-09-19 22:04:38,326 [INFO] Pobrano 20 wierszy ze strony r=2841.
2025-09-19 22:04:39,019 [INFO] Pobrano 20 wierszy ze strony r=2861.
2025-09-19 22:04:39,749 [INFO] Pobrano 20 wierszy ze strony r=2881.
2025-09-19 22:04:40,485 [INFO] Pobrano 20 wierszy ze strony r=2901.
2025-09-19 22:04:41,189 [INFO] Pobrano 20 wierszy ze strony r=2921.
2025-09-19 22:04:42,022 [INFO] Pobrano 20 wierszy ze strony r=2941.
2025-09-19 22:04:42,707 [INFO] Pobrano 20 wierszy ze strony r=2961.
2025-09-19 22:04:43,494 [INFO] Pobrano 20 wierszy ze strony r=2981.
2025-09-19 22:04:44,250 [INFO] Pobrano 20 wierszy ze strony r=3001.
2025-09-19 22:04:44,970 [INFO] Pobrano 20 wierszy ze strony r=3021.
2025-09-19 22:04:45,675 [INFO] Pobrano 20 wierszy ze strony r=3041.
2025-09-19 22:04:46,412 [INFO] Pobrano 20 wierszy ze strony r=3061.
2025-09-19 22:04:47,190 [INFO] Pobrano 20 wierszy ze strony r=3081.
2025-09-19 22:04:47,922 [INFO] Pobrano 20 wierszy ze strony r=3101.
2025-09-19 22:04:48,620 [INFO] Pobrano 20 wierszy ze strony r=3121.
2025-09-19 22:04:49,320 [INFO] Pobrano 20 wierszy ze strony r=3141.
2025-09-19 22:04:50,022 [INFO] Pobrano 20 wierszy ze strony r=3161.
2025-09-19 22:04:50,734 [INFO] Pobrano 20 wierszy ze strony r=3181.
2025-09-19 22:04:51,473 [INFO] Pobrano 20 wierszy ze strony r=3201.
2025-09-19 22:04:52,180 [INFO] Pobrano 20 wierszy ze strony r=3221.
2025-09-19 22:04:52,985 [INFO] Pobrano 20 wierszy ze strony r=3241.
2025-09-19 22:04:53,728 [INFO] Pobrano 20 wierszy ze strony r=3261.
2025-09-19 22:04:54,484 [INFO] Pobrano 20 wierszy ze strony r=3281.
2025-09-19 22:04:55,187 [INFO] Pobrano 20 wierszy ze strony r=3301.
2025-09-19 22:04:55,964 [INFO] Pobrano 20 wierszy ze strony r=3321.
2025-09-19 22:04:56,725 [INFO] Pobrano 20 wierszy ze strony r=3341.
2025-09-19 22:04:57,469 [INFO] Pobrano 20 wierszy ze strony r=3361.
2025-09-19 22:04:58,253 [INFO] Pobrano 20 wierszy ze strony r=3381.
2025-09-19 22:04:58,983 [INFO] Pobrano 20 wierszy ze strony r=3401.
2025-09-19 22:04:59,845 [INFO] Pobrano 20 wierszy ze strony r=3421.
2025-09-19 22:05:00,789 [INFO] Pobrano 20 wierszy ze strony r=3441.
2025-09-19 22:05:01,573 [INFO] Pobrano 20 wierszy ze strony r=3461.
2025-09-19 22:05:02,352 [INFO] Pobrano 20 wierszy ze strony r=3481.
2025-09-19 22:05:03,120 [INFO] Pobrano 20 wierszy ze strony r=3501.
2025-09-19 22:05:03,875 [INFO] Pobrano 20 wierszy ze strony r=3521.
2025-09-19 22:05:04,705 [INFO] Pobrano 20 wierszy ze strony r=3541.
2025-09-19 22:05:05,472 [INFO] Pobrano 20 wierszy ze strony r=3561.
2025-09-19 22:05:06,181 [INFO] Pobrano 20 wierszy ze strony r=3581.
2025-09-19 22:05:06,937 [INFO] Pobrano 20 wierszy ze strony r=3601.
2025-09-19 22:05:07,700 [INFO] Pobrano 20 wierszy ze strony r=3621.
2025-09-19 22:05:08,435 [INFO] Pobrano 20 wierszy ze strony r=3641.
2025-09-19 22:05:09,178 [INFO] Pobrano 20 wierszy ze strony r=3661.
2025-09-19 22:05:09,962 [INFO] Pobrano 20 wierszy ze strony r=3681.
2025-09-19 22:05:10,692 [INFO] Pobrano 20 wierszy ze strony r=3701.
2025-09-19 22:05:11,564 [INFO] Pobrano 20 wierszy ze strony r=3721.
2025-09-19 22:05:12,361 [INFO] Pobrano 20 wierszy ze strony r=3741.
2025-09-19 22:05:13,125 [INFO] Pobrano 20 wierszy ze strony r=3761.
2025-09-19 22:05:13,932 [INFO] Pobrano 20 wierszy ze strony r=3781.
2025-09-19 22:05:14,681 [INFO] Pobrano 20 wierszy ze strony r=3801.
2025-09-19 22:05:15,436 [INFO] Pobrano 20 wierszy ze strony r=3821.
2025-09-19 22:05:16,338 [INFO] Pobrano 20 wierszy ze strony r=3841.
2025-09-19 22:05:17,165 [INFO] Pobrano 20 wierszy ze strony r=3861.
2025-09-19 22:05:17,921 [INFO] Pobrano 20 wierszy ze strony r=3881.
2025-09-19 22:05:18,667 [INFO] Pobrano 20 wierszy ze strony r=3901.
2025-09-19 22:05:19,398 [INFO] Pobrano 20 wierszy ze strony r=3921.
2025-09-19 22:05:20,175 [INFO] Pobrano 20 wierszy ze strony r=3941.
2025-09-19 22:05:21,095 [INFO] Pobrano 20 wierszy ze strony r=3961.
2025-09-19 22:05:22,081 [INFO] Pobrano 20 wierszy ze strony r=3981.
2025-09-19 22:05:22,960 [INFO] Pobrano 20 wierszy ze strony r=4001.
2025-09-19 22:05:23,712 [INFO] Pobrano 20 wierszy ze strony r=4021.
2025-09-19 22:05:24,500 [INFO] Pobrano 20 wierszy ze strony r=4041.
2025-09-19 22:05:25,219 [INFO] Pobrano 20 wierszy ze strony r=4061.
2025-09-19 22:05:26,009 [INFO] Pobrano 20 wierszy ze strony r=4081.
2025-09-19 22:05:26,864 [INFO] Pobrano 20 wierszy ze strony r=4101.
2025-09-19 22:05:27,662 [INFO] Pobrano 20 wierszy ze strony r=4121.
2025-09-19 22:05:28,603 [INFO] Pobrano 20 wierszy ze strony r=4141.
2025-09-19 22:05:29,409 [INFO] Pobrano 20 wierszy ze strony r=4161.
2025-09-19 22:05:30,216 [INFO] Pobrano 20 wierszy ze strony r=4181.
2025-09-19 22:05:31,019 [INFO] Pobrano 20 wierszy ze strony r=4201.
2025-09-19 22:05:31,784 [INFO] Pobrano 20 wierszy ze strony r=4221.
2025-09-19 22:05:32,602 [INFO] Pobrano 20 wierszy ze strony r=4241.
2025-09-19 22:05:33,353 [INFO] Pobrano 20 wierszy ze strony r=4261.
2025-09-19 22:05:34,255 [INFO] Pobrano 20 wierszy ze strony r=4281.
2025-09-19 22:05:35,050 [INFO] Pobrano 20 wierszy ze strony r=4301.
2025-09-19 22:05:35,854 [INFO] Pobrano 20 wierszy ze strony r=4321.
2025-09-19 22:05:36,577 [INFO] Pobrano 20 wierszy ze strony r=4341.
2025-09-19 22:05:37,358 [INFO] Pobrano 9 wierszy ze strony r=4361.
2025-09-19 22:05:38,129 [INFO] Nie znaleziono więcej wierszy przy r=4381. Kończymy.
2025-09-19 22:05:38,189 [INFO] Dane zapisane do C:\Users\admin\PycharmProjects\stock-momentum-screener\src\data\finviz_stocks_20250919.csv
2025-09-19 22:21:10,813 [INFO] Pobrano 20 wierszy ze strony r=1.
2025-09-19 22:21:11,539 [INFO] Pobrano 20 wierszy ze strony r=1.
2025-09-19 22:21:12,314 [INFO] Pobrano 20 wierszy ze strony r=1.
2025-09-19 22:21:13,016 [INFO] Pobrano 20 wierszy ze strony r=1.
2025-09-19 22:21:13,728 [INFO] Pobrano 20 wierszy ze strony r=1.
2025-09-19 22:21:14,468 [INFO] Pobrano 20 wierszy ze strony r=1.
2025-09-19 22:21:15,151 [INFO] Pobrano 20 wierszy ze strony r=1.
2025-09-19 22:21:15,862 [INFO] Pobrano 20 wierszy ze strony r=1.
2025-09-19 22:21:16,581 [INFO] Pobrano 20 wierszy ze strony r=1.
2025-09-19 22:21:17,364 [INFO] Pobrano 20 wierszy ze strony r=1.
2025-09-19 22:21:18,046 [INFO] Pobrano 20 wierszy ze strony r=1.
2025-09-19 22:21:18,864 [INFO] Pobrano 20 wierszy ze strony r=1.
2025-09-19 22:22:35,594 [INFO] Pobrano 20 wierszy ze strony r=start.
2025-09-19 22:22:36,389 [INFO] Pobrano 20 wierszy ze strony r=start.
2025-09-19 22:22:37,412 [INFO] Pobrano 20 wierszy ze strony r=start.
2025-09-19 22:22:38,336 [INFO] Pobrano 20 wierszy ze strony r=start.
2025-09-19 22:22:39,206 [INFO] Pobrano 20 wierszy ze strony r=start.
2025-09-19 22:22:40,094 [INFO] Pobrano 20 wierszy ze strony r=start.
2025-09-19 22:22:40,899 [INFO] Pobrano 20 wierszy ze strony r=start.
2025-09-19 22:22:41,840 [INFO] Pobrano 20 wierszy ze strony r=start.
2025-09-19 22:22:42,639 [INFO] Pobrano 20 wierszy ze strony r=start.
2025-09-19 22:22:43,455 [INFO] Pobrano 20 wierszy ze strony r=start.
2025-09-19 22:22:44,263 [INFO] Pobrano 20 wierszy ze strony r=start.
2025-09-19 22:22:45,071 [INFO] Pobrano 20 wierszy ze strony r=start.
2025-09-19 22:22:45,946 [INFO] Pobrano 20 wierszy ze strony r=start.
2025-09-19 22:22:46,651 [INFO] Pobrano 20 wierszy ze strony r=start.
2025-09-19 22:22:47,365 [INFO] Pobrano 20 wierszy ze strony r=start.
2025-09-19 22:22:48,027 [INFO] Pobrano 20 wierszy ze strony r=start.
2025-09-19 22:22:48,655 [INFO] Pobrano 20 wierszy ze strony r=start.
2025-09-19 22:22:49,298 [INFO] Pobrano 20 wierszy ze strony r=start.
2025-09-19 22:22:49,964 [INFO] Pobrano 20 wierszy ze strony r=start.
2025-09-19 22:22:50,706 [INFO] Pobrano 20 wierszy ze strony r=start.
2025-09-19 22:22:51,346 [INFO] Pobrano 20 wierszy ze strony r=start.
2025-09-19 22:22:52,042 [INFO] Pobrano 20 wierszy ze strony r=start.
2025-09-19 22:22:52,708 [INFO] Pobrano 20 wierszy ze strony r=start.
2025-09-19 22:22:53,354 [INFO] Pobrano 20 wierszy ze strony r=start.
2025-09-19 22:22:54,015 [INFO] Pobrano 20 wierszy ze strony r=start.
2025-09-19 22:22:54,674 [INFO] Pobrano 20 wierszy ze strony r=start.
2025-09-19 22:22:55,328 [INFO] Pobrano 20 wierszy ze strony r=start.
2025-09-19 22:22:56,066 [INFO] Pobrano 20 wierszy ze strony r=start.
2025-09-19 22:22:56,718 [INFO] Pobrano 20 wierszy ze strony r=start.
2025-09-19 22:22:57,409 [INFO] Pobrano 20 wierszy ze strony r=start.
2025-09-19 22:22:58,151 [INFO] Pobrano 20 wierszy ze strony r=start.
2025-09-19 22:22:58,887 [INFO] Pobrano 20 wierszy ze strony r=start.
2025-09-19 22:22:59,591 [INFO] Pobrano 20 wierszy ze strony r=start.
2025-09-19 22:23:00,408 [INFO] Pobrano 20 wierszy ze strony r=start.
2025-09-19 22:23:01,219 [INFO] Pobrano 20 wierszy ze strony r=start.
2025-09-19 22:23:02,275 [INFO] Pobrano 20 wierszy ze strony r=start.
2025-09-19 22:23:03,140 [INFO] Pobrano 20 wierszy ze strony r=start.
2025-09-19 22:27:10,488 [INFO] Skonczono pobieranie danych. Pobrano 10 spolek.
2025-09-19 22:27:10,489 [INFO] Pobrano 20 wierszy ze strony r=1.
2025-09-19 22:27:10,489 [INFO] Skonczono pobieranie danych. Pobrano 10 spolek.
2025-09-19 22:27:10,489 [INFO] Skonczono pobieranie danych. Czas trwania: 0:00:00.700265
2025-09-19 22:27:10,498 [INFO] Dane zapisane do C:\Users\admin\PycharmProjects\stock-momentum-screener\src\data\finviz_stocks_20250919.csv
2025-09-19 22:35:42,307 [INFO] Skonczono pobieranie danych. Pobrano 10 spolek.
2025-09-19 22:35:42,307 [INFO] Pobrano 20 wierszy ze strony r=1.
2025-09-19 22:35:42,307 [INFO] Skonczono pobieranie danych. Pobrano 10 spolek.
2025-09-19 22:35:42,307 [INFO] Skonczono pobieranie danych. Czas trwania: 0:00:00.672808
2025-09-19 22:35:42,319 [INFO] Dane zapisane do C:\Users\admin\PycharmProjects\stock-momentum-screener\src\data\finviz_stocks_20250919.csv
2025-09-19 22:50:22,638 [INFO] Skonczono pobieranie danych. Pobrano 10 spolek.
2025-09-19 22:50:22,638 [INFO] Pobrano 20 wierszy ze strony r=1.
2025-09-19 22:50:22,638 [INFO] Skonczono pobieranie danych. Pobrano 10 spolek.
2025-09-19 22:50:22,638 [INFO] Skonczono pobieranie danych. Czas trwania: 0:00:00.692393
2025-09-19 22:52:02,518 [INFO] Skonczono pobieranie danych. Pobrano 10 spolek.
2025-09-19 22:52:02,518 [INFO] Pobrano 20 wierszy ze strony r=1.
2025-09-19 22:52:02,518 [INFO] Skonczono pobieranie danych. Pobrano 10 spolek.
2025-09-19 22:52:02,518 [INFO] Skonczono pobieranie danych. Czas trwania: 0:00:00.723130
2025-09-19 22:53:30,278 [INFO] Skonczono pobieranie danych. Pobrano 10 spolek.
2025-09-19 22:53:30,278 [INFO] Pobrano 20 wierszy ze strony r=1.
2025-09-19 22:53:30,278 [INFO] Skonczono pobieranie danych. Pobrano 10 spolek.
2025-09-19 22:53:30,278 [INFO] Skonczono pobieranie danych. Czas trwania: 0:00:00.726676
2025-09-19 22:53:30,288 [INFO] Dane zapisane do C:\Users\admin\PycharmProjects\stock-momentum-screener\src\data\finviz_stocks_20250919.csv
2025-09-19 22:54:11,703 [INFO] Skonczono pobieranie danych. Pobrano 10 spolek.
2025-09-19 22:54:11,703 [INFO] Pobrano 20 wierszy ze strony r=1.
2025-09-19 22:54:11,704 [INFO] Skonczono pobieranie danych. Pobrano 10 spolek.
2025-09-19 22:54:11,704 [INFO] Skonczono pobieranie danych. Czas trwania: 0:00:00.670095
2025-09-19 22:54:11,712 [INFO] Dane zapisane do C:\Users\admin\PycharmProjects\stock-momentum-screener\src\data\finviz_stocks_20250919.csv
2025-09-19 22:55:56,046 [INFO] Skonczono pobieranie danych. Pobrano 10 spolek.
2025-09-19 22:55:56,046 [INFO] Pobrano 20 wierszy ze strony r=1.
2025-09-19 22:55:56,047 [INFO] Skonczono pobieranie danych. Pobrano 10 spolek.
2025-09-19 22:55:56,047 [INFO] Skonczono pobieranie danych. Czas trwania: 0:00:00.747412
2025-09-19 22:55:56,057 [INFO] Dane zapisane do C:\Users\admin\PycharmProjects\stock-momentum-screener\src\data\finviz_stocks_20250919.csv
2025-09-19 22:56:30,390 [INFO] Skonczono pobieranie danych. Pobrano 10 spolek.
2025-09-19 22:56:30,390 [INFO] Pobrano 20 wierszy ze strony r=1.
2025-09-19 22:56:30,390 [INFO] Skonczono pobieranie danych. Pobrano 10 spolek.
2025-09-19 22:56:30,390 [INFO] Skonczono pobieranie danych. Czas trwania: 0:00:00.630150
2025-09-19 22:56:30,399 [INFO] Dane zapisane do C:\Users\admin\PycharmProjects\stock-momentum-screener\src\data\finviz_stocks_20250919.csv
2025-09-19 22:57:58,809 [INFO] Skonczono pobieranie danych. Pobrano 10 spolek.
2025-09-19 22:57:58,809 [INFO] Pobrano 20 wierszy ze strony r=1.
2025-09-19 22:57:58,809 [INFO] Skonczono pobieranie danych. Pobrano 10 spolek.
2025-09-19 22:57:58,809 [INFO] Skonczono pobieranie danych. Czas trwania: 0:00:00.717140
2025-09-19 22:57:58,820 [INFO] Dane zapisane do C:\Users\admin\PycharmProjects\stock-momentum-screener\src\data\finviz_stocks_20250919.csv
2025-09-19 22:58:07,047 [INFO] Skonczono pobieranie danych. Pobrano 10 spolek.
2025-09-19 22:58:07,047 [INFO] Pobrano 20 wierszy ze strony r=1.
2025-09-19 22:58:07,047 [INFO] Skonczono pobieranie danych. Pobrano 10 spolek.
2025-09-19 22:58:07,047 [INFO] Skonczono pobieranie danych. Czas trwania: 0:00:00.741791
2025-09-19 22:58:07,057 [INFO] Dane zapisane do C:\Users\admin\PycharmProjects\stock-momentum-screener\src\data\finviz_stocks_20250919.csv
2025-09-19 23:00:08,215 [INFO] Skonczono pobieranie danych. Pobrano 10 spolek.
2025-09-19 23:00:08,215 [INFO] Pobrano 20 wierszy ze strony r=1.
2025-09-19 23:00:08,215 [INFO] Skonczono pobieranie danych. Pobrano 10 spolek.
2025-09-19 23:00:08,215 [INFO] Skonczono pobieranie danych. Czas trwania: 0:00:00.741705
2025-09-19 23:00:08,226 [INFO] Dane zapisane do C:\Users\admin\PycharmProjects\stock-momentum-screener\src\data\finviz_stocks_20250919.csv
2025-09-19 23:03:19,440 [INFO] Skonczono pobieranie danych. Pobrano 10 spolek.
2025-09-19 23:03:19,441 [INFO] Pobrano 20 wierszy ze strony r=1.
2025-09-19 23:03:19,441 [INFO] Skonczono pobieranie danych. Pobrano 10 spolek.
2025-09-19 23:03:19,441 [INFO] Skonczono pobieranie danych. Czas trwania: 0:00:00.675123
2025-09-19 23:03:19,454 [INFO] Dane zapisane do C:\Users\admin\PycharmProjects\stock-momentum-screener\src\data\finviz_stocks_20250919.csv
2025-09-19 23:03:51,509 [INFO] Skonczono pobieranie danych. Pobrano 10 spolek.
2025-09-19 23:03:51,509 [INFO] Pobrano 20 wierszy ze strony r=1.
2025-09-19 23:03:51,510 [INFO] Skonczono pobieranie danych. Pobrano 10 spolek.
2025-09-19 23:03:51,510 [INFO] Skonczono pobieranie danych. Czas trwania: 0:00:00.800215
2025-09-19 23:03:51,525 [INFO] Dane zapisane do C:\Users\admin\PycharmProjects\stock-momentum-screener\src\data\finviz_stocks_20250919.csv
2025-09-19 23:07:17,461 [INFO] Skonczono pobieranie danych. Pobrano 10 spolek.
2025-09-19 23:07:17,461 [INFO] Pobrano 20 wierszy ze strony r=1.
2025-09-19 23:07:17,461 [INFO] Skonczono pobieranie danych. Pobrano 10 spolek.
2025-09-19 23:07:17,461 [INFO] Skonczono pobieranie danych. Czas trwania: 0:00:00.744171
2025-09-19 23:07:17,476 [INFO] Dane zapisane do C:\Users\admin\PycharmProjects\stock-momentum-screener\src\data\finviz_stocks_20250919.csv
2025-09-19 23:13:28,015 [INFO] Pobrano 20 wierszy ze strony r=1.
2025-09-19 23:13:28,682 [INFO] Pobrano 20 wierszy ze strony r=21.
2025-09-19 23:13:29,339 [INFO] Pobrano 20 wierszy ze strony r=41.
2025-09-19 23:13:30,036 [INFO] Pobrano 20 wierszy ze strony r=61.
2025-09-19 23:13:30,826 [INFO] Pobrano 20 wierszy ze strony r=81.
2025-09-19 23:13:31,566 [INFO] Pobrano 20 wierszy ze strony r=101.
2025-09-19 23:13:32,293 [INFO] Pobrano 20 wierszy ze strony r=121.
2025-09-19 23:13:33,031 [INFO] Pobrano 20 wierszy ze strony r=141.
2025-09-19 23:13:33,687 [INFO] Pobrano 20 wierszy ze strony r=161.
2025-09-19 23:13:34,446 [INFO] Pobrano 20 wierszy ze strony r=181.
2025-09-19 23:13:35,255 [INFO] Pobrano 20 wierszy ze strony r=201.
2025-09-19 23:13:35,999 [INFO] Pobrano 20 wierszy ze strony r=221.
2025-09-19 23:13:36,789 [INFO] Pobrano 20 wierszy ze strony r=241.
2025-09-19 23:13:37,475 [INFO] Pobrano 20 wierszy ze strony r=261.
2025-09-19 23:13:38,140 [INFO] Pobrano 20 wierszy ze strony r=281.
2025-09-19 23:13:38,889 [INFO] Pobrano 20 wierszy ze strony r=301.
2025-09-19 23:13:39,591 [INFO] Pobrano 20 wierszy ze strony r=321.
2025-09-19 23:13:40,313 [INFO] Pobrano 20 wierszy ze strony r=341.
2025-09-19 23:13:41,004 [INFO] Pobrano 20 wierszy ze strony r=361.
2025-09-19 23:13:41,765 [INFO] Pobrano 20 wierszy ze strony r=381.
2025-09-19 23:13:42,493 [INFO] Pobrano 20 wierszy ze strony r=401.
2025-09-19 23:13:43,168 [INFO] Pobrano 20 wierszy ze strony r=421.
2025-09-19 23:13:43,841 [INFO] Pobrano 20 wierszy ze strony r=441.
2025-09-19 23:13:44,495 [INFO] Pobrano 20 wierszy ze strony r=461.
2025-09-19 23:13:45,171 [INFO] Pobrano 20 wierszy ze strony r=481.
2025-09-19 23:13:45,848 [INFO] Pobrano 20 wierszy ze strony r=501.
2025-09-19 23:13:46,540 [INFO] Pobrano 20 wierszy ze strony r=521.
2025-09-19 23:13:47,340 [INFO] Pobrano 20 wierszy ze strony r=541.
2025-09-19 23:13:48,023 [INFO] Pobrano 20 wierszy ze strony r=561.
2025-09-19 23:13:48,703 [INFO] Pobrano 20 wierszy ze strony r=581.
2025-09-19 23:13:49,401 [INFO] Pobrano 20 wierszy ze strony r=601.
2025-09-19 23:13:50,054 [INFO] Pobrano 20 wierszy ze strony r=621.
2025-09-19 23:13:50,757 [INFO] Pobrano 20 wierszy ze strony r=641.
2025-09-19 23:13:51,430 [INFO] Pobrano 20 wierszy ze strony r=661.
2025-09-19 23:13:52,171 [INFO] Pobrano 20 wierszy ze strony r=681.
2025-09-19 23:13:52,890 [INFO] Pobrano 20 wierszy ze strony r=701.
2025-09-19 23:13:53,658 [INFO] Pobrano 20 wierszy ze strony r=721.
2025-09-19 23:13:54,445 [INFO] Pobrano 20 wierszy ze strony r=741.
2025-09-19 23:13:55,202 [INFO] Pobrano 20 wierszy ze strony r=761.
2025-09-19 23:13:55,908 [INFO] Pobrano 20 wierszy ze strony r=781.
2025-09-19 23:13:56,618 [INFO] Pobrano 20 wierszy ze strony r=801.
2025-09-19 23:13:57,348 [INFO] Pobrano 20 wierszy ze strony r=821.
2025-09-19 23:13:58,173 [INFO] Pobrano 20 wierszy ze strony r=841.
2025-09-19 23:13:58,908 [INFO] Pobrano 20 wierszy ze strony r=861.
2025-09-19 23:13:59,566 [INFO] Pobrano 20 wierszy ze strony r=881.
2025-09-19 23:14:00,330 [INFO] Pobrano 20 wierszy ze strony r=901.
2025-09-19 23:14:01,042 [INFO] Pobrano 20 wierszy ze strony r=921.
2025-09-19 23:14:01,697 [INFO] Pobrano 20 wierszy ze strony r=941.
2025-09-19 23:14:02,435 [INFO] Pobrano 20 wierszy ze strony r=961.
2025-09-19 23:14:03,236 [INFO] Pobrano 20 wierszy ze strony r=981.
2025-09-19 23:14:03,952 [INFO] Pobrano 20 wierszy ze strony r=1001.
2025-09-19 23:14:04,674 [INFO] Pobrano 20 wierszy ze strony r=1021.
2025-09-19 23:14:05,397 [INFO] Pobrano 20 wierszy ze strony r=1041.
2025-09-19 23:14:06,071 [INFO] Pobrano 20 wierszy ze strony r=1061.
2025-09-19 23:14:06,862 [INFO] Pobrano 20 wierszy ze strony r=1081.
2025-09-19 23:14:07,723 [INFO] Pobrano 20 wierszy ze strony r=1101.
2025-09-19 23:14:08,435 [INFO] Pobrano 20 wierszy ze strony r=1121.
2025-09-19 23:14:09,204 [INFO] Pobrano 20 wierszy ze strony r=1141.
2025-09-19 23:14:09,895 [INFO] Pobrano 20 wierszy ze strony r=1161.
2025-09-19 23:14:10,587 [INFO] Pobrano 20 wierszy ze strony r=1181.
2025-09-19 23:14:11,263 [INFO] Pobrano 20 wierszy ze strony r=1201.
2025-09-19 23:14:11,996 [INFO] Pobrano 20 wierszy ze strony r=1221.
2025-09-19 23:14:12,669 [INFO] Pobrano 20 wierszy ze strony r=1241.
2025-09-19 23:14:13,347 [INFO] Pobrano 20 wierszy ze strony r=1261.
2025-09-19 23:14:14,131 [INFO] Pobrano 20 wierszy ze strony r=1281.
2025-09-19 23:14:14,817 [INFO] Pobrano 20 wierszy ze strony r=1301.
2025-09-19 23:14:15,481 [INFO] Pobrano 20 wierszy ze strony r=1321.
2025-09-19 23:14:16,159 [INFO] Pobrano 20 wierszy ze strony r=1341.
2025-09-19 23:14:17,006 [INFO] Pobrano 20 wierszy ze strony r=1361.
2025-09-19 23:14:17,765 [INFO] Pobrano 20 wierszy ze strony r=1381.
2025-09-19 23:14:18,470 [INFO] Pobrano 20 wierszy ze strony r=1401.
2025-09-19 23:14:19,124 [INFO] Pobrano 20 wierszy ze strony r=1421.
2025-09-19 23:14:19,885 [INFO] Pobrano 20 wierszy ze strony r=1441.
2025-09-19 23:14:20,577 [INFO] Pobrano 20 wierszy ze strony r=1461.
2025-09-19 23:14:21,253 [INFO] Pobrano 20 wierszy ze strony r=1481.
2025-09-19 23:14:21,979 [INFO] Pobrano 20 wierszy ze strony r=1501.
2025-09-19 23:14:22,645 [INFO] Pobrano 20 wierszy ze strony r=1521.
2025-09-19 23:14:23,389 [INFO] Pobrano 20 wierszy ze strony r=1541.
2025-09-19 23:14:24,161 [INFO] Pobrano 20 wierszy ze strony r=1561.
2025-09-19 23:14:25,021 [INFO] Pobrano 20 wierszy ze strony r=1581.
2025-09-19 23:14:25,773 [INFO] Pobrano 20 wierszy ze strony r=1601.
2025-09-19 23:14:26,567 [INFO] Pobrano 20 wierszy ze strony r=1621.
2025-09-19 23:14:27,325 [INFO] Pobrano 20 wierszy ze strony r=1641.
2025-09-19 23:14:28,126 [INFO] Pobrano 20 wierszy ze strony r=1661.
2025-09-19 23:14:28,931 [INFO] Pobrano 20 wierszy ze strony r=1681.
2025-09-19 23:14:29,596 [INFO] Pobrano 20 wierszy ze strony r=1701.
2025-09-19 23:14:30,428 [INFO] Pobrano 20 wierszy ze strony r=1721.
2025-09-19 23:14:31,173 [INFO] Pobrano 20 wierszy ze strony r=1741.
2025-09-19 23:14:31,908 [INFO] Pobrano 20 wierszy ze strony r=1761.
2025-09-19 23:14:32,651 [INFO] Pobrano 20 wierszy ze strony r=1781.
2025-09-19 23:14:33,377 [INFO] Pobrano 20 wierszy ze strony r=1801.
2025-09-19 23:14:34,100 [INFO] Pobrano 20 wierszy ze strony r=1821.
2025-09-19 23:14:34,809 [INFO] Pobrano 20 wierszy ze strony r=1841.
2025-09-19 23:14:35,513 [INFO] Pobrano 20 wierszy ze strony r=1861.
2025-09-19 23:14:36,370 [INFO] Pobrano 20 wierszy ze strony r=1881.
2025-09-19 23:14:37,167 [INFO] Pobrano 20 wierszy ze strony r=1901.
2025-09-19 23:14:37,919 [INFO] Pobrano 20 wierszy ze strony r=1921.
2025-09-19 23:14:38,619 [INFO] Pobrano 20 wierszy ze strony r=1941.
2025-09-19 23:14:39,329 [INFO] Pobrano 20 wierszy ze strony r=1961.
2025-09-19 23:14:40,023 [INFO] Pobrano 20 wierszy ze strony r=1981.
2025-09-19 23:14:40,737 [INFO] Pobrano 20 wierszy ze strony r=2001.
2025-09-19 23:14:41,402 [INFO] Pobrano 20 wierszy ze strony r=2021.
2025-09-19 23:14:42,181 [INFO] Pobrano 20 wierszy ze strony r=2041.
2025-09-19 23:14:42,891 [INFO] Pobrano 20 wierszy ze strony r=2061.
2025-09-19 23:14:43,571 [INFO] Pobrano 20 wierszy ze strony r=2081.
2025-09-19 23:14:44,287 [INFO] Pobrano 20 wierszy ze strony r=2101.
2025-09-19 23:14:44,977 [INFO] Pobrano 20 wierszy ze strony r=2121.
2025-09-19 23:14:45,633 [INFO] Pobrano 20 wierszy ze strony r=2141.
2025-09-19 23:14:46,312 [INFO] Pobrano 20 wierszy ze strony r=2161.
2025-09-19 23:14:47,087 [INFO] Pobrano 20 wierszy ze strony r=2181.
2025-09-19 23:14:47,791 [INFO] Pobrano 20 wierszy ze strony r=2201.
2025-09-19 23:14:48,460 [INFO] Pobrano 20 wierszy ze strony r=2221.
2025-09-19 23:14:49,131 [INFO] Pobrano 20 wierszy ze strony r=2241.
2025-09-19 23:14:49,818 [INFO] Pobrano 20 wierszy ze strony r=2261.
2025-09-19 23:14:50,513 [INFO] Pobrano 20 wierszy ze strony r=2281.
2025-09-19 23:14:51,194 [INFO] Pobrano 20 wierszy ze strony r=2301.
2025-09-19 23:14:51,884 [INFO] Pobrano 20 wierszy ze strony r=2321.
2025-09-19 23:14:52,676 [INFO] Pobrano 20 wierszy ze strony r=2341.
2025-09-19 23:14:53,491 [INFO] Pobrano 20 wierszy ze strony r=2361.
2025-09-19 23:14:54,408 [INFO] Pobrano 20 wierszy ze strony r=2381.
2025-09-19 23:14:55,223 [INFO] Pobrano 20 wierszy ze strony r=2401.
2025-09-19 23:14:56,043 [INFO] Pobrano 20 wierszy ze strony r=2421.
2025-09-19 23:14:56,827 [INFO] Pobrano 20 wierszy ze strony r=2441.
2025-09-19 23:14:57,544 [INFO] Pobrano 20 wierszy ze strony r=2461.
2025-09-19 23:14:58,390 [INFO] Pobrano 20 wierszy ze strony r=2481.
2025-09-19 23:14:59,079 [INFO] Pobrano 20 wierszy ze strony r=2501.
2025-09-19 23:14:59,781 [INFO] Pobrano 20 wierszy ze strony r=2521.
2025-09-19 23:15:00,505 [INFO] Pobrano 20 wierszy ze strony r=2541.
2025-09-19 23:15:01,210 [INFO] Pobrano 20 wierszy ze strony r=2561.
2025-09-19 23:15:01,905 [INFO] Pobrano 20 wierszy ze strony r=2581.
2025-09-19 23:15:02,580 [INFO] Pobrano 20 wierszy ze strony r=2601.
2025-09-19 23:15:03,269 [INFO] Pobrano 20 wierszy ze strony r=2621.
2025-09-19 23:15:04,047 [INFO] Pobrano 20 wierszy ze strony r=2641.
2025-09-19 23:15:04,738 [INFO] Pobrano 20 wierszy ze strony r=2661.
2025-09-19 23:15:05,555 [INFO] Pobrano 20 wierszy ze strony r=2681.
2025-09-19 23:15:06,325 [INFO] Pobrano 20 wierszy ze strony r=2701.
2025-09-19 23:15:07,016 [INFO] Pobrano 20 wierszy ze strony r=2721.
2025-09-19 23:15:07,715 [INFO] Pobrano 20 wierszy ze strony r=2741.
2025-09-19 23:15:08,447 [INFO] Pobrano 20 wierszy ze strony r=2761.
2025-09-19 23:15:09,211 [INFO] Pobrano 20 wierszy ze strony r=2781.
2025-09-19 23:15:09,927 [INFO] Pobrano 20 wierszy ze strony r=2801.
2025-09-19 23:15:10,617 [INFO] Pobrano 20 wierszy ze strony r=2821.
2025-09-19 23:15:11,281 [INFO] Pobrano 20 wierszy ze strony r=2841.
2025-09-19 23:15:11,965 [INFO] Pobrano 20 wierszy ze strony r=2861.
2025-09-19 23:15:12,631 [INFO] Pobrano 20 wierszy ze strony r=2881.
2025-09-19 23:15:13,357 [INFO] Pobrano 20 wierszy ze strony r=2901.
2025-09-19 23:15:14,075 [INFO] Pobrano 20 wierszy ze strony r=2921.
2025-09-19 23:15:14,847 [INFO] Pobrano 20 wierszy ze strony r=2941.
2025-09-19 23:15:15,548 [INFO] Pobrano 20 wierszy ze strony r=2961.
2025-09-19 23:15:16,236 [INFO] Pobrano 20 wierszy ze strony r=2981.
2025-09-19 23:15:16,937 [INFO] Pobrano 20 wierszy ze strony r=3001.
2025-09-19 23:15:17,620 [INFO] Pobrano 20 wierszy ze strony r=3021.
2025-09-19 23:15:18,336 [INFO] Pobrano 20 wierszy ze strony r=3041.
2025-09-19 23:15:19,049 [INFO] Pobrano 20 wierszy ze strony r=3061.
2025-09-19 23:15:19,813 [INFO] Pobrano 20 wierszy ze strony r=3081.
2025-09-19 23:15:20,518 [INFO] Pobrano 20 wierszy ze strony r=3101.
2025-09-19 23:15:21,191 [INFO] Pobrano 20 wierszy ze strony r=3121.
2025-09-19 23:15:21,862 [INFO] Pobrano 20 wierszy ze strony r=3141.
2025-09-19 23:15:22,575 [INFO] Pobrano 20 wierszy ze strony r=3161.
2025-09-19 23:15:23,273 [INFO] Pobrano 20 wierszy ze strony r=3181.
2025-09-19 23:15:23,993 [INFO] Pobrano 20 wierszy ze strony r=3201.
2025-09-19 23:15:24,735 [INFO] Pobrano 20 wierszy ze strony r=3221.
2025-09-19 23:15:25,665 [INFO] Pobrano 20 wierszy ze strony r=3241.
2025-09-19 23:15:26,349 [INFO] Pobrano 20 wierszy ze strony r=3261.
2025-09-19 23:15:27,036 [INFO] Pobrano 20 wierszy ze strony r=3281.
2025-09-19 23:15:27,759 [INFO] Pobrano 20 wierszy ze strony r=3301.
2025-09-19 23:15:28,496 [INFO] Pobrano 20 wierszy ze strony r=3321.
2025-09-19 23:15:29,197 [INFO] Pobrano 20 wierszy ze strony r=3341.
2025-09-19 23:15:29,861 [INFO] Pobrano 20 wierszy ze strony r=3361.
2025-09-19 23:15:30,634 [INFO] Pobrano 20 wierszy ze strony r=3381.
2025-09-19 23:15:31,330 [INFO] Pobrano 20 wierszy ze strony r=3401.
2025-09-19 23:15:32,044 [INFO] Pobrano 20 wierszy ze strony r=3421.
2025-09-19 23:15:32,757 [INFO] Pobrano 20 wierszy ze strony r=3441.
2025-09-19 23:15:33,427 [INFO] Pobrano 20 wierszy ze strony r=3461.
2025-09-19 23:15:34,146 [INFO] Pobrano 20 wierszy ze strony r=3481.
2025-09-19 23:15:34,837 [INFO] Pobrano 20 wierszy ze strony r=3501.
2025-09-19 23:15:35,524 [INFO] Pobrano 20 wierszy ze strony r=3521.
2025-09-19 23:15:36,305 [INFO] Pobrano 20 wierszy ze strony r=3541.
2025-09-19 23:15:36,987 [INFO] Pobrano 20 wierszy ze strony r=3561.
2025-09-19 23:15:37,713 [INFO] Pobrano 20 wierszy ze strony r=3581.
2025-09-19 23:15:38,424 [INFO] Pobrano 20 wierszy ze strony r=3601.
2025-09-19 23:15:39,154 [INFO] Pobrano 20 wierszy ze strony r=3621.
2025-09-19 23:15:39,887 [INFO] Pobrano 20 wierszy ze strony r=3641.
2025-09-19 23:15:40,588 [INFO] Pobrano 20 wierszy ze strony r=3661.
2025-09-19 23:15:41,324 [INFO] Pobrano 20 wierszy ze strony r=3681.
2025-09-19 23:15:42,006 [INFO] Pobrano 20 wierszy ze strony r=3701.
2025-09-19 23:15:42,703 [INFO] Pobrano 20 wierszy ze strony r=3721.
2025-09-19 23:15:43,413 [INFO] Pobrano 20 wierszy ze strony r=3741.
2025-09-19 23:15:44,130 [INFO] Pobrano 20 wierszy ze strony r=3761.
2025-09-19 23:15:44,823 [INFO] Pobrano 20 wierszy ze strony r=3781.
2025-09-19 23:15:45,529 [INFO] Pobrano 20 wierszy ze strony r=3801.
2025-09-19 23:15:46,185 [INFO] Pobrano 20 wierszy ze strony r=3821.
2025-09-19 23:15:46,981 [INFO] Pobrano 20 wierszy ze strony r=3841.
2025-09-19 23:15:47,664 [INFO] Pobrano 20 wierszy ze strony r=3861.
2025-09-19 23:15:48,348 [INFO] Pobrano 20 wierszy ze strony r=3881.
2025-09-19 23:15:49,047 [INFO] Pobrano 20 wierszy ze strony r=3901.
2025-09-19 23:15:49,737 [INFO] Pobrano 20 wierszy ze strony r=3921.
2025-09-19 23:15:50,425 [INFO] Pobrano 20 wierszy ze strony r=3941.
2025-09-19 23:15:51,108 [INFO] Pobrano 20 wierszy ze strony r=3961.
2025-09-19 23:15:51,858 [INFO] Pobrano 20 wierszy ze strony r=3981.
2025-09-19 23:15:52,573 [INFO] Pobrano 20 wierszy ze strony r=4001.
2025-09-19 23:15:53,331 [INFO] Pobrano 20 wierszy ze strony r=4021.
2025-09-19 23:15:54,045 [INFO] Pobrano 20 wierszy ze strony r=4041.
2025-09-19 23:15:54,736 [INFO] Pobrano 20 wierszy ze strony r=4061.
2025-09-19 23:15:55,396 [INFO] Pobrano 20 wierszy ze strony r=4081.
2025-09-19 23:15:56,097 [INFO] Pobrano 20 wierszy ze strony r=4101.
2025-09-19 23:15:56,778 [INFO] Pobrano 20 wierszy ze strony r=4121.
2025-09-19 23:15:57,536 [INFO] Pobrano 20 wierszy ze strony r=4141.
2025-09-19 23:15:58,242 [INFO] Pobrano 20 wierszy ze strony r=4161.
2025-09-19 23:15:58,887 [INFO] Pobrano 20 wierszy ze strony r=4181.
2025-09-19 23:15:59,583 [INFO] Pobrano 20 wierszy ze strony r=4201.
2025-09-19 23:16:00,287 [INFO] Pobrano 20 wierszy ze strony r=4221.
2025-09-19 23:16:00,975 [INFO] Pobrano 20 wierszy ze strony r=4241.
2025-09-19 23:16:01,655 [INFO] Pobrano 20 wierszy ze strony r=4261.
2025-09-19 23:16:02,458 [INFO] Pobrano 20 wierszy ze strony r=4281.
2025-09-19 23:16:03,197 [INFO] Pobrano 20 wierszy ze strony r=4301.
2025-09-19 23:16:03,919 [INFO] Pobrano 20 wierszy ze strony r=4321.
2025-09-19 23:16:04,636 [INFO] Pobrano 20 wierszy ze strony r=4341.
2025-09-19 23:16:05,320 [INFO] Pobrano 9 wierszy ze strony r=4361.
2025-09-19 23:16:05,971 [INFO] Nie znaleziono więcej wierszy przy r=4381. Kończymy.
2025-09-19 23:16:05,971 [INFO] Skonczono pobieranie danych. Czas trwania: 0:02:38.816953
2025-09-19 23:16:05,990 [INFO] Dane zapisane do C:\Users\admin\PycharmProjects\stock-momentum-screener\src\data\finviz_tickers_20250919.csv
2025-09-19 23:16:31,857 [INFO] Pobrano 20 wierszy ze strony r=1.
2025-09-19 23:16:32,528 [INFO] Pobrano 20 wierszy ze strony r=21.
2025-09-19 23:16:33,218 [INFO] Pobrano 20 wierszy ze strony r=41.
2025-09-19 23:16:33,889 [INFO] Pobrano 20 wierszy ze strony r=61.
2025-09-19 23:16:34,578 [INFO] Pobrano 20 wierszy ze strony r=81.
2025-09-19 23:16:35,242 [INFO] Pobrano 20 wierszy ze strony r=101.
2025-09-19 23:16:35,885 [INFO] Pobrano 20 wierszy ze strony r=121.
2025-09-19 23:16:36,566 [INFO] Pobrano 20 wierszy ze strony r=141.
2025-09-19 23:16:37,223 [INFO] Pobrano 20 wierszy ze strony r=161.
2025-09-19 23:16:37,879 [INFO] Pobrano 20 wierszy ze strony r=181.
2025-09-19 23:16:38,571 [INFO] Pobrano 20 wierszy ze strony r=201.
2025-09-19 23:16:39,229 [INFO] Pobrano 20 wierszy ze strony r=221.
2025-09-19 23:16:39,946 [INFO] Pobrano 20 wierszy ze strony r=241.
2025-09-19 23:16:40,609 [INFO] Pobrano 20 wierszy ze strony r=261.
2025-09-19 23:16:41,262 [INFO] Pobrano 20 wierszy ze strony r=281.
2025-09-19 23:16:41,900 [INFO] Pobrano 20 wierszy ze strony r=301.
2025-09-19 23:16:42,581 [INFO] Pobrano 20 wierszy ze strony r=321.
2025-09-19 23:16:43,270 [INFO] Pobrano 20 wierszy ze strony r=341.
2025-09-19 23:16:43,960 [INFO] Pobrano 20 wierszy ze strony r=361.
2025-09-19 23:16:44,728 [INFO] Pobrano 20 wierszy ze strony r=381.
2025-09-19 23:16:45,386 [INFO] Pobrano 20 wierszy ze strony r=401.
2025-09-19 23:16:46,039 [INFO] Pobrano 20 wierszy ze strony r=421.
2025-09-19 23:16:46,736 [INFO] Pobrano 20 wierszy ze strony r=441.
2025-09-19 23:16:47,400 [INFO] Pobrano 20 wierszy ze strony r=461.
2025-09-19 23:16:48,066 [INFO] Pobrano 20 wierszy ze strony r=481.
2025-09-19 23:16:48,737 [INFO] Pobrano 20 wierszy ze strony r=501.
2025-09-19 23:16:49,406 [INFO] Pobrano 20 wierszy ze strony r=521.
2025-09-19 23:16:50,153 [INFO] Pobrano 20 wierszy ze strony r=541.
2025-09-19 23:16:50,833 [INFO] Pobrano 20 wierszy ze strony r=561.
2025-09-19 23:16:51,486 [INFO] Pobrano 20 wierszy ze strony r=581.
2025-09-19 23:16:52,147 [INFO] Pobrano 20 wierszy ze strony r=601.
2025-09-19 23:16:52,812 [INFO] Pobrano 20 wierszy ze strony r=621.
2025-09-19 23:16:53,559 [INFO] Pobrano 20 wierszy ze strony r=641.
2025-09-19 23:16:54,199 [INFO] Pobrano 20 wierszy ze strony r=661.
2025-09-19 23:16:54,951 [INFO] Pobrano 20 wierszy ze strony r=681.
2025-09-19 23:16:55,583 [INFO] Pobrano 20 wierszy ze strony r=701.
2025-09-19 23:16:56,250 [INFO] Pobrano 20 wierszy ze strony r=721.
2025-09-19 23:16:56,910 [INFO] Pobrano 20 wierszy ze strony r=741.
2025-09-19 23:16:57,558 [INFO] Pobrano 20 wierszy ze strony r=761.
2025-09-19 23:16:58,196 [INFO] Pobrano 20 wierszy ze strony r=781.
2025-09-19 23:16:58,842 [INFO] Pobrano 20 wierszy ze strony r=801.
2025-09-19 23:16:59,515 [INFO] Pobrano 20 wierszy ze strony r=821.
2025-09-19 23:17:00,215 [INFO] Pobrano 20 wierszy ze strony r=841.
2025-09-19 23:17:00,890 [INFO] Pobrano 20 wierszy ze strony r=861.
2025-09-19 23:17:01,556 [INFO] Pobrano 20 wierszy ze strony r=881.
2025-09-19 23:17:02,225 [INFO] Pobrano 20 wierszy ze strony r=901.
2025-09-19 23:17:02,880 [INFO] Pobrano 20 wierszy ze strony r=921.
2025-09-19 23:17:03,557 [INFO] Pobrano 20 wierszy ze strony r=941.
2025-09-19 23:17:04,218 [INFO] Pobrano 20 wierszy ze strony r=961.
2025-09-19 23:17:04,915 [INFO] Pobrano 20 wierszy ze strony r=981.
2025-09-19 23:17:05,592 [INFO] Pobrano 20 wierszy ze strony r=1001.
2025-09-19 23:17:06,236 [INFO] Pobrano 20 wierszy ze strony r=1021.
2025-09-19 23:17:06,886 [INFO] Pobrano 20 wierszy ze strony r=1041.
2025-09-19 23:17:07,553 [INFO] Pobrano 20 wierszy ze strony r=1061.
2025-09-19 23:17:08,205 [INFO] Pobrano 20 wierszy ze strony r=1081.
2025-09-19 23:17:08,940 [INFO] Pobrano 20 wierszy ze strony r=1101.
2025-09-19 23:17:09,612 [INFO] Pobrano 20 wierszy ze strony r=1121.
2025-09-19 23:17:10,374 [INFO] Pobrano 20 wierszy ze strony r=1141.
2025-09-19 23:17:11,053 [INFO] Pobrano 20 wierszy ze strony r=1161.
2025-09-19 23:17:11,711 [INFO] Pobrano 20 wierszy ze strony r=1181.
2025-09-19 23:17:12,361 [INFO] Pobrano 20 wierszy ze strony r=1201.
2025-09-19 23:17:13,053 [INFO] Pobrano 20 wierszy ze strony r=1221.
2025-09-19 23:17:13,705 [INFO] Pobrano 20 wierszy ze strony r=1241.
2025-09-19 23:17:14,427 [INFO] Pobrano 20 wierszy ze strony r=1261.
2025-09-19 23:17:15,184 [INFO] Pobrano 20 wierszy ze strony r=1281.
2025-09-19 23:17:15,929 [INFO] Pobrano 20 wierszy ze strony r=1301.
2025-09-19 23:17:16,671 [INFO] Pobrano 20 wierszy ze strony r=1321.
2025-09-19 23:17:17,375 [INFO] Pobrano 20 wierszy ze strony r=1341.
2025-09-19 23:17:18,076 [INFO] Pobrano 20 wierszy ze strony r=1361.
2025-09-19 23:17:18,747 [INFO] Pobrano 20 wierszy ze strony r=1381.
2025-09-19 23:17:19,396 [INFO] Pobrano 20 wierszy ze strony r=1401.
2025-09-19 23:17:20,095 [INFO] Pobrano 20 wierszy ze strony r=1421.
2025-09-19 23:17:20,955 [INFO] Pobrano 20 wierszy ze strony r=1441.
2025-09-19 23:17:21,586 [INFO] Pobrano 20 wierszy ze strony r=1461.
2025-09-19 23:17:22,261 [INFO] Pobrano 20 wierszy ze strony r=1481.
2025-09-19 23:17:22,920 [INFO] Pobrano 20 wierszy ze strony r=1501.
2025-09-19 23:17:23,593 [INFO] Pobrano 20 wierszy ze strony r=1521.
2025-09-19 23:17:24,242 [INFO] Pobrano 20 wierszy ze strony r=1541.
2025-09-19 23:17:24,906 [INFO] Pobrano 20 wierszy ze strony r=1561.
2025-09-19 23:17:25,645 [INFO] Pobrano 20 wierszy ze strony r=1581.
2025-09-19 23:17:26,338 [INFO] Pobrano 20 wierszy ze strony r=1601.
2025-09-19 23:17:27,000 [INFO] Pobrano 20 wierszy ze strony r=1621.
2025-09-19 23:17:27,649 [INFO] Pobrano 20 wierszy ze strony r=1641.
2025-09-19 23:17:28,306 [INFO] Pobrano 20 wierszy ze strony r=1661.
2025-09-19 23:17:28,953 [INFO] Pobrano 20 wierszy ze strony r=1681.
2025-09-19 23:17:29,618 [INFO] Pobrano 20 wierszy ze strony r=1701.
2025-09-19 23:17:30,253 [INFO] Pobrano 20 wierszy ze strony r=1721.
2025-09-19 23:17:30,972 [INFO] Pobrano 20 wierszy ze strony r=1741.
2025-09-19 23:17:31,673 [INFO] Pobrano 20 wierszy ze strony r=1761.
2025-09-19 23:17:32,344 [INFO] Pobrano 20 wierszy ze strony r=1781.
2025-09-19 23:17:32,983 [INFO] Pobrano 20 wierszy ze strony r=1801.
2025-09-19 23:17:33,678 [INFO] Pobrano 20 wierszy ze strony r=1821.
2025-09-19 23:17:34,348 [INFO] Pobrano 20 wierszy ze strony r=1841.
2025-09-19 23:17:35,039 [INFO] Pobrano 20 wierszy ze strony r=1861.
2025-09-19 23:17:35,838 [INFO] Pobrano 20 wierszy ze strony r=1881.
2025-09-19 23:17:36,689 [INFO] Pobrano 20 wierszy ze strony r=1901.
2025-09-19 23:17:37,470 [INFO] Pobrano 20 wierszy ze strony r=1921.
2025-09-19 23:17:38,170 [INFO] Pobrano 20 wierszy ze strony r=1941.
2025-09-19 23:17:38,853 [INFO] Pobrano 20 wierszy ze strony r=1961.
2025-09-19 23:17:39,527 [INFO] Pobrano 20 wierszy ze strony r=1981.
2025-09-19 23:17:40,231 [INFO] Pobrano 20 wierszy ze strony r=2001.
2025-09-19 23:17:40,931 [INFO] Pobrano 20 wierszy ze strony r=2021.
2025-09-19 23:17:41,733 [INFO] Pobrano 20 wierszy ze strony r=2041.
2025-09-19 23:17:42,411 [INFO] Pobrano 20 wierszy ze strony r=2061.
2025-09-19 23:17:43,089 [INFO] Pobrano 20 wierszy ze strony r=2081.
2025-09-19 23:17:43,790 [INFO] Pobrano 20 wierszy ze strony r=2101.
2025-09-19 23:17:44,476 [INFO] Pobrano 20 wierszy ze strony r=2121.
2025-09-19 23:17:45,170 [INFO] Pobrano 20 wierszy ze strony r=2141.
2025-09-19 23:17:45,873 [INFO] Pobrano 20 wierszy ze strony r=2161.
2025-09-19 23:17:46,687 [INFO] Pobrano 20 wierszy ze strony r=2181.
2025-09-19 23:17:47,431 [INFO] Pobrano 20 wierszy ze strony r=2201.
2025-09-19 23:17:48,131 [INFO] Pobrano 20 wierszy ze strony r=2221.
2025-09-19 23:17:48,819 [INFO] Pobrano 20 wierszy ze strony r=2241.
2025-09-19 23:17:49,576 [INFO] Pobrano 20 wierszy ze strony r=2261.
2025-09-19 23:17:50,365 [INFO] Pobrano 20 wierszy ze strony r=2281.
2025-09-19 23:17:51,117 [INFO] Pobrano 20 wierszy ze strony r=2301.
2025-09-19 23:17:51,930 [INFO] Pobrano 20 wierszy ze strony r=2321.
2025-09-19 23:17:52,693 [INFO] Pobrano 20 wierszy ze strony r=2341.
2025-09-19 23:17:53,485 [INFO] Pobrano 20 wierszy ze strony r=2361.
2025-09-19 23:17:54,259 [INFO] Pobrano 20 wierszy ze strony r=2381.
2025-09-19 23:17:55,043 [INFO] Pobrano 20 wierszy ze strony r=2401.
2025-09-19 23:17:55,840 [INFO] Pobrano 20 wierszy ze strony r=2421.
2025-09-19 23:17:56,597 [INFO] Pobrano 20 wierszy ze strony r=2441.
2025-09-19 23:17:57,326 [INFO] Pobrano 20 wierszy ze strony r=2461.
2025-09-19 23:17:58,133 [INFO] Pobrano 20 wierszy ze strony r=2481.
2025-09-19 23:17:58,836 [INFO] Pobrano 20 wierszy ze strony r=2501.
2025-09-19 23:17:59,494 [INFO] Pobrano 20 wierszy ze strony r=2521.
2025-09-19 23:18:00,183 [INFO] Pobrano 20 wierszy ze strony r=2541.
2025-09-19 23:18:00,920 [INFO] Pobrano 20 wierszy ze strony r=2561.
2025-09-19 23:18:01,601 [INFO] Pobrano 20 wierszy ze strony r=2581.
2025-09-19 23:18:02,289 [INFO] Pobrano 20 wierszy ze strony r=2601.
2025-09-19 23:18:02,969 [INFO] Pobrano 20 wierszy ze strony r=2621.
2025-09-19 23:18:03,723 [INFO] Pobrano 20 wierszy ze strony r=2641.
2025-09-19 23:18:04,416 [INFO] Pobrano 20 wierszy ze strony r=2661.
2025-09-19 23:18:05,163 [INFO] Pobrano 20 wierszy ze strony r=2681.
2025-09-19 23:18:05,991 [INFO] Pobrano 20 wierszy ze strony r=2701.
2025-09-19 23:18:06,680 [INFO] Pobrano 20 wierszy ze strony r=2721.
2025-09-19 23:18:07,552 [INFO] Pobrano 20 wierszy ze strony r=2741.
2025-09-19 23:18:08,243 [INFO] Pobrano 20 wierszy ze strony r=2761.
2025-09-19 23:18:09,044 [INFO] Pobrano 20 wierszy ze strony r=2781.
2025-09-19 23:18:09,747 [INFO] Pobrano 20 wierszy ze strony r=2801.
2025-09-19 23:18:10,432 [INFO] Pobrano 20 wierszy ze strony r=2821.
2025-09-19 23:18:11,190 [INFO] Pobrano 20 wierszy ze strony r=2841.
2025-09-19 23:18:11,888 [INFO] Pobrano 20 wierszy ze strony r=2861.
2025-09-19 23:18:12,580 [INFO] Pobrano 20 wierszy ze strony r=2881.
2025-09-19 23:18:13,228 [INFO] Pobrano 20 wierszy ze strony r=2901.
2025-09-19 23:18:14,047 [INFO] Pobrano 20 wierszy ze strony r=2921.
2025-09-19 23:18:14,950 [INFO] Pobrano 20 wierszy ze strony r=2941.
2025-09-19 23:18:15,619 [INFO] Pobrano 20 wierszy ze strony r=2961.
2025-09-19 23:18:16,350 [INFO] Pobrano 20 wierszy ze strony r=2981.
2025-09-19 23:18:17,074 [INFO] Pobrano 20 wierszy ze strony r=3001.
2025-09-19 23:18:17,812 [INFO] Pobrano 20 wierszy ze strony r=3021.
2025-09-19 23:18:18,552 [INFO] Pobrano 20 wierszy ze strony r=3041.
2025-09-19 23:18:19,269 [INFO] Pobrano 20 wierszy ze strony r=3061.
2025-09-19 23:18:20,086 [INFO] Pobrano 20 wierszy ze strony r=3081.
2025-09-19 23:18:20,853 [INFO] Pobrano 20 wierszy ze strony r=3101.
2025-09-19 23:18:21,671 [INFO] Pobrano 20 wierszy ze strony r=3121.
2025-09-19 23:18:22,447 [INFO] Pobrano 20 wierszy ze strony r=3141.
2025-09-19 23:18:23,173 [INFO] Pobrano 20 wierszy ze strony r=3161.
2025-09-19 23:18:24,064 [INFO] Pobrano 20 wierszy ze strony r=3181.
2025-09-19 23:18:24,858 [INFO] Pobrano 20 wierszy ze strony r=3201.
2025-09-19 23:18:25,623 [INFO] Pobrano 20 wierszy ze strony r=3221.
2025-09-19 23:18:26,443 [INFO] Pobrano 20 wierszy ze strony r=3241.
2025-09-19 23:18:27,220 [INFO] Pobrano 20 wierszy ze strony r=3261.
2025-09-19 23:18:27,960 [INFO] Pobrano 20 wierszy ze strony r=3281.
2025-09-19 23:18:28,693 [INFO] Pobrano 20 wierszy ze strony r=3301.
2025-09-19 23:18:29,460 [INFO] Pobrano 20 wierszy ze strony r=3321.
2025-09-19 23:18:30,156 [INFO] Pobrano 20 wierszy ze strony r=3341.
2025-09-19 23:18:30,850 [INFO] Pobrano 20 wierszy ze strony r=3361.
2025-09-19 23:18:31,588 [INFO] Pobrano 20 wierszy ze strony r=3381.
2025-09-19 23:18:32,304 [INFO] Pobrano 20 wierszy ze strony r=3401.
2025-09-19 23:18:32,988 [INFO] Pobrano 20 wierszy ze strony r=3421.
2025-09-19 23:18:33,657 [INFO] Pobrano 20 wierszy ze strony r=3441.
2025-09-19 23:18:34,333 [INFO] Pobrano 20 wierszy ze strony r=3461.
2025-09-19 23:18:34,989 [INFO] Pobrano 20 wierszy ze strony r=3481.
2025-09-19 23:18:35,674 [INFO] Pobrano 20 wierszy ze strony r=3501.
2025-09-19 23:18:36,408 [INFO] Pobrano 20 wierszy ze strony r=3521.
2025-09-19 23:18:37,244 [INFO] Pobrano 20 wierszy ze strony r=3541.
2025-09-19 23:18:37,978 [INFO] Pobrano 20 wierszy ze strony r=3561.
2025-09-19 23:18:38,694 [INFO] Pobrano 20 wierszy ze strony r=3581.
2025-09-19 23:18:39,364 [INFO] Pobrano 20 wierszy ze strony r=3601.
2025-09-19 23:18:40,091 [INFO] Pobrano 20 wierszy ze strony r=3621.
2025-09-19 23:18:40,789 [INFO] Pobrano 20 wierszy ze strony r=3641.
2025-09-19 23:18:41,461 [INFO] Pobrano 20 wierszy ze strony r=3661.
2025-09-19 23:18:42,230 [INFO] Pobrano 20 wierszy ze strony r=3681.
2025-09-19 23:18:42,894 [INFO] Pobrano 20 wierszy ze strony r=3701.
2025-09-19 23:18:43,580 [INFO] Pobrano 20 wierszy ze strony r=3721.
2025-09-19 23:18:44,285 [INFO] Pobrano 20 wierszy ze strony r=3741.
2025-09-19 23:18:44,978 [INFO] Pobrano 20 wierszy ze strony r=3761.
2025-09-19 23:18:45,684 [INFO] Pobrano 20 wierszy ze strony r=3781.
2025-09-19 23:18:46,360 [INFO] Pobrano 20 wierszy ze strony r=3801.
2025-09-19 23:18:47,056 [INFO] Pobrano 20 wierszy ze strony r=3821.
2025-09-19 23:18:47,819 [INFO] Pobrano 20 wierszy ze strony r=3841.
2025-09-19 23:18:48,464 [INFO] Pobrano 20 wierszy ze strony r=3861.
2025-09-19 23:18:49,153 [INFO] Pobrano 20 wierszy ze strony r=3881.
2025-09-19 23:18:49,863 [INFO] Pobrano 20 wierszy ze strony r=3901.
2025-09-19 23:18:50,580 [INFO] Pobrano 20 wierszy ze strony r=3921.
2025-09-19 23:18:51,231 [INFO] Pobrano 20 wierszy ze strony r=3941.
2025-09-19 23:18:51,928 [INFO] Pobrano 20 wierszy ze strony r=3961.
2025-09-19 23:18:52,705 [INFO] Pobrano 20 wierszy ze strony r=3981.
2025-09-19 23:18:53,434 [INFO] Pobrano 20 wierszy ze strony r=4001.
2025-09-19 23:18:54,147 [INFO] Pobrano 20 wierszy ze strony r=4021.
2025-09-19 23:18:54,843 [INFO] Pobrano 20 wierszy ze strony r=4041.
2025-09-19 23:18:55,523 [INFO] Pobrano 20 wierszy ze strony r=4061.
2025-09-19 23:18:56,199 [INFO] Pobrano 20 wierszy ze strony r=4081.
2025-09-19 23:18:56,919 [INFO] Pobrano 20 wierszy ze strony r=4101.
2025-09-19 23:18:57,610 [INFO] Pobrano 20 wierszy ze strony r=4121.
2025-09-19 23:18:58,405 [INFO] Pobrano 20 wierszy ze strony r=4141.
2025-09-19 23:18:59,095 [INFO] Pobrano 20 wierszy ze strony r=4161.
2025-09-19 23:18:59,762 [INFO] Pobrano 20 wierszy ze strony r=4181.
2025-09-19 23:19:00,471 [INFO] Pobrano 20 wierszy ze strony r=4201.
2025-09-19 23:19:01,143 [INFO] Pobrano 20 wierszy ze strony r=4221.
2025-09-19 23:19:01,864 [INFO] Pobrano 20 wierszy ze strony r=4241.
2025-09-19 23:19:02,545 [INFO] Pobrano 20 wierszy ze strony r=4261.
2025-09-19 23:19:03,351 [INFO] Pobrano 20 wierszy ze strony r=4281.
2025-09-19 23:19:04,026 [INFO] Pobrano 20 wierszy ze strony r=4301.
2025-09-19 23:19:04,714 [INFO] Pobrano 20 wierszy ze strony r=4321.
2025-09-19 23:19:05,401 [INFO] Pobrano 20 wierszy ze strony r=4341.
2025-09-19 23:19:06,066 [INFO] Pobrano 9 wierszy ze strony r=4361.
2025-09-19 23:19:06,736 [INFO] Nie znaleziono więcej wierszy przy r=4381. Kończymy.
2025-09-19 23:19:06,736 [INFO] Skonczono pobieranie danych. Czas trwania: 0:02:35.550892
2025-09-19 23:19:06,809 [INFO] Dane zapisane do C:\Users\admin\PycharmProjects\stock-momentum-screener\src\data\finviz_stocks_20250919.csv
2025-09-22 17:00:59,113 [INFO] Skonczono pobieranie danych. Pobrano 10 spolek.
2025-09-22 17:00:59,114 [INFO] Pobrano 20 wierszy ze strony r=1.
2025-09-22 17:00:59,114 [INFO] Skonczono pobieranie danych. Pobrano 10 spolek.
2025-09-22 17:00:59,114 [INFO] Skonczono pobieranie danych. Czas trwania: 0:00:00.727390
2025-09-22 17:00:59,131 [INFO] Dane zapisane do C:\Users\admin\PycharmProjects\stock-momentum-screener\src\data\finviz_stocks_20250922.csv
2025-09-22 17:00:59,131 [INFO] Pobieram RSS: https://news.google.com/rss/search?q=AAPL+stock&hl=en-US&gl=US&ceid=US:en
2025-09-22 17:00:59,992 [INFO] RSS: znaleziono 100 pozycji dla AAPL
2025-09-22 17:01:00,044 [INFO] Pobieram RSS: https://news.google.com/rss/search?q=MSFT+stock&hl=en-US&gl=US&ceid=US:en
2025-09-22 17:01:01,004 [INFO] RSS: znaleziono 100 pozycji dla MSFT
2025-09-22 17:01:01,021 [INFO] Pobieram RSS: https://news.google.com/rss/search?q=TSLA+stock&hl=en-US&gl=US&ceid=US:en
2025-09-22 17:01:01,952 [INFO] RSS: znaleziono 100 pozycji dla TSLA
2025-09-22 17:01:01,971 [INFO] Pobieram RSS: https://news.google.com/rss/search?q=DLO+stock&hl=en-US&gl=US&ceid=US:en
2025-09-22 17:01:02,982 [INFO] RSS: znaleziono 100 pozycji dla DLO
2025-09-22 17:06:46,303 [INFO] Skonczono pobieranie danych. Pobrano 10 spolek.
2025-09-22 17:06:46,303 [INFO] Pobrano 20 wierszy ze strony r=1.
2025-09-22 17:06:46,304 [INFO] Skonczono pobieranie danych. Pobrano 10 spolek.
2025-09-22 17:06:46,304 [INFO] Skonczono pobieranie danych. Czas trwania: 0:00:00.683063
2025-09-22 17:06:46,315 [INFO] Dane zapisane do C:\Users\admin\PycharmProjects\stock-momentum-screener\src\data\finviz_stocks_20250922.csv
2025-09-22 17:06:46,315 [INFO] Pobieram RSS: https://news.google.com/rss/search?q=AAPL+stock&hl=en-US&gl=US&ceid=US:en
2025-09-22 17:06:46,621 [INFO] RSS: znaleziono 100 pozycji dla AAPL
2025-09-22 17:08:25,343 [INFO] Skonczono pobieranie danych. Pobrano 10 spolek.
2025-09-22 17:08:25,343 [INFO] Pobrano 20 wierszy ze strony r=1.
2025-09-22 17:08:25,344 [INFO] Skonczono pobieranie danych. Pobrano 10 spolek.
2025-09-22 17:08:25,344 [INFO] Skonczono pobieranie danych. Czas trwania: 0:00:00.665832
2025-09-22 17:08:25,355 [INFO] Dane zapisane do C:\Users\admin\PycharmProjects\stock-momentum-screener\src\data\finviz_stocks_20250922.csv
2025-09-22 17:08:25,355 [INFO] Pobieram RSS: https://news.google.com/rss/search?q=AAPL+stock&hl=en-US&gl=US&ceid=US:en
2025-09-22 17:08:26,065 [INFO] RSS: znaleziono 100 pozycji dla AAPL
2025-09-22 17:09:08,679 [INFO] Skonczono pobieranie danych. Pobrano 10 spolek.
2025-09-22 17:09:08,679 [INFO] Pobrano 20 wierszy ze strony r=1.
2025-09-22 17:09:08,679 [INFO] Skonczono pobieranie danych. Pobrano 10 spolek.
2025-09-22 17:09:08,680 [INFO] Skonczono pobieranie danych. Czas trwania: 0:00:00.667035
2025-09-22 17:09:08,691 [INFO] Dane zapisane do C:\Users\admin\PycharmProjects\stock-momentum-screener\src\data\finviz_stocks_20250922.csv
2025-09-22 17:09:08,691 [INFO] Pobieram RSS: https://news.google.com/rss/search?q=AAPL+stock&hl=en-US&gl=US&ceid=US:en
2025-09-22 17:09:08,966 [INFO] RSS: znaleziono 100 pozycji dla AAPL
2025-09-22 17:11:06,545 [INFO] Skonczono pobieranie danych. Pobrano 10 spolek.
2025-09-22 17:11:06,545 [INFO] Pobrano 20 wierszy ze strony r=1.
2025-09-22 17:11:06,545 [INFO] Skonczono pobieranie danych. Pobrano 10 spolek.
2025-09-22 17:11:06,545 [INFO] Skonczono pobieranie danych. Czas trwania: 0:00:00.644873
2025-09-22 17:11:06,557 [INFO] Dane zapisane do C:\Users\admin\PycharmProjects\stock-momentum-screener\src\data\finviz_stocks_20250922.csv
2025-09-22 17:11:06,558 [INFO] Pobieram RSS: https://news.google.com/rss/search?q=AAPL+stock&hl=en-US&gl=US&ceid=US:en
2025-09-22 17:11:07,400 [INFO] RSS: znaleziono 100 pozycji dla AAPL
2025-09-22 17:11:16,540 [INFO] Skonczono pobieranie danych. Pobrano 10 spolek.
2025-09-22 17:11:16,540 [INFO] Pobrano 20 wierszy ze strony r=1.
2025-09-22 17:11:16,540 [INFO] Skonczono pobieranie danych. Pobrano 10 spolek.
2025-09-22 17:11:16,540 [INFO] Skonczono pobieranie danych. Czas trwania: 0:00:00.651195
2025-09-22 17:11:16,552 [INFO] Dane zapisane do C:\Users\admin\PycharmProjects\stock-momentum-screener\src\data\finviz_stocks_20250922.csv
2025-09-22 17:11:16,553 [INFO] Pobieram RSS: https://news.google.com/rss/search?q=AAPL+stock&hl=en-US&gl=US&ceid=US:en
2025-09-22 17:11:16,941 [INFO] RSS: znaleziono 100 pozycji dla AAPL
2025-09-22 17:12:42,491 [INFO] Skonczono pobieranie danych. Pobrano 10 spolek.
2025-09-22 17:12:42,492 [INFO] Pobrano 20 wierszy ze strony r=1.
2025-09-22 17:12:42,492 [INFO] Skonczono pobieranie danych. Pobrano 10 spolek.
2025-09-22 17:12:42,492 [INFO] Skonczono pobieranie danych. Czas trwania: 0:00:00.638937
2025-09-22 17:12:42,504 [INFO] Dane zapisane do C:\Users\admin\PycharmProjects\stock-momentum-screener\src\data\finviz_stocks_20250922.csv
2025-09-22 17:12:42,504 [INFO] Pobieram RSS: https://news.google.com/rss/search?q=AAPL+stock&hl=en-US&gl=US&ceid=US:en
2025-09-22 17:12:42,861 [INFO] RSS: znaleziono 100 pozycji dla AAPL
2025-09-22 18:19:23,886 [INFO] Pobrano 20 wierszy ze strony r=1.
2025-09-22 18:19:24,563 [INFO] Pobrano 20 wierszy ze strony r=21.
2025-09-22 18:19:25,248 [INFO] Pobrano 20 wierszy ze strony r=41.
2025-09-22 18:19:25,896 [INFO] Pobrano 20 wierszy ze strony r=61.
2025-09-22 18:19:26,592 [INFO] Pobrano 20 wierszy ze strony r=81.
2025-09-22 18:19:27,228 [INFO] Pobrano 20 wierszy ze strony r=101.
2025-09-22 18:19:27,879 [INFO] Pobrano 20 wierszy ze strony r=121.
2025-09-22 18:19:28,514 [INFO] Pobrano 20 wierszy ze strony r=141.
2025-09-22 18:19:29,188 [INFO] Pobrano 20 wierszy ze strony r=161.
2025-09-22 18:19:29,824 [INFO] Pobrano 20 wierszy ze strony r=181.
2025-09-22 18:19:30,527 [INFO] Pobrano 20 wierszy ze strony r=201.
2025-09-22 18:19:31,194 [INFO] Pobrano 20 wierszy ze strony r=221.
2025-09-22 18:19:31,893 [INFO] Pobrano 20 wierszy ze strony r=241.
2025-09-22 18:19:32,675 [INFO] Pobrano 20 wierszy ze strony r=261.
2025-09-22 18:19:33,344 [INFO] Pobrano 20 wierszy ze strony r=281.
2025-09-22 18:19:33,956 [INFO] Pobrano 20 wierszy ze strony r=301.
2025-09-22 18:19:34,582 [INFO] Pobrano 20 wierszy ze strony r=321.
2025-09-22 18:19:35,231 [INFO] Pobrano 20 wierszy ze strony r=341.
2025-09-22 18:19:35,939 [INFO] Pobrano 20 wierszy ze strony r=361.
2025-09-22 18:19:36,643 [INFO] Pobrano 20 wierszy ze strony r=381.
2025-09-22 18:19:37,308 [INFO] Pobrano 20 wierszy ze strony r=401.
2025-09-22 18:19:37,991 [INFO] Pobrano 20 wierszy ze strony r=421.
2025-09-22 18:19:38,635 [INFO] Pobrano 20 wierszy ze strony r=441.
2025-09-22 18:19:39,592 [INFO] Pobrano 20 wierszy ze strony r=461.
2025-09-22 18:19:40,375 [INFO] Pobrano 20 wierszy ze strony r=481.
2025-09-22 18:19:41,028 [INFO] Pobrano 20 wierszy ze strony r=501.
2025-09-22 18:19:41,733 [INFO] Pobrano 20 wierszy ze strony r=521.
2025-09-22 18:19:42,426 [INFO] Pobrano 20 wierszy ze strony r=541.
2025-09-22 18:19:43,089 [INFO] Pobrano 20 wierszy ze strony r=561.
2025-09-22 18:19:43,766 [INFO] Pobrano 20 wierszy ze strony r=581.
2025-09-22 18:19:44,480 [INFO] Pobrano 20 wierszy ze strony r=601.
2025-09-22 18:19:45,199 [INFO] Pobrano 20 wierszy ze strony r=621.
2025-09-22 18:19:45,955 [INFO] Pobrano 20 wierszy ze strony r=641.
2025-09-22 18:19:46,739 [INFO] Pobrano 20 wierszy ze strony r=661.
2025-09-22 18:19:47,446 [INFO] Pobrano 20 wierszy ze strony r=681.
2025-09-22 18:19:48,223 [INFO] Pobrano 20 wierszy ze strony r=701.
2025-09-22 18:19:48,908 [INFO] Pobrano 20 wierszy ze strony r=721.
2025-09-22 18:19:49,576 [INFO] Pobrano 20 wierszy ze strony r=741.
2025-09-22 18:19:50,234 [INFO] Pobrano 20 wierszy ze strony r=761.
2025-09-22 18:19:50,908 [INFO] Pobrano 20 wierszy ze strony r=781.
2025-09-22 18:19:51,547 [INFO] Pobrano 20 wierszy ze strony r=801.
2025-09-22 18:19:52,185 [INFO] Pobrano 20 wierszy ze strony r=821.
2025-09-22 18:19:52,881 [INFO] Pobrano 20 wierszy ze strony r=841.
2025-09-22 18:19:53,517 [INFO] Pobrano 20 wierszy ze strony r=861.
2025-09-22 18:19:54,193 [INFO] Pobrano 20 wierszy ze strony r=881.
2025-09-22 18:19:54,852 [INFO] Pobrano 20 wierszy ze strony r=901.
2025-09-22 18:19:55,549 [INFO] Pobrano 20 wierszy ze strony r=921.
2025-09-22 18:19:56,226 [INFO] Pobrano 20 wierszy ze strony r=941.
2025-09-22 18:19:56,846 [INFO] Pobrano 20 wierszy ze strony r=961.
2025-09-22 18:19:57,545 [INFO] Pobrano 20 wierszy ze strony r=981.
2025-09-22 18:19:58,207 [INFO] Pobrano 20 wierszy ze strony r=1001.
2025-09-22 18:19:58,852 [INFO] Pobrano 20 wierszy ze strony r=1021.
2025-09-22 18:19:59,506 [INFO] Pobrano 20 wierszy ze strony r=1041.
2025-09-22 18:20:00,277 [INFO] Pobrano 20 wierszy ze strony r=1061.
2025-09-22 18:20:00,989 [INFO] Pobrano 20 wierszy ze strony r=1081.
2025-09-22 18:20:01,725 [INFO] Pobrano 20 wierszy ze strony r=1101.
2025-09-22 18:20:02,393 [INFO] Pobrano 20 wierszy ze strony r=1121.
2025-09-22 18:20:03,158 [INFO] Pobrano 20 wierszy ze strony r=1141.
2025-09-22 18:20:03,960 [INFO] Pobrano 20 wierszy ze strony r=1161.
2025-09-22 18:20:04,618 [INFO] Pobrano 20 wierszy ze strony r=1181.
2025-09-22 18:20:05,399 [INFO] Pobrano 20 wierszy ze strony r=1201.
2025-09-22 18:20:06,036 [INFO] Pobrano 20 wierszy ze strony r=1221.
2025-09-22 18:20:06,727 [INFO] Pobrano 20 wierszy ze strony r=1241.
2025-09-22 18:20:07,434 [INFO] Pobrano 20 wierszy ze strony r=1261.
2025-09-22 18:20:08,337 [INFO] Pobrano 20 wierszy ze strony r=1281.
2025-09-22 18:20:09,020 [INFO] Pobrano 20 wierszy ze strony r=1301.
2025-09-22 18:20:09,737 [INFO] Pobrano 20 wierszy ze strony r=1321.
2025-09-22 18:20:10,417 [INFO] Pobrano 20 wierszy ze strony r=1341.
2025-09-22 18:20:11,146 [INFO] Pobrano 20 wierszy ze strony r=1361.
2025-09-22 18:20:11,833 [INFO] Pobrano 20 wierszy ze strony r=1381.
2025-09-22 18:20:12,509 [INFO] Pobrano 20 wierszy ze strony r=1401.
2025-09-22 18:20:13,131 [INFO] Pobrano 20 wierszy ze strony r=1421.
2025-09-22 18:20:14,029 [INFO] Pobrano 20 wierszy ze strony r=1441.
2025-09-22 18:20:14,699 [INFO] Pobrano 20 wierszy ze strony r=1461.
2025-09-22 18:20:15,492 [INFO] Pobrano 20 wierszy ze strony r=1481.
2025-09-22 18:20:16,330 [INFO] Pobrano 20 wierszy ze strony r=1501.
2025-09-22 18:20:17,041 [INFO] Pobrano 20 wierszy ze strony r=1521.
2025-09-22 18:20:17,719 [INFO] Pobrano 20 wierszy ze strony r=1541.
2025-09-22 18:20:18,421 [INFO] Pobrano 20 wierszy ze strony r=1561.
2025-09-22 18:20:19,228 [INFO] Pobrano 20 wierszy ze strony r=1581.
2025-09-22 18:20:19,946 [INFO] Pobrano 20 wierszy ze strony r=1601.
2025-09-22 18:20:20,673 [INFO] Pobrano 20 wierszy ze strony r=1621.
2025-09-22 18:20:21,437 [INFO] Pobrano 20 wierszy ze strony r=1641.
2025-09-22 18:20:22,213 [INFO] Pobrano 20 wierszy ze strony r=1661.
2025-09-22 18:20:22,939 [INFO] Pobrano 20 wierszy ze strony r=1681.
2025-09-22 18:20:23,625 [INFO] Pobrano 20 wierszy ze strony r=1701.
2025-09-22 18:20:24,524 [INFO] Pobrano 20 wierszy ze strony r=1721.
2025-09-22 18:20:25,296 [INFO] Pobrano 20 wierszy ze strony r=1741.
2025-09-22 18:20:25,951 [INFO] Pobrano 20 wierszy ze strony r=1761.
2025-09-22 18:20:26,607 [INFO] Pobrano 20 wierszy ze strony r=1781.
2025-09-22 18:20:27,332 [INFO] Pobrano 20 wierszy ze strony r=1801.
2025-09-22 18:20:27,997 [INFO] Pobrano 20 wierszy ze strony r=1821.
2025-09-22 18:20:28,745 [INFO] Pobrano 20 wierszy ze strony r=1841.
2025-09-22 18:20:29,424 [INFO] Pobrano 20 wierszy ze strony r=1861.
2025-09-22 18:20:30,443 [INFO] Pobrano 20 wierszy ze strony r=1881.
2025-09-22 18:20:31,329 [INFO] Pobrano 20 wierszy ze strony r=1901.
2025-09-22 18:20:32,227 [INFO] Pobrano 20 wierszy ze strony r=1921.
2025-09-22 18:20:33,080 [INFO] Pobrano 20 wierszy ze strony r=1941.
2025-09-22 18:20:33,914 [INFO] Pobrano 20 wierszy ze strony r=1961.
2025-09-22 18:20:34,852 [INFO] Pobrano 20 wierszy ze strony r=1981.
2025-09-22 18:20:35,846 [INFO] Pobrano 20 wierszy ze strony r=2001.
2025-09-22 18:20:36,855 [INFO] Pobrano 20 wierszy ze strony r=2021.
2025-09-22 18:20:37,717 [INFO] Pobrano 20 wierszy ze strony r=2041.
2025-09-22 18:20:38,532 [INFO] Pobrano 20 wierszy ze strony r=2061.
2025-09-22 18:20:39,229 [INFO] Pobrano 20 wierszy ze strony r=2081.
2025-09-22 18:20:40,052 [INFO] Pobrano 20 wierszy ze strony r=2101.
2025-09-22 18:20:41,017 [INFO] Pobrano 20 wierszy ze strony r=2121.
2025-09-22 18:20:41,735 [INFO] Pobrano 20 wierszy ze strony r=2141.
2025-09-22 18:20:42,412 [INFO] Pobrano 20 wierszy ze strony r=2161.
2025-09-22 18:20:43,197 [INFO] Pobrano 20 wierszy ze strony r=2181.
2025-09-22 18:20:43,927 [INFO] Pobrano 20 wierszy ze strony r=2201.
2025-09-22 18:20:44,594 [INFO] Pobrano 20 wierszy ze strony r=2221.
2025-09-22 18:20:45,275 [INFO] Pobrano 20 wierszy ze strony r=2241.
2025-09-22 18:20:46,033 [INFO] Pobrano 20 wierszy ze strony r=2261.
2025-09-22 18:20:46,961 [INFO] Pobrano 20 wierszy ze strony r=2281.
2025-09-22 18:20:47,667 [INFO] Pobrano 20 wierszy ze strony r=2301.
2025-09-22 18:20:48,332 [INFO] Pobrano 20 wierszy ze strony r=2321.
2025-09-22 18:20:49,068 [INFO] Pobrano 20 wierszy ze strony r=2341.
2025-09-22 18:20:49,740 [INFO] Pobrano 20 wierszy ze strony r=2361.
2025-09-22 18:20:50,442 [INFO] Pobrano 20 wierszy ze strony r=2381.
2025-09-22 18:20:51,073 [INFO] Pobrano 20 wierszy ze strony r=2401.
2025-09-22 18:20:51,709 [INFO] Pobrano 20 wierszy ze strony r=2421.
2025-09-22 18:20:52,355 [INFO] Pobrano 20 wierszy ze strony r=2441.
2025-09-22 18:20:53,077 [INFO] Pobrano 20 wierszy ze strony r=2461.
2025-09-22 18:20:53,821 [INFO] Pobrano 20 wierszy ze strony r=2481.
2025-09-22 18:20:54,499 [INFO] Pobrano 20 wierszy ze strony r=2501.
2025-09-22 18:20:55,195 [INFO] Pobrano 20 wierszy ze strony r=2521.
2025-09-22 18:20:55,910 [INFO] Pobrano 20 wierszy ze strony r=2541.
2025-09-22 18:20:56,591 [INFO] Pobrano 20 wierszy ze strony r=2561.
2025-09-22 18:20:57,392 [INFO] Pobrano 20 wierszy ze strony r=2581.
2025-09-22 18:20:58,037 [INFO] Pobrano 20 wierszy ze strony r=2601.
2025-09-22 18:20:58,852 [INFO] Pobrano 20 wierszy ze strony r=2621.
2025-09-22 18:20:59,650 [INFO] Pobrano 20 wierszy ze strony r=2641.
2025-09-22 18:21:00,355 [INFO] Pobrano 20 wierszy ze strony r=2661.
2025-09-22 18:21:01,178 [INFO] Pobrano 20 wierszy ze strony r=2681.
2025-09-22 18:21:01,946 [INFO] Pobrano 20 wierszy ze strony r=2701.
2025-09-22 18:21:02,706 [INFO] Pobrano 20 wierszy ze strony r=2721.
2025-09-22 18:21:03,389 [INFO] Pobrano 20 wierszy ze strony r=2741.
2025-09-22 18:21:04,040 [INFO] Pobrano 20 wierszy ze strony r=2761.
2025-09-22 18:21:04,801 [INFO] Pobrano 20 wierszy ze strony r=2781.
2025-09-22 18:21:05,487 [INFO] Pobrano 20 wierszy ze strony r=2801.
2025-09-22 18:21:06,170 [INFO] Pobrano 20 wierszy ze strony r=2821.
2025-09-22 18:21:06,887 [INFO] Pobrano 20 wierszy ze strony r=2841.
2025-09-22 18:21:07,821 [INFO] Pobrano 20 wierszy ze strony r=2861.
2025-09-22 18:21:08,930 [INFO] Pobrano 20 wierszy ze strony r=2881.
2025-09-22 18:21:09,587 [INFO] Pobrano 20 wierszy ze strony r=2901.
2025-09-22 18:21:10,323 [INFO] Pobrano 20 wierszy ze strony r=2921.
2025-09-22 18:21:11,105 [INFO] Pobrano 20 wierszy ze strony r=2941.
2025-09-22 18:21:11,806 [INFO] Pobrano 20 wierszy ze strony r=2961.
2025-09-22 18:21:12,444 [INFO] Pobrano 20 wierszy ze strony r=2981.
2025-09-22 18:21:13,104 [INFO] Pobrano 20 wierszy ze strony r=3001.
2025-09-22 18:21:13,749 [INFO] Pobrano 20 wierszy ze strony r=3021.
2025-09-22 18:21:14,394 [INFO] Pobrano 20 wierszy ze strony r=3041.
2025-09-22 18:21:15,102 [INFO] Pobrano 20 wierszy ze strony r=3061.
2025-09-22 18:21:15,834 [INFO] Pobrano 20 wierszy ze strony r=3081.
2025-09-22 18:21:16,521 [INFO] Pobrano 20 wierszy ze strony r=3101.
2025-09-22 18:21:17,198 [INFO] Pobrano 20 wierszy ze strony r=3121.
2025-09-22 18:21:17,866 [INFO] Pobrano 20 wierszy ze strony r=3141.
2025-09-22 18:21:18,536 [INFO] Pobrano 20 wierszy ze strony r=3161.
2025-09-22 18:21:19,691 [INFO] Pobrano 20 wierszy ze strony r=3181.
2025-09-22 18:21:20,533 [INFO] Pobrano 20 wierszy ze strony r=3201.
2025-09-22 18:21:21,284 [INFO] Pobrano 20 wierszy ze strony r=3221.
2025-09-22 18:21:22,066 [INFO] Pobrano 20 wierszy ze strony r=3241.
2025-09-22 18:21:22,722 [INFO] Pobrano 20 wierszy ze strony r=3261.
2025-09-22 18:21:23,367 [INFO] Pobrano 20 wierszy ze strony r=3281.
2025-09-22 18:21:24,006 [INFO] Pobrano 20 wierszy ze strony r=3301.
2025-09-22 18:21:24,669 [INFO] Pobrano 20 wierszy ze strony r=3321.
2025-09-22 18:21:25,338 [INFO] Pobrano 20 wierszy ze strony r=3341.
2025-09-22 18:21:26,001 [INFO] Pobrano 20 wierszy ze strony r=3361.
2025-09-22 18:21:26,819 [INFO] Pobrano 20 wierszy ze strony r=3381.
2025-09-22 18:21:27,474 [INFO] Pobrano 20 wierszy ze strony r=3401.
2025-09-22 18:21:28,118 [INFO] Pobrano 20 wierszy ze strony r=3421.
2025-09-22 18:21:28,788 [INFO] Pobrano 20 wierszy ze strony r=3441.
2025-09-22 18:21:29,516 [INFO] Pobrano 20 wierszy ze strony r=3461.
2025-09-22 18:21:30,209 [INFO] Pobrano 20 wierszy ze strony r=3481.
2025-09-22 18:21:30,882 [INFO] Pobrano 20 wierszy ze strony r=3501.
2025-09-22 18:21:31,618 [INFO] Pobrano 20 wierszy ze strony r=3521.
2025-09-22 18:21:32,449 [INFO] Pobrano 20 wierszy ze strony r=3541.
2025-09-22 18:21:33,090 [INFO] Pobrano 20 wierszy ze strony r=3561.
2025-09-22 18:21:33,739 [INFO] Pobrano 20 wierszy ze strony r=3581.
2025-09-22 18:21:34,402 [INFO] Pobrano 20 wierszy ze strony r=3601.
2025-09-22 18:21:35,121 [INFO] Pobrano 20 wierszy ze strony r=3621.
2025-09-22 18:21:35,794 [INFO] Pobrano 20 wierszy ze strony r=3641.
2025-09-22 18:21:36,506 [INFO] Pobrano 20 wierszy ze strony r=3661.
2025-09-22 18:21:37,354 [INFO] Pobrano 20 wierszy ze strony r=3681.
2025-09-22 18:21:38,271 [INFO] Pobrano 20 wierszy ze strony r=3701.
2025-09-22 18:21:38,925 [INFO] Pobrano 20 wierszy ze strony r=3721.
2025-09-22 18:21:39,794 [INFO] Pobrano 20 wierszy ze strony r=3741.
2025-09-22 18:21:40,437 [INFO] Pobrano 20 wierszy ze strony r=3761.
2025-09-22 18:21:41,177 [INFO] Pobrano 20 wierszy ze strony r=3781.
2025-09-22 18:21:41,939 [INFO] Pobrano 20 wierszy ze strony r=3801.
2025-09-22 18:21:42,637 [INFO] Pobrano 20 wierszy ze strony r=3821.
2025-09-22 18:21:43,487 [INFO] Pobrano 20 wierszy ze strony r=3841.
2025-09-22 18:21:44,128 [INFO] Pobrano 20 wierszy ze strony r=3861.
2025-09-22 18:21:44,805 [INFO] Pobrano 20 wierszy ze strony r=3881.
2025-09-22 18:21:45,471 [INFO] Pobrano 20 wierszy ze strony r=3901.
2025-09-22 18:21:46,097 [INFO] Pobrano 20 wierszy ze strony r=3921.
2025-09-22 18:21:46,755 [INFO] Pobrano 20 wierszy ze strony r=3941.
2025-09-22 18:21:47,411 [INFO] Pobrano 20 wierszy ze strony r=3961.
2025-09-22 18:21:48,120 [INFO] Pobrano 20 wierszy ze strony r=3981.
2025-09-22 18:21:48,762 [INFO] Pobrano 20 wierszy ze strony r=4001.
2025-09-22 18:21:49,407 [INFO] Pobrano 20 wierszy ze strony r=4021.
2025-09-22 18:21:50,150 [INFO] Pobrano 20 wierszy ze strony r=4041.
2025-09-22 18:21:50,793 [INFO] Pobrano 20 wierszy ze strony r=4061.
2025-09-22 18:21:51,430 [INFO] Pobrano 20 wierszy ze strony r=4081.
2025-09-22 18:21:52,092 [INFO] Pobrano 20 wierszy ze strony r=4101.
2025-09-22 18:21:52,766 [INFO] Pobrano 20 wierszy ze strony r=4121.
2025-09-22 18:21:53,493 [INFO] Pobrano 20 wierszy ze strony r=4141.
2025-09-22 18:21:54,152 [INFO] Pobrano 20 wierszy ze strony r=4161.
2025-09-22 18:21:54,818 [INFO] Pobrano 20 wierszy ze strony r=4181.
2025-09-22 18:21:55,476 [INFO] Pobrano 20 wierszy ze strony r=4201.
2025-09-22 18:21:56,147 [INFO] Pobrano 20 wierszy ze strony r=4221.
2025-09-22 18:21:56,954 [INFO] Pobrano 20 wierszy ze strony r=4241.
2025-09-22 18:21:58,032 [INFO] Pobrano 20 wierszy ze strony r=4261.
2025-09-22 18:21:58,982 [INFO] Pobrano 20 wierszy ze strony r=4281.
2025-09-22 18:21:59,915 [INFO] Pobrano 20 wierszy ze strony r=4301.
2025-09-22 18:22:00,606 [INFO] Pobrano 20 wierszy ze strony r=4321.
2025-09-22 18:22:01,581 [INFO] Pobrano 20 wierszy ze strony r=4341.
2025-09-22 18:22:02,735 [INFO] Pobrano 11 wierszy ze strony r=4361.
2025-09-22 18:22:03,409 [INFO] Nie znaleziono więcej wierszy przy r=4381. Kończymy.
2025-09-22 18:22:03,409 [INFO] Skonczono pobieranie danych. Czas trwania: 0:02:40.465203
2025-09-22 18:22:03,679 [INFO] Dane zapisane do C:\Users\admin\PycharmProjects\stock-momentum-screener\app\data\finviz_stocks_20250922.csv
2025-09-22 18:25:27,995 [INFO] Skonczono pobieranie danych. Pobrano 10 spolek.
2025-09-22 18:25:27,995 [INFO] Pobrano 20 wierszy ze strony r=1.
2025-09-22 18:25:27,995 [INFO] Skonczono pobieranie danych. Pobrano 10 spolek.
2025-09-22 18:25:27,995 [INFO] Skonczono pobieranie danych. Czas trwania: 0:00:00.709726
2025-09-22 18:25:28,031 [INFO] Dane zapisane do C:\Users\admin\PycharmProjects\stock-momentum-screener\app\data\finviz_stocks_20250922.csv
2025-09-22 18:27:05,284 [INFO] Skonczono pobieranie danych. Pobrano 10 spolek.
2025-09-22 18:27:05,284 [INFO] Pobrano 20 wierszy ze strony r=1.
2025-09-22 18:27:05,284 [INFO] Skonczono pobieranie danych. Pobrano 10 spolek.
2025-09-22 18:27:05,284 [INFO] Skonczono pobieranie danych. Czas trwania: 0:00:00.806643
2025-09-22 18:27:05,314 [INFO] Dane zapisane do C:\Users\admin\PycharmProjects\stock-momentum-screener\app\data\finviz_stocks_20250922.csv
2025-09-22 18:28:01,658 [INFO] Skonczono pobieranie danych. Pobrano 10 spolek.
2025-09-22 18:28:01,658 [INFO] Pobrano 20 wierszy ze strony r=1.
2025-09-22 18:28:01,658 [INFO] Skonczono pobieranie danych. Pobrano 10 spolek.
2025-09-22 18:28:01,658 [INFO] Skonczono pobieranie danych. Czas trwania: 0:00:00.814753
2025-09-22 18:28:01,689 [INFO] Dane zapisane do C:\Users\admin\PycharmProjects\stock-momentum-screener\app\data\finviz_stocks_20250922.csv
2025-09-22 18:30:50,378 [INFO] Skonczono pobieranie danych. Pobrano 10 spolek.
2025-09-22 18:30:50,378 [INFO] Pobrano 20 wierszy ze strony r=1.
2025-09-22 18:30:50,378 [INFO] Skonczono pobieranie danych. Pobrano 10 spolek.
2025-09-22 18:30:50,378 [INFO] Skonczono pobieranie danych. Czas trwania: 0:00:00.689243
2025-09-22 18:30:50,410 [INFO] Dane zapisane do C:\Users\admin\PycharmProjects\stock-momentum-screener\app\data\finviz_stocks_20250922.csv
2025-09-22 18:31:06,844 [INFO] Skonczono pobieranie danych. Pobrano 10 spolek.
2025-09-22 18:31:06,845 [INFO] Pobrano 20 wierszy ze strony r=1.
2025-09-22 18:31:06,845 [INFO] Skonczono pobieranie danych. Pobrano 10 spolek.
2025-09-22 18:31:06,845 [INFO] Skonczono pobieranie danych. Czas trwania: 0:00:01.034284
2025-09-22 18:31:06,876 [INFO] Dane zapisane do C:\Users\admin\PycharmProjects\stock-momentum-screener\app\data\finviz_stocks_20250922.csv
2025-09-22 18:36:23,240 [INFO] Skonczono pobieranie danych. Pobrano 10 spolek.
2025-09-22 18:36:23,240 [INFO] Pobrano 20 wierszy ze strony r=1.
2025-09-22 18:36:23,240 [INFO] Skonczono pobieranie danych. Pobrano 10 spolek.
2025-09-22 18:36:23,240 [INFO] Skonczono pobieranie danych. Czas trwania: 0:00:00.699723
2025-09-22 18:36:23,273 [INFO] Dane zapisane do C:\Users\admin\PycharmProjects\stock-momentum-screener\app\data\finviz_stocks_20250922.csv
2025-09-22 18:50:47,376 [INFO] Skonczono pobieranie danych. Pobrano 10 spolek.
2025-09-22 18:50:47,376 [INFO] Pobrano 20 wierszy ze strony r=1.
2025-09-22 18:50:47,376 [INFO] Skonczono pobieranie danych. Pobrano 10 spolek.
2025-09-22 18:50:47,376 [INFO] Skonczono pobieranie danych. Czas trwania: 0:00:00.687333
2025-09-22 18:50:47,408 [INFO] Dane zapisane do C:\Users\admin\PycharmProjects\stock-momentum-screener\app\data\finviz_stocks_20250922.csv
2025-09-22 18:50:57,735 [INFO] Skonczono pobieranie danych. Pobrano 10 spolek.
2025-09-22 18:50:57,735 [INFO] Pobrano 20 wierszy ze strony r=1.
2025-09-22 18:50:57,736 [INFO] Skonczono pobieranie danych. Pobrano 10 spolek.
2025-09-22 18:50:57,736 [INFO] Skonczono pobieranie danych. Czas trwania: 0:00:00.689568
2025-09-22 18:50:57,767 [INFO] Dane zapisane do C:\Users\admin\PycharmProjects\stock-momentum-screener\app\data\finviz_stocks_20250922.csv
2025-09-22 19:49:03,939 [INFO] Pobrano 50 spółek. Czas: 0:00:02.642870
2025-09-22 19:49:04,004 [INFO] Dane zapisane do C:\Users\admin\PycharmProjects\stock-momentum-screener\app\data\finviz_stocks_20250922.csv
2025-09-22 19:49:53,994 [INFO] Pobrano 50 spółek. Czas: 0:00:02.506205
2025-09-22 19:49:54,007 [INFO] Dane zapisane do C:\Users\admin\PycharmProjects\stock-momentum-screener\app\data\finviz_stocks_20250922.csv
2025-09-22 19:50:02,295 [INFO] Pobrano 10 spółek. Czas: 0:00:00.907315
2025-09-22 19:50:02,308 [INFO] Dane zapisane do C:\Users\admin\PycharmProjects\stock-momentum-screener\app\data\finviz_stocks_20250922.csv
2025-09-22 19:51:02,925 [INFO] Pobrano 50 spółek. Czas: 0:00:02.371422
2025-09-22 19:51:02,936 [INFO] Dane zapisane do C:\Users\admin\PycharmProjects\stock-momentum-screener\app\data\finviz_stocks_20250922.csv
2025-09-22 20:01:01,758 [INFO] Pobrano 10434 spółek. Czas: 0:07:39.700482
2025-09-22 20:01:02,324 [INFO] Dane zapisane do C:\Users\admin\PycharmProjects\stock-momentum-screener\app\data\finviz_stocks_20250922.csv
