2025-10-02 22:14:12,148 [INFO] Start
2025-10-02 22:14:12,260 [INFO] Tabela stocks_predictions OK
2025-10-02 22:14:12,260 [INFO] Wczytujê stocks_data z Postgresa...
2025-10-02 22:14:12,293 [INFO] Pobrano 200 rekordów (2 dni)
2025-10-02 22:14:12,293 [DEBUG] Kolumny: ['ticker', 'company', 'sector', 'industry', 'country', 'market_cap', 'p_e', 'eps_next_5y', 'perf_week', 'perf_month', 'fifty_two_week_high', 'fifty_two_week_low', 'rel_volume', 'volume', 'price', 'change', 'import_date', 'created_at']
2025-10-02 22:14:12,297 [INFO] Przetwarzam 2 dni: [datetime.date(2025, 10, 1), datetime.date(2025, 10, 2)]
2025-10-02 22:14:12,298 [INFO] Przetwarzanie dnia 2025-10-01 (next=2025-10-02)
2025-10-02 22:14:12,332 [INFO] 2025-10-01: 26 tickerów z sentymentem (z okna 7 dni)
2025-10-02 22:14:12,344 [DEBUG] Przyk³adowe wiersze 2025-10-01: [{'ticker': 'A', 'company': 'Agilent Technologies Inc', 'sector': 'Healthcare', 'industry': 'Diagnostics & Research', 'country': 'USA', 'market_cap': 35080000000.0, 'p_e': 29.02, 'eps_next_5y': None, 'perf_week': None, 'perf_month': None, 'fifty_two_week_high': None, 'fifty_two_week_low': None, 'rel_volume': nan, 'volume': 1479340, 'price': 123.75, 'change': 0.29, 'import_date': datetime.date(2025, 10, 1), 'created_at': Timestamp('2025-10-01 22:24:12.658074'), 'price_next': 138.05, 'future_pct': 11.555555555555564, 'high_potential': 1, 'avg_sentiment': 0.11898815789473685, 'count': 76.0, 'market_cap_log': 24.2808970044789, 'volume_log': 14.207107276307784}, {'ticker': 'AA', 'company': 'Alcoa Corp', 'sector': 'Basic Materials', 'industry': 'Aluminum', 'country': 'USA', 'market_cap': 8760000000.0, 'p_e': 8.68, 'eps_next_5y': None, 'perf_week': None, 'perf_month': None, 'fifty_two_week_high': None, 'fifty_two_week_low': None, 'rel_volume': nan, 'volume': 7457520, 'price': 33.85, 'change': 3.49, 'import_date': datetime.date(2025, 10, 1), 'created_at': Timestamp('2025-10-01 22:24:12.658074'), 'price_next': 34.23, 'future_pct': 1.1225997045790117, 'high_potential': 0, 'avg_sentiment': 0.3058818181818182, 'count': 44.0, 'market_cap_log': 22.893461742008867, 'volume_log': 15.824733611324167}, {'ticker': 'AACB', 'company': 'Artius II Acquisition Inc', 'sector': 'Financial', 'industry': 'Shell Companies', 'country': 'USA', 'market_cap': 295580000.0, 'p_e': 0.0, 'eps_next_5y': None, 'perf_week': None, 'perf_month': None, 'fifty_two_week_high': None, 'fifty_two_week_low': None, 'rel_volume': nan, 'volume': 106, 'price': 10.14, 'change': -0.39, 'import_date': datetime.date(2025, 10, 1), 'created_at': Timestamp('2025-10-01 22:24:12.658074'), 'price_next': 10.18, 'future_pct': 0.3944773175542322, 'high_potential': 0, 'avg_sentiment': 0.18833235294117645, 'count': 34.0, 'market_cap_log': 19.50445008913388, 'volume_log': 4.672828834461906}]
2025-10-02 22:14:12,898 [INFO] 2025-10-01 classification report:
              precision    recall  f1-score   support

           0       0.83      1.00      0.91        10
           1       1.00      0.50      0.67         4

    accuracy                           0.86        14
   macro avg       0.92      0.75      0.79        14
weighted avg       0.88      0.86      0.84        14

2025-10-02 22:14:12,919 [INFO] Top tickery 2025-10-01: ['ABCL', 'ABTC', 'ABBV', 'ABOS', 'AAOI', 'A', 'ABVE', 'ABSI', 'AAPG', 'ABR']
2025-10-02 22:14:12,930 [DEBUG] Zapisano CSV: outputs\top_stocks_predictions_2025-10-01.csv
2025-10-02 22:14:12,958 [DEBUG] Zapisano do DB dla 2025-10-01
2025-10-02 22:14:12,958 [INFO] Przetwarzanie dnia 2025-10-02 (next=None)
2025-10-02 22:14:12,959 [INFO] Brak next_day dla 2025-10-02 — label na podstawie same-day change
2025-10-02 22:14:12,978 [INFO] 2025-10-02: 26 tickerów z sentymentem (z okna 7 dni)
2025-10-02 22:14:12,984 [DEBUG] Przyk³adowe wiersze 2025-10-02: [{'ticker': 'A', 'company': 'Agilent Technologies Inc', 'sector': 'Healthcare', 'industry': 'Diagnostics & Research', 'country': 'USA', 'market_cap': 39140000000.0, 'p_e': 32.37, 'eps_next_5y': None, 'perf_week': None, 'perf_month': None, 'fifty_two_week_high': None, 'fifty_two_week_low': None, 'rel_volume': nan, 'volume': 811374, 'price': 138.05, 'change': -0.38, 'import_date': datetime.date(2025, 10, 2), 'created_at': Timestamp('2025-10-02 17:23:47.476824'), 'high_potential': 0, 'avg_sentiment': 0.15287536231884058, 'count': 69.0, 'market_cap_log': 24.39041079893989, 'volume_log': 13.60648561833577}, {'ticker': 'AA', 'company': 'Alcoa Corp', 'sector': 'Basic Materials', 'industry': 'Aluminum', 'country': 'USA', 'market_cap': 8860000000.0, 'p_e': 8.78, 'eps_next_5y': None, 'perf_week': None, 'perf_month': None, 'fifty_two_week_high': None, 'fifty_two_week_low': None, 'rel_volume': nan, 'volume': 2534887, 'price': 34.23, 'change': 1.13, 'import_date': datetime.date(2025, 10, 2), 'created_at': Timestamp('2025-10-02 17:23:47.476824'), 'high_potential': 0, 'avg_sentiment': 0.31137441860465115, 'count': 43.0, 'market_cap_log': 22.904812601676266, 'volume_log': 14.745660012571825}, {'ticker': 'AACB', 'company': 'Artius II Acquisition Inc', 'sector': 'Financial', 'industry': 'Shell Companies', 'country': 'USA', 'market_cap': 296750000.0, 'p_e': 0.0, 'eps_next_5y': None, 'perf_week': None, 'perf_month': None, 'fifty_two_week_high': None, 'fifty_two_week_low': None, 'rel_volume': nan, 'volume': 11, 'price': 10.18, 'change': 0.01, 'import_date': datetime.date(2025, 10, 2), 'created_at': Timestamp('2025-10-02 17:23:47.476824'), 'high_potential': 0, 'avg_sentiment': 0.175396875, 'count': 32.0, 'market_cap_log': 19.508400594823893, 'volume_log': 2.4849066497880004}]
2025-10-02 22:14:13,497 [INFO] 2025-10-02 classification report:
              precision    recall  f1-score   support

           0       0.92      1.00      0.96        12
           1       1.00      0.50      0.67         2

    accuracy                           0.93        14
   macro avg       0.96      0.75      0.81        14
weighted avg       0.93      0.93      0.92        14

2025-10-02 22:14:13,519 [INFO] Top tickery 2025-10-02: ['ABVE', 'ABSI', 'AAME', 'ACHC', 'AACG', 'ACHR', 'ACIU', 'ABEV', 'ACHV', 'ABOS']
2025-10-02 22:14:13,523 [DEBUG] Zapisano CSV: outputs\top_stocks_predictions_2025-10-02.csv
2025-10-02 22:14:13,532 [DEBUG] Zapisano do DB dla 2025-10-02
2025-10-02 22:14:13,536 [INFO] Zapisano zbiorcze CSV: outputs\top_stocks_predictions_all_days.csv
2025-10-02 22:14:13,537 [INFO] Koniec
